        -:    0:Source:/home/ahussein/.conan/data/fmt/8.1.1/_/_/package/4e043b46e52cbedd19a1d7cc9bb409b6f47f9cde/include/fmt/core.h
        -:    0:Graph:/home/ahussein/Documents/Sourcetrail/build/Coverage/GNU/src/console/CMakeFiles/SourcetrailConsole.dir/main.cpp.gcno
        -:    0:Data:/home/ahussein/Documents/Sourcetrail/build/Coverage/GNU/src/console/CMakeFiles/SourcetrailConsole.dir/main.cpp.gcda
        -:    0:Runs:0
        -:    1:// Formatting library for C++ - the core API for char/UTF-8
        -:    2://
        -:    3:// Copyright (c) 2012 - present, Victor Zverovich
        -:    4:// All rights reserved.
        -:    5://
        -:    6:// For the license information refer to format.h.
        -:    7:
        -:    8:#ifndef FMT_CORE_H_
        -:    9:#define FMT_CORE_H_
        -:   10:
        -:   11:#include <cstddef>  // std::byte
        -:   12:#include <cstdio>   // std::FILE
        -:   13:#include <cstring>
        -:   14:#include <iterator>
        -:   15:#include <limits>
        -:   16:#include <string>
        -:   17:#include <type_traits>
        -:   18:
        -:   19:// The fmt library version in the form major * 10000 + minor * 100 + patch.
        -:   20:#define FMT_VERSION 80101
        -:   21:
        -:   22:#if defined(__clang__) && !defined(__ibmxl__)
        -:   23:#  define FMT_CLANG_VERSION (__clang_major__ * 100 + __clang_minor__)
        -:   24:#else
        -:   25:#  define FMT_CLANG_VERSION 0
        -:   26:#endif
        -:   27:
        -:   28:#if defined(__GNUC__) && !defined(__clang__) && !defined(__INTEL_COMPILER) && \
        -:   29:    !defined(__NVCOMPILER)
        -:   30:#  define FMT_GCC_VERSION (__GNUC__ * 100 + __GNUC_MINOR__)
        -:   31:#else
        -:   32:#  define FMT_GCC_VERSION 0
        -:   33:#endif
        -:   34:
        -:   35:#ifndef FMT_GCC_PRAGMA
        -:   36:// Workaround _Pragma bug https://gcc.gnu.org/bugzilla/show_bug.cgi?id=59884.
        -:   37:#  if FMT_GCC_VERSION >= 504
        -:   38:#    define FMT_GCC_PRAGMA(arg) _Pragma(arg)
        -:   39:#  else
        -:   40:#    define FMT_GCC_PRAGMA(arg)
        -:   41:#  endif
        -:   42:#endif
        -:   43:
        -:   44:#ifdef __ICL
        -:   45:#  define FMT_ICC_VERSION __ICL
        -:   46:#elif defined(__INTEL_COMPILER)
        -:   47:#  define FMT_ICC_VERSION __INTEL_COMPILER
        -:   48:#else
        -:   49:#  define FMT_ICC_VERSION 0
        -:   50:#endif
        -:   51:
        -:   52:#ifdef __NVCC__
        -:   53:#  define FMT_NVCC __NVCC__
        -:   54:#else
        -:   55:#  define FMT_NVCC 0
        -:   56:#endif
        -:   57:
        -:   58:#ifdef _MSC_VER
        -:   59:#  define FMT_MSC_VER _MSC_VER
        -:   60:#  define FMT_MSC_WARNING(...) __pragma(warning(__VA_ARGS__))
        -:   61:#else
        -:   62:#  define FMT_MSC_VER 0
        -:   63:#  define FMT_MSC_WARNING(...)
        -:   64:#endif
        -:   65:
        -:   66:#ifdef __has_feature
        -:   67:#  define FMT_HAS_FEATURE(x) __has_feature(x)
        -:   68:#else
        -:   69:#  define FMT_HAS_FEATURE(x) 0
        -:   70:#endif
        -:   71:
        -:   72:#if defined(__has_include) &&                             \
        -:   73:    (!defined(__INTELLISENSE__) || FMT_MSC_VER > 1900) && \
        -:   74:    (!FMT_ICC_VERSION || FMT_ICC_VERSION >= 1600)
        -:   75:#  define FMT_HAS_INCLUDE(x) __has_include(x)
        -:   76:#else
        -:   77:#  define FMT_HAS_INCLUDE(x) 0
        -:   78:#endif
        -:   79:
        -:   80:#ifdef __has_cpp_attribute
        -:   81:#  define FMT_HAS_CPP_ATTRIBUTE(x) __has_cpp_attribute(x)
        -:   82:#else
        -:   83:#  define FMT_HAS_CPP_ATTRIBUTE(x) 0
        -:   84:#endif
        -:   85:
        -:   86:#ifdef _MSVC_LANG
        -:   87:#  define FMT_CPLUSPLUS _MSVC_LANG
        -:   88:#else
        -:   89:#  define FMT_CPLUSPLUS __cplusplus
        -:   90:#endif
        -:   91:
        -:   92:#define FMT_HAS_CPP14_ATTRIBUTE(attribute) \
        -:   93:  (FMT_CPLUSPLUS >= 201402L && FMT_HAS_CPP_ATTRIBUTE(attribute))
        -:   94:
        -:   95:#define FMT_HAS_CPP17_ATTRIBUTE(attribute) \
        -:   96:  (FMT_CPLUSPLUS >= 201703L && FMT_HAS_CPP_ATTRIBUTE(attribute))
        -:   97:
        -:   98:// Check if relaxed C++14 constexpr is supported.
        -:   99:// GCC doesn't allow throw in constexpr until version 6 (bug 67371).
        -:  100:#ifndef FMT_USE_CONSTEXPR
        -:  101:#  define FMT_USE_CONSTEXPR                                           \
        -:  102:    (FMT_HAS_FEATURE(cxx_relaxed_constexpr) || FMT_MSC_VER >= 1912 || \
        -:  103:     (FMT_GCC_VERSION >= 600 && __cplusplus >= 201402L)) &&           \
        -:  104:        !FMT_NVCC && !FMT_ICC_VERSION
        -:  105:#endif
        -:  106:#if FMT_USE_CONSTEXPR
        -:  107:#  define FMT_CONSTEXPR constexpr
        -:  108:#  define FMT_CONSTEXPR_DECL constexpr
        -:  109:#else
        -:  110:#  define FMT_CONSTEXPR
        -:  111:#  define FMT_CONSTEXPR_DECL
        -:  112:#endif
        -:  113:
        -:  114:#if ((__cplusplus >= 202002L) &&                              \
        -:  115:     (!defined(_GLIBCXX_RELEASE) || _GLIBCXX_RELEASE > 9)) || \
        -:  116:    (__cplusplus >= 201709L && FMT_GCC_VERSION >= 1002)
        -:  117:#  define FMT_CONSTEXPR20 constexpr
        -:  118:#else
        -:  119:#  define FMT_CONSTEXPR20
        -:  120:#endif
        -:  121:
        -:  122:// Check if constexpr std::char_traits<>::compare,length is supported.
        -:  123:#if defined(__GLIBCXX__)
        -:  124:#  if __cplusplus >= 201703L && defined(_GLIBCXX_RELEASE) && \
        -:  125:      _GLIBCXX_RELEASE >= 7  // GCC 7+ libstdc++ has _GLIBCXX_RELEASE.
        -:  126:#    define FMT_CONSTEXPR_CHAR_TRAITS constexpr
        -:  127:#  endif
        -:  128:#elif defined(_LIBCPP_VERSION) && __cplusplus >= 201703L && \
        -:  129:    _LIBCPP_VERSION >= 4000
        -:  130:#  define FMT_CONSTEXPR_CHAR_TRAITS constexpr
        -:  131:#elif FMT_MSC_VER >= 1914 && _MSVC_LANG >= 201703L
        -:  132:#  define FMT_CONSTEXPR_CHAR_TRAITS constexpr
        -:  133:#endif
        -:  134:#ifndef FMT_CONSTEXPR_CHAR_TRAITS
        -:  135:#  define FMT_CONSTEXPR_CHAR_TRAITS
        -:  136:#endif
        -:  137:
        -:  138:// Check if exceptions are disabled.
        -:  139:#ifndef FMT_EXCEPTIONS
        -:  140:#  if (defined(__GNUC__) && !defined(__EXCEPTIONS)) || \
        -:  141:      FMT_MSC_VER && !_HAS_EXCEPTIONS
        -:  142:#    define FMT_EXCEPTIONS 0
        -:  143:#  else
        -:  144:#    define FMT_EXCEPTIONS 1
        -:  145:#  endif
        -:  146:#endif
        -:  147:
        -:  148:// Define FMT_USE_NOEXCEPT to make fmt use noexcept (C++11 feature).
        -:  149:#ifndef FMT_USE_NOEXCEPT
        -:  150:#  define FMT_USE_NOEXCEPT 0
        -:  151:#endif
        -:  152:
        -:  153:#if FMT_USE_NOEXCEPT || FMT_HAS_FEATURE(cxx_noexcept) || \
        -:  154:    FMT_GCC_VERSION >= 408 || FMT_MSC_VER >= 1900
        -:  155:#  define FMT_DETECTED_NOEXCEPT noexcept
        -:  156:#  define FMT_HAS_CXX11_NOEXCEPT 1
        -:  157:#else
        -:  158:#  define FMT_DETECTED_NOEXCEPT throw()
        -:  159:#  define FMT_HAS_CXX11_NOEXCEPT 0
        -:  160:#endif
        -:  161:
        -:  162:#ifndef FMT_NOEXCEPT
        -:  163:#  if FMT_EXCEPTIONS || FMT_HAS_CXX11_NOEXCEPT
        -:  164:#    define FMT_NOEXCEPT FMT_DETECTED_NOEXCEPT
        -:  165:#  else
        -:  166:#    define FMT_NOEXCEPT
        -:  167:#  endif
        -:  168:#endif
        -:  169:
        -:  170:// [[noreturn]] is disabled on MSVC and NVCC because of bogus unreachable code
        -:  171:// warnings.
        -:  172:#if FMT_EXCEPTIONS && FMT_HAS_CPP_ATTRIBUTE(noreturn) && !FMT_MSC_VER && \
        -:  173:    !FMT_NVCC
        -:  174:#  define FMT_NORETURN [[noreturn]]
        -:  175:#else
        -:  176:#  define FMT_NORETURN
        -:  177:#endif
        -:  178:
        -:  179:#if __cplusplus == 201103L || __cplusplus == 201402L
        -:  180:#  if defined(__INTEL_COMPILER) || defined(__PGI)
        -:  181:#    define FMT_FALLTHROUGH
        -:  182:#  elif defined(__clang__)
        -:  183:#    define FMT_FALLTHROUGH [[clang::fallthrough]]
        -:  184:#  elif FMT_GCC_VERSION >= 700 && \
        -:  185:      (!defined(__EDG_VERSION__) || __EDG_VERSION__ >= 520)
        -:  186:#    define FMT_FALLTHROUGH [[gnu::fallthrough]]
        -:  187:#  else
        -:  188:#    define FMT_FALLTHROUGH
        -:  189:#  endif
        -:  190:#elif FMT_HAS_CPP17_ATTRIBUTE(fallthrough)
        -:  191:#  define FMT_FALLTHROUGH [[fallthrough]]
        -:  192:#else
        -:  193:#  define FMT_FALLTHROUGH
        -:  194:#endif
        -:  195:
        -:  196:#ifndef FMT_NODISCARD
        -:  197:#  if FMT_HAS_CPP17_ATTRIBUTE(nodiscard)
        -:  198:#    define FMT_NODISCARD [[nodiscard]]
        -:  199:#  else
        -:  200:#    define FMT_NODISCARD
        -:  201:#  endif
        -:  202:#endif
        -:  203:
        -:  204:#ifndef FMT_USE_FLOAT
        -:  205:#  define FMT_USE_FLOAT 1
        -:  206:#endif
        -:  207:#ifndef FMT_USE_DOUBLE
        -:  208:#  define FMT_USE_DOUBLE 1
        -:  209:#endif
        -:  210:#ifndef FMT_USE_LONG_DOUBLE
        -:  211:#  define FMT_USE_LONG_DOUBLE 1
        -:  212:#endif
        -:  213:
        -:  214:#ifndef FMT_INLINE
        -:  215:#  if FMT_GCC_VERSION || FMT_CLANG_VERSION
        -:  216:#    define FMT_INLINE inline __attribute__((always_inline))
        -:  217:#  else
        -:  218:#    define FMT_INLINE inline
        -:  219:#  endif
        -:  220:#endif
        -:  221:
        -:  222:#ifndef FMT_DEPRECATED
        -:  223:#  if FMT_HAS_CPP14_ATTRIBUTE(deprecated) || FMT_MSC_VER >= 1900
        -:  224:#    define FMT_DEPRECATED [[deprecated]]
        -:  225:#  else
        -:  226:#    if (defined(__GNUC__) && !defined(__LCC__)) || defined(__clang__)
        -:  227:#      define FMT_DEPRECATED __attribute__((deprecated))
        -:  228:#    elif FMT_MSC_VER
        -:  229:#      define FMT_DEPRECATED __declspec(deprecated)
        -:  230:#    else
        -:  231:#      define FMT_DEPRECATED /* deprecated */
        -:  232:#    endif
        -:  233:#  endif
        -:  234:#endif
        -:  235:
        -:  236:#ifndef FMT_BEGIN_NAMESPACE
        -:  237:#  define FMT_BEGIN_NAMESPACE \
        -:  238:    namespace fmt {           \
        -:  239:    inline namespace v8 {
        -:  240:#  define FMT_END_NAMESPACE \
        -:  241:    }                       \
        -:  242:    }
        -:  243:#endif
        -:  244:
        -:  245:#ifndef FMT_MODULE_EXPORT
        -:  246:#  define FMT_MODULE_EXPORT
        -:  247:#  define FMT_MODULE_EXPORT_BEGIN
        -:  248:#  define FMT_MODULE_EXPORT_END
        -:  249:#  define FMT_BEGIN_DETAIL_NAMESPACE namespace detail {
        -:  250:#  define FMT_END_DETAIL_NAMESPACE }
        -:  251:#endif
        -:  252:
        -:  253:#if !defined(FMT_HEADER_ONLY) && defined(_WIN32)
        -:  254:#  define FMT_CLASS_API FMT_MSC_WARNING(suppress : 4275)
        -:  255:#  ifdef FMT_EXPORT
        -:  256:#    define FMT_API __declspec(dllexport)
        -:  257:#  elif defined(FMT_SHARED)
        -:  258:#    define FMT_API __declspec(dllimport)
        -:  259:#  endif
        -:  260:#else
        -:  261:#  define FMT_CLASS_API
        -:  262:#  if defined(FMT_EXPORT) || defined(FMT_SHARED)
        -:  263:#    if defined(__GNUC__) || defined(__clang__)
        -:  264:#      define FMT_API __attribute__((visibility("default")))
        -:  265:#    endif
        -:  266:#  endif
        -:  267:#endif
        -:  268:#ifndef FMT_API
        -:  269:#  define FMT_API
        -:  270:#endif
        -:  271:
        -:  272:// libc++ supports string_view in pre-c++17.
        -:  273:#if (FMT_HAS_INCLUDE(<string_view>) &&                       \
        -:  274:     (__cplusplus > 201402L || defined(_LIBCPP_VERSION))) || \
        -:  275:    (defined(_MSVC_LANG) && _MSVC_LANG > 201402L && _MSC_VER >= 1910)
        -:  276:#  include <string_view>
        -:  277:#  define FMT_USE_STRING_VIEW
        -:  278:#elif FMT_HAS_INCLUDE("experimental/string_view") && __cplusplus >= 201402L
        -:  279:#  include <experimental/string_view>
        -:  280:#  define FMT_USE_EXPERIMENTAL_STRING_VIEW
        -:  281:#endif
        -:  282:
        -:  283:#ifndef FMT_UNICODE
        -:  284:#  define FMT_UNICODE !FMT_MSC_VER
        -:  285:#endif
        -:  286:
        -:  287:#ifndef FMT_CONSTEVAL
        -:  288:#  if ((FMT_GCC_VERSION >= 1000 || FMT_CLANG_VERSION >= 1101) &&      \
        -:  289:       __cplusplus > 201703L && !defined(__apple_build_version__)) || \
        -:  290:      (defined(__cpp_consteval) &&                                    \
        -:  291:       (!FMT_MSC_VER || _MSC_FULL_VER >= 193030704))
        -:  292:// consteval is broken in MSVC before VS2022 and Apple clang 13.
        -:  293:#    define FMT_CONSTEVAL consteval
        -:  294:#    define FMT_HAS_CONSTEVAL
        -:  295:#  else
        -:  296:#    define FMT_CONSTEVAL
        -:  297:#  endif
        -:  298:#endif
        -:  299:
        -:  300:#ifndef FMT_USE_NONTYPE_TEMPLATE_PARAMETERS
        -:  301:#  if defined(__cpp_nontype_template_args) &&                \
        -:  302:      ((FMT_GCC_VERSION >= 903 && __cplusplus >= 201709L) || \
        -:  303:       __cpp_nontype_template_args >= 201911L)
        -:  304:#    define FMT_USE_NONTYPE_TEMPLATE_PARAMETERS 1
        -:  305:#  else
        -:  306:#    define FMT_USE_NONTYPE_TEMPLATE_PARAMETERS 0
        -:  307:#  endif
        -:  308:#endif
        -:  309:
        -:  310:// Enable minimal optimizations for more compact code in debug mode.
        -:  311:FMT_GCC_PRAGMA("GCC push_options")
        -:  312:#ifndef __OPTIMIZE__
        -:  313:FMT_GCC_PRAGMA("GCC optimize(\"Og\")")
        -:  314:#endif
        -:  315:
        -:  316:FMT_BEGIN_NAMESPACE
        -:  317:FMT_MODULE_EXPORT_BEGIN
        -:  318:
        -:  319:// Implementations of enable_if_t and other metafunctions for older systems.
        -:  320:template <bool B, typename T = void>
        -:  321:using enable_if_t = typename std::enable_if<B, T>::type;
        -:  322:template <bool B, typename T, typename F>
        -:  323:using conditional_t = typename std::conditional<B, T, F>::type;
        -:  324:template <bool B> using bool_constant = std::integral_constant<bool, B>;
        -:  325:template <typename T>
        -:  326:using remove_reference_t = typename std::remove_reference<T>::type;
        -:  327:template <typename T>
        -:  328:using remove_const_t = typename std::remove_const<T>::type;
        -:  329:template <typename T>
        -:  330:using remove_cvref_t = typename std::remove_cv<remove_reference_t<T>>::type;
        -:  331:template <typename T> struct type_identity { using type = T; };
        -:  332:template <typename T> using type_identity_t = typename type_identity<T>::type;
        -:  333:
        -:  334:struct monostate {
        -:  335:  constexpr monostate() {}
        -:  336:};
        -:  337:
        -:  338:// An enable_if helper to be used in template parameters which results in much
        -:  339:// shorter symbols: https://godbolt.org/z/sWw4vP. Extra parentheses are needed
        -:  340:// to workaround a bug in MSVC 2019 (see #1140 and #1186).
        -:  341:#ifdef FMT_DOC
        -:  342:#  define FMT_ENABLE_IF(...)
        -:  343:#else
        -:  344:#  define FMT_ENABLE_IF(...) enable_if_t<(__VA_ARGS__), int> = 0
        -:  345:#endif
        -:  346:
        -:  347:FMT_BEGIN_DETAIL_NAMESPACE
        -:  348:
        -:  349:// Suppress "unused variable" warnings with the method described in
        -:  350:// https://herbsutter.com/2009/10/18/mailbag-shutting-up-compiler-warnings/.
        -:  351:// (void)var does not work on many Intel compilers.
        -:  352:template <typename... T> FMT_CONSTEXPR void ignore_unused(const T&...) {}
        -:  353:
        -:  354:constexpr FMT_INLINE auto is_constant_evaluated(bool default_value = false)
        -:  355:    FMT_NOEXCEPT -> bool {
        -:  356:#ifdef __cpp_lib_is_constant_evaluated
        -:  357:  ignore_unused(default_value);
        -:  358:  return std::is_constant_evaluated();
        -:  359:#else
    #####:  360:  return default_value;
        -:  361:#endif
        -:  362:}
        -:  363:
        -:  364:// A function to suppress "conditional expression is constant" warnings.
        -:  365:template <typename T> constexpr FMT_INLINE auto const_check(T value) -> T {
    #####:  366:  return value;
        -:  367:}
        -:  368:
        -:  369:FMT_NORETURN FMT_API void assert_fail(const char* file, int line,
        -:  370:                                      const char* message);
        -:  371:
        -:  372:#ifndef FMT_ASSERT
        -:  373:#  ifdef NDEBUG
        -:  374:// FMT_ASSERT is not empty to avoid -Werror=empty-body.
        -:  375:#    define FMT_ASSERT(condition, message) \
        -:  376:      ::fmt::detail::ignore_unused((condition), (message))
        -:  377:#  else
        -:  378:#    define FMT_ASSERT(condition, message)                                    \
        -:  379:      ((condition) /* void() fails with -Winvalid-constexpr on clang 4.0.1 */ \
        -:  380:           ? (void)0                                                          \
        -:  381:           : ::fmt::detail::assert_fail(__FILE__, __LINE__, (message)))
        -:  382:#  endif
        -:  383:#endif
        -:  384:
        -:  385:#ifdef __cpp_lib_byte
        -:  386:using byte = std::byte;
        -:  387:#else
        -:  388:enum class byte : unsigned char {};
        -:  389:#endif
        -:  390:
        -:  391:#if defined(FMT_USE_STRING_VIEW)
        -:  392:template <typename Char> using std_string_view = std::basic_string_view<Char>;
        -:  393:#elif defined(FMT_USE_EXPERIMENTAL_STRING_VIEW)
        -:  394:template <typename Char>
        -:  395:using std_string_view = std::experimental::basic_string_view<Char>;
        -:  396:#else
        -:  397:template <typename T> struct std_string_view {};
        -:  398:#endif
        -:  399:
        -:  400:#ifdef FMT_USE_INT128
        -:  401:// Do nothing.
        -:  402:#elif defined(__SIZEOF_INT128__) && !FMT_NVCC && \
        -:  403:    !(FMT_CLANG_VERSION && FMT_MSC_VER)
        -:  404:#  define FMT_USE_INT128 1
        -:  405:using int128_t = __int128_t;
        -:  406:using uint128_t = __uint128_t;
    #####:  407:template <typename T> inline auto convert_for_visit(T value) -> T {
    #####:  408:  return value;
        -:  409:}
------------------
unsigned __int128 fmt::v8::detail::convert_for_visit<unsigned __int128>(unsigned __int128):
function unsigned __int128 fmt::v8::detail::convert_for_visit<unsigned __int128>(unsigned __int128) called 0 returned 0% blocks executed 0%
    #####:  407:template <typename T> inline auto convert_for_visit(T value) -> T {
    #####:  408:  return value;
        -:  409:}
------------------
__int128 fmt::v8::detail::convert_for_visit<__int128>(__int128):
function __int128 fmt::v8::detail::convert_for_visit<__int128>(__int128) called 0 returned 0% blocks executed 0%
    #####:  407:template <typename T> inline auto convert_for_visit(T value) -> T {
    #####:  408:  return value;
        -:  409:}
------------------
        -:  410:#else
        -:  411:#  define FMT_USE_INT128 0
        -:  412:#endif
        -:  413:#if !FMT_USE_INT128
        -:  414:enum class int128_t {};
        -:  415:enum class uint128_t {};
        -:  416:// Reduce template instantiations.
        -:  417:template <typename T> inline auto convert_for_visit(T) -> monostate {
        -:  418:  return {};
        -:  419:}
        -:  420:#endif
        -:  421:
        -:  422:// Casts a nonnegative integer to unsigned.
        -:  423:template <typename Int>
    #####:  424:FMT_CONSTEXPR auto to_unsigned(Int value) ->
        -:  425:    typename std::make_unsigned<Int>::type {
    #####:  426:  FMT_ASSERT(value >= 0, "negative value");
    #####:  427:  return static_cast<typename std::make_unsigned<Int>::type>(value);
        -:  428:}
------------------
std::make_unsigned<unsigned long>::type fmt::v8::detail::to_unsigned<unsigned long>(unsigned long):
function std::make_unsigned<unsigned long>::type fmt::v8::detail::to_unsigned<unsigned long>(unsigned long) called 0 returned 0% blocks executed 0%
    #####:  424:FMT_CONSTEXPR auto to_unsigned(Int value) ->
        -:  425:    typename std::make_unsigned<Int>::type {
        -:  426:  FMT_ASSERT(value >= 0, "negative value");
    #####:  427:  return static_cast<typename std::make_unsigned<Int>::type>(value);
        -:  428:}
------------------
std::make_unsigned<long>::type fmt::v8::detail::to_unsigned<long>(long):
function std::make_unsigned<long>::type fmt::v8::detail::to_unsigned<long>(long) called 0 returned 0% blocks executed 0%
    #####:  424:FMT_CONSTEXPR auto to_unsigned(Int value) ->
        -:  425:    typename std::make_unsigned<Int>::type {
    #####:  426:  FMT_ASSERT(value >= 0, "negative value");
branch  0 never executed (fallthrough)
branch  1 never executed
call    2 never executed
    #####:  427:  return static_cast<typename std::make_unsigned<Int>::type>(value);
        -:  428:}
------------------
std::make_unsigned<int>::type fmt::v8::detail::to_unsigned<int>(int):
function std::make_unsigned<int>::type fmt::v8::detail::to_unsigned<int>(int) called 0 returned 0% blocks executed 0%
    #####:  424:FMT_CONSTEXPR auto to_unsigned(Int value) ->
        -:  425:    typename std::make_unsigned<Int>::type {
    #####:  426:  FMT_ASSERT(value >= 0, "negative value");
branch  0 never executed (fallthrough)
branch  1 never executed
call    2 never executed
    #####:  427:  return static_cast<typename std::make_unsigned<Int>::type>(value);
        -:  428:}
------------------
        -:  429:
        -:  430:FMT_MSC_WARNING(suppress : 4566) constexpr unsigned char micro[] = "\u00B5";
        -:  431:
        -:  432:constexpr auto is_utf8() -> bool {
        -:  433:  // Avoid buggy sign extensions in MSVC's constant evaluation mode.
        -:  434:  // https://developercommunity.visualstudio.com/t/C-difference-in-behavior-for-unsigned/1233612
        -:  435:  using uchar = unsigned char;
        -:  436:  return FMT_UNICODE || (sizeof(micro) == 3 && uchar(micro[0]) == 0xC2 &&
        -:  437:                         uchar(micro[1]) == 0xB5);
        -:  438:}
        -:  439:FMT_END_DETAIL_NAMESPACE
        -:  440:
        -:  441:/**
        -:  442:  An implementation of ``std::basic_string_view`` for pre-C++17. It provides a
        -:  443:  subset of the API. ``fmt::basic_string_view`` is used for format strings even
        -:  444:  if ``std::string_view`` is available to prevent issues when a library is
        -:  445:  compiled with a different ``-std`` option than the client code (which is not
        -:  446:  recommended).
        -:  447: */
        -:  448:template <typename Char> class basic_string_view {
        -:  449: private:
        -:  450:  const Char* data_;
        -:  451:  size_t size_;
        -:  452:
        -:  453: public:
        -:  454:  using value_type = Char;
        -:  455:  using iterator = const Char*;
        -:  456:
        -:  457:  constexpr basic_string_view() FMT_NOEXCEPT : data_(nullptr), size_(0) {}
        -:  458:
        -:  459:  /** Constructs a string reference object from a C string and a size. */
function fmt::v8::basic_string_view<char>::basic_string_view(char const*, unsigned long) called 0 returned 0% blocks executed 0%
    #####:  460:  constexpr basic_string_view(const Char* s, size_t count) FMT_NOEXCEPT
    #####:  461:      : data_(s),
    #####:  462:        size_(count) {}
        -:  463:
        -:  464:  /**
        -:  465:    \rst
        -:  466:    Constructs a string reference object from a C string computing
        -:  467:    the size with ``std::char_traits<Char>::length``.
        -:  468:    \endrst
        -:  469:   */
        -:  470:  FMT_CONSTEXPR_CHAR_TRAITS
        -:  471:  FMT_INLINE
    #####:  472:  basic_string_view(const Char* s)
    #####:  473:      : data_(s),
    #####:  474:        size_(detail::const_check(std::is_same<Char, char>::value &&
        -:  475:                                  !detail::is_constant_evaluated(true))
    #####:  476:                  ? std::strlen(reinterpret_cast<const char*>(s))
call    0 never executed
branch  1 never executed (fallthrough)
branch  2 never executed (throw)
call    3 never executed
branch  4 never executed (fallthrough)
branch  5 never executed (throw)
call    6 never executed
branch  7 never executed (fallthrough)
branch  8 never executed (throw)
call    9 never executed
call   10 never executed
call   11 never executed
branch 12 never executed (fallthrough)
branch 13 never executed (throw)
call   14 never executed
branch 15 never executed (fallthrough)
branch 16 never executed (throw)
call   17 never executed
branch 18 never executed (fallthrough)
branch 19 never executed (throw)
    #####:  477:                  : std::char_traits<Char>::length(s)) {}
        -:  478:
        -:  479:  /** Constructs a string reference from a ``std::basic_string`` object. */
        -:  480:  template <typename Traits, typename Alloc>
        -:  481:  FMT_CONSTEXPR basic_string_view(
        -:  482:      const std::basic_string<Char, Traits, Alloc>& s) FMT_NOEXCEPT
        -:  483:      : data_(s.data()),
        -:  484:        size_(s.size()) {}
        -:  485:
        -:  486:  template <typename S, FMT_ENABLE_IF(std::is_same<
        -:  487:                                      S, detail::std_string_view<Char>>::value)>
        -:  488:  FMT_CONSTEXPR basic_string_view(S s) FMT_NOEXCEPT : data_(s.data()),
        -:  489:                                                      size_(s.size()) {}
        -:  490:
        -:  491:  /** Returns a pointer to the string data. */
function fmt::v8::basic_string_view<char>::data() const called 0 returned 0% blocks executed 0%
    #####:  492:  constexpr auto data() const FMT_NOEXCEPT -> const Char* { return data_; }
        -:  493:
        -:  494:  /** Returns the string size. */
function fmt::v8::basic_string_view<char>::size() const called 0 returned 0% blocks executed 0%
    #####:  495:  constexpr auto size() const FMT_NOEXCEPT -> size_t { return size_; }
        -:  496:
function fmt::v8::basic_string_view<char>::begin() const called 0 returned 0% blocks executed 0%
    #####:  497:  constexpr auto begin() const FMT_NOEXCEPT -> iterator { return data_; }
function fmt::v8::basic_string_view<char>::end() const called 0 returned 0% blocks executed 0%
    #####:  498:  constexpr auto end() const FMT_NOEXCEPT -> iterator { return data_ + size_; }
        -:  499:
function fmt::v8::basic_string_view<char>::operator[](unsigned long) const called 0 returned 0% blocks executed 0%
    #####:  500:  constexpr auto operator[](size_t pos) const FMT_NOEXCEPT -> const Char& {
    #####:  501:    return data_[pos];
        -:  502:  }
        -:  503:
function fmt::v8::basic_string_view<char>::remove_prefix(unsigned long) called 0 returned 0% blocks executed 0%
    #####:  504:  FMT_CONSTEXPR void remove_prefix(size_t n) FMT_NOEXCEPT {
    #####:  505:    data_ += n;
    #####:  506:    size_ -= n;
    #####:  507:  }
        -:  508:
        -:  509:  // Lexicographically compare this string reference to other.
function fmt::v8::basic_string_view<char>::compare(fmt::v8::basic_string_view<char>) const called 0 returned 0% blocks executed 0%
    #####:  510:  FMT_CONSTEXPR_CHAR_TRAITS auto compare(basic_string_view other) const -> int {
    #####:  511:    size_t str_size = size_ < other.size_ ? size_ : other.size_;
branch  0 never executed (fallthrough)
branch  1 never executed
    #####:  512:    int result = std::char_traits<Char>::compare(data_, other.data_, str_size);
call    0 never executed
    #####:  513:    if (result == 0)
branch  0 never executed (fallthrough)
branch  1 never executed
    #####:  514:      result = size_ == other.size_ ? 0 : (size_ < other.size_ ? -1 : 1);
branch  0 never executed (fallthrough)
branch  1 never executed
branch  2 never executed (fallthrough)
branch  3 never executed
    #####:  515:    return result;
        -:  516:  }
        -:  517:
function fmt::v8::operator==(fmt::v8::basic_string_view<char>, fmt::v8::basic_string_view<char>) called 0 returned 0% blocks executed 0%
    #####:  518:  FMT_CONSTEXPR_CHAR_TRAITS friend auto operator==(basic_string_view lhs,
        -:  519:                                                   basic_string_view rhs)
        -:  520:      -> bool {
    #####:  521:    return lhs.compare(rhs) == 0;
call    0 never executed
        -:  522:  }
        -:  523:  friend auto operator!=(basic_string_view lhs, basic_string_view rhs) -> bool {
        -:  524:    return lhs.compare(rhs) != 0;
        -:  525:  }
        -:  526:  friend auto operator<(basic_string_view lhs, basic_string_view rhs) -> bool {
        -:  527:    return lhs.compare(rhs) < 0;
        -:  528:  }
        -:  529:  friend auto operator<=(basic_string_view lhs, basic_string_view rhs) -> bool {
        -:  530:    return lhs.compare(rhs) <= 0;
        -:  531:  }
        -:  532:  friend auto operator>(basic_string_view lhs, basic_string_view rhs) -> bool {
        -:  533:    return lhs.compare(rhs) > 0;
        -:  534:  }
        -:  535:  friend auto operator>=(basic_string_view lhs, basic_string_view rhs) -> bool {
        -:  536:    return lhs.compare(rhs) >= 0;
        -:  537:  }
        -:  538:};
        -:  539:
        -:  540:using string_view = basic_string_view<char>;
        -:  541:
        -:  542:/** Specifies if ``T`` is a character type. Can be specialized by users. */
        -:  543:template <typename T> struct is_char : std::false_type {};
        -:  544:template <> struct is_char<char> : std::true_type {};
        -:  545:
        -:  546:// Returns a string view of `s`.
        -:  547:template <typename Char, FMT_ENABLE_IF(is_char<Char>::value)>
        -:  548:FMT_INLINE auto to_string_view(const Char* s) -> basic_string_view<Char> {
    #####:  549:  return s;
        -:  550:}
        -:  551:template <typename Char, typename Traits, typename Alloc>
        -:  552:inline auto to_string_view(const std::basic_string<Char, Traits, Alloc>& s)
        -:  553:    -> basic_string_view<Char> {
        -:  554:  return s;
        -:  555:}
        -:  556:template <typename Char>
        -:  557:constexpr auto to_string_view(basic_string_view<Char> s)
        -:  558:    -> basic_string_view<Char> {
        -:  559:  return s;
        -:  560:}
        -:  561:template <typename Char,
        -:  562:          FMT_ENABLE_IF(!std::is_empty<detail::std_string_view<Char>>::value)>
        -:  563:inline auto to_string_view(detail::std_string_view<Char> s)
        -:  564:    -> basic_string_view<Char> {
        -:  565:  return s;
        -:  566:}
        -:  567:
        -:  568:// A base class for compile-time strings. It is defined in the fmt namespace to
        -:  569:// make formatting functions visible via ADL, e.g. format(FMT_STRING("{}"), 42).
        -:  570:struct compile_string {};
        -:  571:
        -:  572:template <typename S>
        -:  573:struct is_compile_string : std::is_base_of<compile_string, S> {};
        -:  574:
        -:  575:template <typename S, FMT_ENABLE_IF(is_compile_string<S>::value)>
        -:  576:constexpr auto to_string_view(const S& s)
        -:  577:    -> basic_string_view<typename S::char_type> {
        -:  578:  return basic_string_view<typename S::char_type>(s);
        -:  579:}
        -:  580:
        -:  581:FMT_BEGIN_DETAIL_NAMESPACE
        -:  582:
        -:  583:void to_string_view(...);
        -:  584:using fmt::to_string_view;
        -:  585:
        -:  586:// Specifies whether S is a string type convertible to fmt::basic_string_view.
        -:  587:// It should be a constexpr function but MSVC 2017 fails to compile it in
        -:  588:// enable_if and MSVC 2015 fails to compile it as an alias template.
        -:  589:template <typename S>
        -:  590:struct is_string : std::is_class<decltype(to_string_view(std::declval<S>()))> {
        -:  591:};
        -:  592:
        -:  593:template <typename S, typename = void> struct char_t_impl {};
        -:  594:template <typename S> struct char_t_impl<S, enable_if_t<is_string<S>::value>> {
        -:  595:  using result = decltype(to_string_view(std::declval<S>()));
        -:  596:  using type = typename result::value_type;
        -:  597:};
        -:  598:
        -:  599:// Reports a compile-time error if S is not a valid format string.
        -:  600:template <typename..., typename S, FMT_ENABLE_IF(!is_compile_string<S>::value)>
        -:  601:FMT_INLINE void check_format_string(const S&) {
        -:  602:#ifdef FMT_ENFORCE_COMPILE_STRING
        -:  603:  static_assert(is_compile_string<S>::value,
        -:  604:                "FMT_ENFORCE_COMPILE_STRING requires all format strings to use "
        -:  605:                "FMT_STRING.");
        -:  606:#endif
    #####:  607:}
        -:  608:template <typename..., typename S, FMT_ENABLE_IF(is_compile_string<S>::value)>
        -:  609:void check_format_string(S);
        -:  610:
        -:  611:FMT_NORETURN FMT_API void throw_format_error(const char* message);
        -:  612:
        -:  613:struct error_handler {
        -:  614:  constexpr error_handler() = default;
        -:  615:  constexpr error_handler(const error_handler&) = default;
        -:  616:
        -:  617:  // This function is intentionally not constexpr to give a compile-time error.
        -:  618:  FMT_NORETURN FMT_API void on_error(const char* message);
        -:  619:};
        -:  620:FMT_END_DETAIL_NAMESPACE
        -:  621:
        -:  622:/** String's character type. */
        -:  623:template <typename S> using char_t = typename detail::char_t_impl<S>::type;
        -:  624:
        -:  625:/**
        -:  626:  \rst
        -:  627:  Parsing context consisting of a format string range being parsed and an
        -:  628:  argument counter for automatic indexing.
        -:  629:  You can use the ``format_parse_context`` type alias for ``char`` instead.
        -:  630:  \endrst
        -:  631: */
        -:  632:template <typename Char, typename ErrorHandler = detail::error_handler>
        -:  633:class basic_format_parse_context : private ErrorHandler {
        -:  634: private:
        -:  635:  basic_string_view<Char> format_str_;
        -:  636:  int next_arg_id_;
        -:  637:
        -:  638: public:
        -:  639:  using char_type = Char;
        -:  640:  using iterator = typename basic_string_view<Char>::iterator;
        -:  641:
function fmt::v8::basic_format_parse_context<char, fmt::v8::detail::error_handler>::basic_format_parse_context(fmt::v8::basic_string_view<char>, fmt::v8::detail::error_handler, int) called 0 returned 0% blocks executed 0%
    #####:  642:  explicit constexpr basic_format_parse_context(
        -:  643:      basic_string_view<Char> format_str, ErrorHandler eh = {},
        -:  644:      int next_arg_id = 0)
    #####:  645:      : ErrorHandler(eh), format_str_(format_str), next_arg_id_(next_arg_id) {}
        -:  646:
        -:  647:  /**
        -:  648:    Returns an iterator to the beginning of the format string range being
        -:  649:    parsed.
        -:  650:   */
function fmt::v8::basic_format_parse_context<char, fmt::v8::detail::error_handler>::begin() const called 0 returned 0% blocks executed 0%
    #####:  651:  constexpr auto begin() const FMT_NOEXCEPT -> iterator {
    #####:  652:    return format_str_.begin();
        -:  653:  }
        -:  654:
        -:  655:  /**
        -:  656:    Returns an iterator past the end of the format string range being parsed.
        -:  657:   */
        -:  658:  constexpr auto end() const FMT_NOEXCEPT -> iterator {
        -:  659:    return format_str_.end();
        -:  660:  }
        -:  661:
        -:  662:  /** Advances the begin iterator to ``it``. */
function fmt::v8::basic_format_parse_context<char, fmt::v8::detail::error_handler>::advance_to(char const*) called 0 returned 0% blocks executed 0%
    #####:  663:  FMT_CONSTEXPR void advance_to(iterator it) {
    #####:  664:    format_str_.remove_prefix(detail::to_unsigned(it - begin()));
call    0 never executed
call    1 never executed
    #####:  665:  }
        -:  666:
        -:  667:  /**
        -:  668:    Reports an error if using the manual argument indexing; otherwise returns
        -:  669:    the next argument index and switches to the automatic indexing.
        -:  670:   */
function fmt::v8::basic_format_parse_context<char, fmt::v8::detail::error_handler>::next_arg_id() called 0 returned 0% blocks executed 0%
    #####:  671:  FMT_CONSTEXPR auto next_arg_id() -> int {
        -:  672:    // Don't check if the argument id is valid to avoid overhead and because it
        -:  673:    // will be checked during formatting anyway.
    #####:  674:    if (next_arg_id_ >= 0) return next_arg_id_++;
branch  0 never executed (fallthrough)
branch  1 never executed
    #####:  675:    on_error("cannot switch from manual to automatic argument indexing");
        -:  676:    return 0;
        -:  677:  }
        -:  678:
        -:  679:  /**
        -:  680:    Reports an error if using the automatic argument indexing; otherwise
        -:  681:    switches to the manual indexing.
        -:  682:   */
function fmt::v8::basic_format_parse_context<char, fmt::v8::detail::error_handler>::check_arg_id(int) called 0 returned 0% blocks executed 0%
    #####:  683:  FMT_CONSTEXPR void check_arg_id(int) {
    #####:  684:    if (next_arg_id_ > 0)
branch  0 never executed (fallthrough)
branch  1 never executed
    #####:  685:      on_error("cannot switch from automatic to manual argument indexing");
call    0 never executed
        -:  686:    else
    #####:  687:      next_arg_id_ = -1;
    #####:  688:  }
        -:  689:
function fmt::v8::basic_format_parse_context<char, fmt::v8::detail::error_handler>::check_arg_id(fmt::v8::basic_string_view<char>) called 0 returned 0% blocks executed 0%
    #####:  690:  FMT_CONSTEXPR void check_arg_id(basic_string_view<Char>) {}
        -:  691:
function fmt::v8::basic_format_parse_context<char, fmt::v8::detail::error_handler>::on_error(char const*) called 0 returned 0% blocks executed 0%
    #####:  692:  FMT_CONSTEXPR void on_error(const char* message) {
    #####:  693:    ErrorHandler::on_error(message);
        -:  694:  }
        -:  695:
        -:  696:  constexpr auto error_handler() const -> ErrorHandler { return *this; }
        -:  697:};
        -:  698:
        -:  699:using format_parse_context = basic_format_parse_context<char>;
        -:  700:
        -:  701:template <typename Context> class basic_format_arg;
        -:  702:template <typename Context> class basic_format_args;
        -:  703:template <typename Context> class dynamic_format_arg_store;
        -:  704:
        -:  705:// A formatter for objects of type T.
        -:  706:template <typename T, typename Char = char, typename Enable = void>
        -:  707:struct formatter {
        -:  708:  // A deleted default constructor indicates a disabled formatter.
        -:  709:  formatter() = delete;
        -:  710:};
        -:  711:
        -:  712:// Specifies if T has an enabled formatter specialization. A type can be
        -:  713:// formattable even if it doesn't have a formatter e.g. via a conversion.
        -:  714:template <typename T, typename Context>
        -:  715:using has_formatter =
        -:  716:    std::is_constructible<typename Context::template formatter_type<T>>;
        -:  717:
        -:  718:// Checks whether T is a container with contiguous storage.
        -:  719:template <typename T> struct is_contiguous : std::false_type {};
        -:  720:template <typename Char>
        -:  721:struct is_contiguous<std::basic_string<Char>> : std::true_type {};
        -:  722:
        -:  723:class appender;
        -:  724:
        -:  725:FMT_BEGIN_DETAIL_NAMESPACE
        -:  726:
        -:  727:template <typename Context, typename T>
        -:  728:constexpr auto has_const_formatter_impl(T*)
        -:  729:    -> decltype(typename Context::template formatter_type<T>().format(
        -:  730:                    std::declval<const T&>(), std::declval<Context&>()),
        -:  731:                true) {
        -:  732:  return true;
        -:  733:}
        -:  734:template <typename Context>
        -:  735:constexpr auto has_const_formatter_impl(...) -> bool {
        -:  736:  return false;
        -:  737:}
        -:  738:template <typename T, typename Context>
        -:  739:constexpr auto has_const_formatter() -> bool {
        -:  740:  return has_const_formatter_impl<Context>(static_cast<T*>(nullptr));
        -:  741:}
        -:  742:
        -:  743:// Extracts a reference to the container from back_insert_iterator.
        -:  744:template <typename Container>
function fmt::v8::detail::buffer<char>& fmt::v8::detail::get_container<fmt::v8::detail::buffer<char> >(std::back_insert_iterator<fmt::v8::detail::buffer<char> >) called 0 returned 0% blocks executed 0%
    #####:  745:inline auto get_container(std::back_insert_iterator<Container> it)
        -:  746:    -> Container& {
        -:  747:  using bi_iterator = std::back_insert_iterator<Container>;
        -:  748:  struct accessor : bi_iterator {
function fmt::v8::detail::get_container<fmt::v8::detail::buffer<char> >(std::back_insert_iterator<fmt::v8::detail::buffer<char> >)::accessor::accessor(std::back_insert_iterator<fmt::v8::detail::buffer<char> >) called 0 returned 0% blocks executed 0%
    #####:  749:    accessor(bi_iterator iter) : bi_iterator(iter) {}
        -:  750:    using bi_iterator::container;
        -:  751:  };
    #####:  752:  return *accessor(it).container;
call    0 never executed
        -:  753:}
        -:  754:
        -:  755:template <typename Char, typename InputIt, typename OutputIt>
        -:  756:FMT_CONSTEXPR auto copy_str(InputIt begin, InputIt end, OutputIt out)
        -:  757:    -> OutputIt {
        -:  758:  while (begin != end) *out++ = static_cast<Char>(*begin++);
        -:  759:  return out;
        -:  760:}
        -:  761:
        -:  762:template <typename Char, typename T, typename U,
        -:  763:          FMT_ENABLE_IF(
        -:  764:              std::is_same<remove_const_t<T>, U>::value&& is_char<U>::value)>
function char* fmt::v8::detail::copy_str<char, char const, char, 0>(char const*, char const*, char*) called 0 returned 0% blocks executed 0%
    #####:  765:FMT_CONSTEXPR auto copy_str(T* begin, T* end, U* out) -> U* {
        -:  766:  if (is_constant_evaluated()) return copy_str<Char, T*, U*>(begin, end, out);
    #####:  767:  auto size = to_unsigned(end - begin);
call    0 never executed
    #####:  768:  memcpy(out, begin, size * sizeof(U));
    #####:  769:  return out + size;
        -:  770:}
        -:  771:
        -:  772:/**
        -:  773:  \rst
        -:  774:  A contiguous memory buffer with an optional growing ability. It is an internal
        -:  775:  class and shouldn't be used directly, only via `~fmt::basic_memory_buffer`.
        -:  776:  \endrst
        -:  777: */
        -:  778:template <typename T> class buffer {
        -:  779: private:
        -:  780:  T* ptr_;
        -:  781:  size_t size_;
        -:  782:  size_t capacity_;
        -:  783:
        -:  784: protected:
        -:  785:  // Don't initialize ptr_ since it is not accessed to save a few cycles.
        -:  786:  FMT_MSC_WARNING(suppress : 26495)
        -:  787:  buffer(size_t sz) FMT_NOEXCEPT : size_(sz), capacity_(sz) {}
        -:  788:
    #####:  789:  FMT_CONSTEXPR20 buffer(T* p = nullptr, size_t sz = 0,
    #####:  790:                         size_t cap = 0) FMT_NOEXCEPT : ptr_(p),
    #####:  791:                                                        size_(sz),
    #####:  792:                                                        capacity_(cap) {}
------------------
fmt::v8::detail::buffer<int>::buffer(int*, unsigned long, unsigned long):
function fmt::v8::detail::buffer<int>::buffer(int*, unsigned long, unsigned long) called 0 returned 0% blocks executed 0%
    #####:  789:  FMT_CONSTEXPR20 buffer(T* p = nullptr, size_t sz = 0,
    #####:  790:                         size_t cap = 0) FMT_NOEXCEPT : ptr_(p),
    #####:  791:                                                        size_(sz),
    #####:  792:                                                        capacity_(cap) {}
------------------
fmt::v8::detail::buffer<char>::buffer(char*, unsigned long, unsigned long):
function fmt::v8::detail::buffer<char>::buffer(char*, unsigned long, unsigned long) called 0 returned 0% blocks executed 0%
    #####:  789:  FMT_CONSTEXPR20 buffer(T* p = nullptr, size_t sz = 0,
    #####:  790:                         size_t cap = 0) FMT_NOEXCEPT : ptr_(p),
    #####:  791:                                                        size_(sz),
    #####:  792:                                                        capacity_(cap) {}
------------------
        -:  793:
        -:  794:  FMT_CONSTEXPR20 ~buffer() = default;
        -:  795:  buffer(buffer&&) = default;
        -:  796:
        -:  797:  /** Sets the buffer data and capacity. */
    #####:  798:  FMT_CONSTEXPR void set(T* buf_data, size_t buf_capacity) FMT_NOEXCEPT {
    #####:  799:    ptr_ = buf_data;
    #####:  800:    capacity_ = buf_capacity;
    #####:  801:  }
------------------
fmt::v8::detail::buffer<int>::set(int*, unsigned long):
function fmt::v8::detail::buffer<int>::set(int*, unsigned long) called 0 returned 0% blocks executed 0%
    #####:  798:  FMT_CONSTEXPR void set(T* buf_data, size_t buf_capacity) FMT_NOEXCEPT {
    #####:  799:    ptr_ = buf_data;
    #####:  800:    capacity_ = buf_capacity;
    #####:  801:  }
------------------
fmt::v8::detail::buffer<char>::set(char*, unsigned long):
function fmt::v8::detail::buffer<char>::set(char*, unsigned long) called 0 returned 0% blocks executed 0%
    #####:  798:  FMT_CONSTEXPR void set(T* buf_data, size_t buf_capacity) FMT_NOEXCEPT {
    #####:  799:    ptr_ = buf_data;
    #####:  800:    capacity_ = buf_capacity;
    #####:  801:  }
------------------
        -:  802:
        -:  803:  /** Increases the buffer capacity to hold at least *capacity* elements. */
        -:  804:  virtual FMT_CONSTEXPR20 void grow(size_t capacity) = 0;
        -:  805:
        -:  806: public:
        -:  807:  using value_type = T;
        -:  808:  using const_reference = const T&;
        -:  809:
        -:  810:  buffer(const buffer&) = delete;
        -:  811:  void operator=(const buffer&) = delete;
        -:  812:
        -:  813:  auto begin() FMT_NOEXCEPT -> T* { return ptr_; }
function fmt::v8::detail::buffer<char>::end() called 0 returned 0% blocks executed 0%
    #####:  814:  auto end() FMT_NOEXCEPT -> T* { return ptr_ + size_; }
        -:  815:
        -:  816:  auto begin() const FMT_NOEXCEPT -> const T* { return ptr_; }
        -:  817:  auto end() const FMT_NOEXCEPT -> const T* { return ptr_ + size_; }
        -:  818:
        -:  819:  /** Returns the size of this buffer. */
    #####:  820:  constexpr auto size() const FMT_NOEXCEPT -> size_t { return size_; }
------------------
fmt::v8::detail::buffer<int>::size() const:
function fmt::v8::detail::buffer<int>::size() const called 0 returned 0% blocks executed 0%
    #####:  820:  constexpr auto size() const FMT_NOEXCEPT -> size_t { return size_; }
------------------
fmt::v8::detail::buffer<char>::size() const:
function fmt::v8::detail::buffer<char>::size() const called 0 returned 0% blocks executed 0%
    #####:  820:  constexpr auto size() const FMT_NOEXCEPT -> size_t { return size_; }
------------------
        -:  821:
        -:  822:  /** Returns the capacity of this buffer. */
    #####:  823:  constexpr auto capacity() const FMT_NOEXCEPT -> size_t { return capacity_; }
------------------
fmt::v8::detail::buffer<int>::capacity() const:
function fmt::v8::detail::buffer<int>::capacity() const called 0 returned 0% blocks executed 0%
    #####:  823:  constexpr auto capacity() const FMT_NOEXCEPT -> size_t { return capacity_; }
------------------
fmt::v8::detail::buffer<char>::capacity() const:
function fmt::v8::detail::buffer<char>::capacity() const called 0 returned 0% blocks executed 0%
    #####:  823:  constexpr auto capacity() const FMT_NOEXCEPT -> size_t { return capacity_; }
------------------
        -:  824:
        -:  825:  /** Returns a pointer to the buffer data. */
    #####:  826:  FMT_CONSTEXPR auto data() FMT_NOEXCEPT -> T* { return ptr_; }
------------------
fmt::v8::detail::buffer<int>::data():
function fmt::v8::detail::buffer<int>::data() called 0 returned 0% blocks executed 0%
    #####:  826:  FMT_CONSTEXPR auto data() FMT_NOEXCEPT -> T* { return ptr_; }
------------------
fmt::v8::detail::buffer<char>::data():
function fmt::v8::detail::buffer<char>::data() called 0 returned 0% blocks executed 0%
    #####:  826:  FMT_CONSTEXPR auto data() FMT_NOEXCEPT -> T* { return ptr_; }
------------------
        -:  827:
        -:  828:  /** Returns a pointer to the buffer data. */
        -:  829:  FMT_CONSTEXPR auto data() const FMT_NOEXCEPT -> const T* { return ptr_; }
        -:  830:
        -:  831:  /** Clears this buffer. */
        -:  832:  void clear() { size_ = 0; }
        -:  833:
        -:  834:  // Tries resizing the buffer to contain *count* elements. If T is a POD type
        -:  835:  // the new elements may not be initialized.
function fmt::v8::detail::buffer<char>::try_resize(unsigned long) called 0 returned 0% blocks executed 0%
    #####:  836:  FMT_CONSTEXPR20 void try_resize(size_t count) {
    #####:  837:    try_reserve(count);
call    0 never executed
    #####:  838:    size_ = count <= capacity_ ? count : capacity_;
branch  0 never executed (fallthrough)
branch  1 never executed
    #####:  839:  }
        -:  840:
        -:  841:  // Tries increasing the buffer capacity to *new_capacity*. It can increase the
        -:  842:  // capacity by a smaller amount than requested but guarantees there is space
        -:  843:  // for at least one additional element either by increasing the capacity or by
        -:  844:  // flushing the buffer if it is full.
    #####:  845:  FMT_CONSTEXPR20 void try_reserve(size_t new_capacity) {
    #####:  846:    if (new_capacity > capacity_) grow(new_capacity);
    #####:  847:  }
------------------
fmt::v8::detail::buffer<int>::try_reserve(unsigned long):
function fmt::v8::detail::buffer<int>::try_reserve(unsigned long) called 0 returned 0% blocks executed 0%
    #####:  845:  FMT_CONSTEXPR20 void try_reserve(size_t new_capacity) {
    #####:  846:    if (new_capacity > capacity_) grow(new_capacity);
branch  0 never executed (fallthrough)
branch  1 never executed
call    2 never executed
    #####:  847:  }
------------------
fmt::v8::detail::buffer<char>::try_reserve(unsigned long):
function fmt::v8::detail::buffer<char>::try_reserve(unsigned long) called 0 returned 0% blocks executed 0%
    #####:  845:  FMT_CONSTEXPR20 void try_reserve(size_t new_capacity) {
    #####:  846:    if (new_capacity > capacity_) grow(new_capacity);
branch  0 never executed (fallthrough)
branch  1 never executed
call    2 never executed
    #####:  847:  }
------------------
        -:  848:
    #####:  849:  FMT_CONSTEXPR20 void push_back(const T& value) {
    #####:  850:    try_reserve(size_ + 1);
    #####:  851:    ptr_[size_++] = value;
    #####:  852:  }
------------------
fmt::v8::detail::buffer<int>::push_back(int const&):
function fmt::v8::detail::buffer<int>::push_back(int const&) called 0 returned 0% blocks executed 0%
    #####:  849:  FMT_CONSTEXPR20 void push_back(const T& value) {
    #####:  850:    try_reserve(size_ + 1);
call    0 never executed
    #####:  851:    ptr_[size_++] = value;
    #####:  852:  }
------------------
fmt::v8::detail::buffer<char>::push_back(char const&):
function fmt::v8::detail::buffer<char>::push_back(char const&) called 0 returned 0% blocks executed 0%
    #####:  849:  FMT_CONSTEXPR20 void push_back(const T& value) {
    #####:  850:    try_reserve(size_ + 1);
call    0 never executed
    #####:  851:    ptr_[size_++] = value;
    #####:  852:  }
------------------
        -:  853:
        -:  854:  /** Appends data to the end of the buffer. */
        -:  855:  template <typename U> void append(const U* begin, const U* end);
        -:  856:
function int& fmt::v8::detail::buffer<int>::operator[]<int>(int) called 0 returned 0% blocks executed 0%
    #####:  857:  template <typename I> FMT_CONSTEXPR auto operator[](I index) -> T& {
    #####:  858:    return ptr_[index];
        -:  859:  }
        -:  860:  template <typename I>
        -:  861:  FMT_CONSTEXPR auto operator[](I index) const -> const T& {
        -:  862:    return ptr_[index];
        -:  863:  }
        -:  864:};
        -:  865:
        -:  866:struct buffer_traits {
        -:  867:  explicit buffer_traits(size_t) {}
        -:  868:  auto count() const -> size_t { return 0; }
        -:  869:  auto limit(size_t size) -> size_t { return size; }
        -:  870:};
        -:  871:
        -:  872:class fixed_buffer_traits {
        -:  873: private:
        -:  874:  size_t count_ = 0;
        -:  875:  size_t limit_;
        -:  876:
        -:  877: public:
        -:  878:  explicit fixed_buffer_traits(size_t limit) : limit_(limit) {}
        -:  879:  auto count() const -> size_t { return count_; }
        -:  880:  auto limit(size_t size) -> size_t {
        -:  881:    size_t n = limit_ > count_ ? limit_ - count_ : 0;
        -:  882:    count_ += size;
        -:  883:    return size < n ? size : n;
        -:  884:  }
        -:  885:};
        -:  886:
        -:  887:// A buffer that writes to an output iterator when flushed.
        -:  888:template <typename OutputIt, typename T, typename Traits = buffer_traits>
        -:  889:class iterator_buffer final : public Traits, public buffer<T> {
        -:  890: private:
        -:  891:  OutputIt out_;
        -:  892:  enum { buffer_size = 256 };
        -:  893:  T data_[buffer_size];
        -:  894:
        -:  895: protected:
        -:  896:  FMT_CONSTEXPR20 void grow(size_t) override {
        -:  897:    if (this->size() == buffer_size) flush();
        -:  898:  }
        -:  899:
        -:  900:  void flush() {
        -:  901:    auto size = this->size();
        -:  902:    this->clear();
        -:  903:    out_ = copy_str<T>(data_, data_ + this->limit(size), out_);
        -:  904:  }
        -:  905:
        -:  906: public:
        -:  907:  explicit iterator_buffer(OutputIt out, size_t n = buffer_size)
        -:  908:      : Traits(n), buffer<T>(data_, 0, buffer_size), out_(out) {}
        -:  909:  iterator_buffer(iterator_buffer&& other)
        -:  910:      : Traits(other), buffer<T>(data_, 0, buffer_size), out_(other.out_) {}
        -:  911:  ~iterator_buffer() { flush(); }
        -:  912:
        -:  913:  auto out() -> OutputIt {
        -:  914:    flush();
        -:  915:    return out_;
        -:  916:  }
        -:  917:  auto count() const -> size_t { return Traits::count() + this->size(); }
        -:  918:};
        -:  919:
        -:  920:template <typename T>
        -:  921:class iterator_buffer<T*, T, fixed_buffer_traits> final
        -:  922:    : public fixed_buffer_traits,
        -:  923:      public buffer<T> {
        -:  924: private:
        -:  925:  T* out_;
        -:  926:  enum { buffer_size = 256 };
        -:  927:  T data_[buffer_size];
        -:  928:
        -:  929: protected:
        -:  930:  FMT_CONSTEXPR20 void grow(size_t) override {
        -:  931:    if (this->size() == this->capacity()) flush();
        -:  932:  }
        -:  933:
        -:  934:  void flush() {
        -:  935:    size_t n = this->limit(this->size());
        -:  936:    if (this->data() == out_) {
        -:  937:      out_ += n;
        -:  938:      this->set(data_, buffer_size);
        -:  939:    }
        -:  940:    this->clear();
        -:  941:  }
        -:  942:
        -:  943: public:
        -:  944:  explicit iterator_buffer(T* out, size_t n = buffer_size)
        -:  945:      : fixed_buffer_traits(n), buffer<T>(out, 0, n), out_(out) {}
        -:  946:  iterator_buffer(iterator_buffer&& other)
        -:  947:      : fixed_buffer_traits(other),
        -:  948:        buffer<T>(std::move(other)),
        -:  949:        out_(other.out_) {
        -:  950:    if (this->data() != out_) {
        -:  951:      this->set(data_, buffer_size);
        -:  952:      this->clear();
        -:  953:    }
        -:  954:  }
        -:  955:  ~iterator_buffer() { flush(); }
        -:  956:
        -:  957:  auto out() -> T* {
        -:  958:    flush();
        -:  959:    return out_;
        -:  960:  }
        -:  961:  auto count() const -> size_t {
        -:  962:    return fixed_buffer_traits::count() + this->size();
        -:  963:  }
        -:  964:};
        -:  965:
        -:  966:template <typename T> class iterator_buffer<T*, T> final : public buffer<T> {
        -:  967: protected:
        -:  968:  FMT_CONSTEXPR20 void grow(size_t) override {}
        -:  969:
        -:  970: public:
        -:  971:  explicit iterator_buffer(T* out, size_t = 0) : buffer<T>(out, 0, ~size_t()) {}
        -:  972:
        -:  973:  auto out() -> T* { return &*this->end(); }
        -:  974:};
        -:  975:
        -:  976:// A buffer that writes to a container with the contiguous storage.
        -:  977:template <typename Container>
        -:  978:class iterator_buffer<std::back_insert_iterator<Container>,
        -:  979:                      enable_if_t<is_contiguous<Container>::value,
        -:  980:                                  typename Container::value_type>>
        -:  981:    final : public buffer<typename Container::value_type> {
        -:  982: private:
        -:  983:  Container& container_;
        -:  984:
        -:  985: protected:
        -:  986:  FMT_CONSTEXPR20 void grow(size_t capacity) override {
        -:  987:    container_.resize(capacity);
        -:  988:    this->set(&container_[0], capacity);
        -:  989:  }
        -:  990:
        -:  991: public:
        -:  992:  explicit iterator_buffer(Container& c)
        -:  993:      : buffer<typename Container::value_type>(c.size()), container_(c) {}
        -:  994:  explicit iterator_buffer(std::back_insert_iterator<Container> out, size_t = 0)
        -:  995:      : iterator_buffer(get_container(out)) {}
        -:  996:  auto out() -> std::back_insert_iterator<Container> {
        -:  997:    return std::back_inserter(container_);
        -:  998:  }
        -:  999:};
        -: 1000:
        -: 1001:// A buffer that counts the number of code units written discarding the output.
        -: 1002:template <typename T = char> class counting_buffer final : public buffer<T> {
        -: 1003: private:
        -: 1004:  enum { buffer_size = 256 };
        -: 1005:  T data_[buffer_size];
        -: 1006:  size_t count_ = 0;
        -: 1007:
        -: 1008: protected:
        -: 1009:  FMT_CONSTEXPR20 void grow(size_t) override {
        -: 1010:    if (this->size() != buffer_size) return;
        -: 1011:    count_ += this->size();
        -: 1012:    this->clear();
        -: 1013:  }
        -: 1014:
        -: 1015: public:
        -: 1016:  counting_buffer() : buffer<T>(data_, 0, buffer_size) {}
        -: 1017:
        -: 1018:  auto count() -> size_t { return count_ + this->size(); }
        -: 1019:};
        -: 1020:
        -: 1021:template <typename T>
        -: 1022:using buffer_appender = conditional_t<std::is_same<T, char>::value, appender,
        -: 1023:                                      std::back_insert_iterator<buffer<T>>>;
        -: 1024:
        -: 1025:// Maps an output iterator to a buffer.
        -: 1026:template <typename T, typename OutputIt>
        -: 1027:auto get_buffer(OutputIt out) -> iterator_buffer<OutputIt, T> {
        -: 1028:  return iterator_buffer<OutputIt, T>(out);
        -: 1029:}
        -: 1030:
        -: 1031:template <typename Buffer>
        -: 1032:auto get_iterator(Buffer& buf) -> decltype(buf.out()) {
        -: 1033:  return buf.out();
        -: 1034:}
        -: 1035:template <typename T> auto get_iterator(buffer<T>& buf) -> buffer_appender<T> {
        -: 1036:  return buffer_appender<T>(buf);
        -: 1037:}
        -: 1038:
        -: 1039:template <typename T, typename Char = char, typename Enable = void>
        -: 1040:struct fallback_formatter {
        -: 1041:  fallback_formatter() = delete;
        -: 1042:};
        -: 1043:
        -: 1044:// Specifies if T has an enabled fallback_formatter specialization.
        -: 1045:template <typename T, typename Char>
        -: 1046:using has_fallback_formatter =
        -: 1047:    std::is_constructible<fallback_formatter<T, Char>>;
        -: 1048:
        -: 1049:struct view {};
        -: 1050:
        -: 1051:template <typename Char, typename T> struct named_arg : view {
        -: 1052:  const Char* name;
        -: 1053:  const T& value;
        -: 1054:  named_arg(const Char* n, const T& v) : name(n), value(v) {}
        -: 1055:};
        -: 1056:
        -: 1057:template <typename Char> struct named_arg_info {
        -: 1058:  const Char* name;
        -: 1059:  int id;
        -: 1060:};
        -: 1061:
        -: 1062:template <typename T, typename Char, size_t NUM_ARGS, size_t NUM_NAMED_ARGS>
        -: 1063:struct arg_data {
        -: 1064:  // args_[0].named_args points to named_args_ to avoid bloating format_args.
        -: 1065:  // +1 to workaround a bug in gcc 7.5 that causes duplicated-branches warning.
        -: 1066:  T args_[1 + (NUM_ARGS != 0 ? NUM_ARGS : +1)];
        -: 1067:  named_arg_info<Char> named_args_[NUM_NAMED_ARGS];
        -: 1068:
        -: 1069:  template <typename... U>
        -: 1070:  arg_data(const U&... init) : args_{T(named_args_, NUM_NAMED_ARGS), init...} {}
        -: 1071:  arg_data(const arg_data& other) = delete;
        -: 1072:  auto args() const -> const T* { return args_ + 1; }
        -: 1073:  auto named_args() -> named_arg_info<Char>* { return named_args_; }
        -: 1074:};
        -: 1075:
        -: 1076:template <typename T, typename Char, size_t NUM_ARGS>
        -: 1077:struct arg_data<T, Char, NUM_ARGS, 0> {
        -: 1078:  // +1 to workaround a bug in gcc 7.5 that causes duplicated-branches warning.
        -: 1079:  T args_[NUM_ARGS != 0 ? NUM_ARGS : +1];
        -: 1080:
        -: 1081:  template <typename... U>
    #####: 1082:  FMT_CONSTEXPR FMT_INLINE arg_data(const U&... init) : args_{init...} {}
    #####: 1083:  FMT_CONSTEXPR FMT_INLINE auto args() const -> const T* { return args_; }
        -: 1084:  FMT_CONSTEXPR FMT_INLINE auto named_args() -> std::nullptr_t {
        -: 1085:    return nullptr;
        -: 1086:  }
        -: 1087:};
        -: 1088:
        -: 1089:template <typename Char>
        -: 1090:inline void init_named_args(named_arg_info<Char>*, int, int) {}
        -: 1091:
        -: 1092:template <typename T> struct is_named_arg : std::false_type {};
        -: 1093:template <typename T> struct is_statically_named_arg : std::false_type {};
        -: 1094:
        -: 1095:template <typename T, typename Char>
        -: 1096:struct is_named_arg<named_arg<Char, T>> : std::true_type {};
        -: 1097:
        -: 1098:template <typename Char, typename T, typename... Tail,
        -: 1099:          FMT_ENABLE_IF(!is_named_arg<T>::value)>
        -: 1100:void init_named_args(named_arg_info<Char>* named_args, int arg_count,
        -: 1101:                     int named_arg_count, const T&, const Tail&... args) {
        -: 1102:  init_named_args(named_args, arg_count + 1, named_arg_count, args...);
        -: 1103:}
        -: 1104:
        -: 1105:template <typename Char, typename T, typename... Tail,
        -: 1106:          FMT_ENABLE_IF(is_named_arg<T>::value)>
        -: 1107:void init_named_args(named_arg_info<Char>* named_args, int arg_count,
        -: 1108:                     int named_arg_count, const T& arg, const Tail&... args) {
        -: 1109:  named_args[named_arg_count++] = {arg.name, arg_count};
        -: 1110:  init_named_args(named_args, arg_count + 1, named_arg_count, args...);
        -: 1111:}
        -: 1112:
        -: 1113:template <typename... Args>
        -: 1114:FMT_CONSTEXPR FMT_INLINE void init_named_args(std::nullptr_t, int, int,
        -: 1115:                                              const Args&...) {}
        -: 1116:
        -: 1117:template <bool B = false> constexpr auto count() -> size_t { return B ? 1 : 0; }
        -: 1118:template <bool B1, bool B2, bool... Tail> constexpr auto count() -> size_t {
        -: 1119:  return (B1 ? 1 : 0) + count<B2, Tail...>();
        -: 1120:}
        -: 1121:
        -: 1122:template <typename... Args> constexpr auto count_named_args() -> size_t {
        -: 1123:  return count<is_named_arg<Args>::value...>();
        -: 1124:}
        -: 1125:
        -: 1126:template <typename... Args>
        -: 1127:constexpr auto count_statically_named_args() -> size_t {
        -: 1128:  return count<is_statically_named_arg<Args>::value...>();
        -: 1129:}
        -: 1130:
        -: 1131:enum class type {
        -: 1132:  none_type,
        -: 1133:  // Integer types should go first,
        -: 1134:  int_type,
        -: 1135:  uint_type,
        -: 1136:  long_long_type,
        -: 1137:  ulong_long_type,
        -: 1138:  int128_type,
        -: 1139:  uint128_type,
        -: 1140:  bool_type,
        -: 1141:  char_type,
        -: 1142:  last_integer_type = char_type,
        -: 1143:  // followed by floating-point types.
        -: 1144:  float_type,
        -: 1145:  double_type,
        -: 1146:  long_double_type,
        -: 1147:  last_numeric_type = long_double_type,
        -: 1148:  cstring_type,
        -: 1149:  string_type,
        -: 1150:  pointer_type,
        -: 1151:  custom_type
        -: 1152:};
        -: 1153:
        -: 1154:// Maps core type T to the corresponding type enum constant.
        -: 1155:template <typename T, typename Char>
        -: 1156:struct type_constant : std::integral_constant<type, type::custom_type> {};
        -: 1157:
        -: 1158:#define FMT_TYPE_CONSTANT(Type, constant) \
        -: 1159:  template <typename Char>                \
        -: 1160:  struct type_constant<Type, Char>        \
        -: 1161:      : std::integral_constant<type, type::constant> {}
        -: 1162:
        -: 1163:FMT_TYPE_CONSTANT(int, int_type);
        -: 1164:FMT_TYPE_CONSTANT(unsigned, uint_type);
        -: 1165:FMT_TYPE_CONSTANT(long long, long_long_type);
        -: 1166:FMT_TYPE_CONSTANT(unsigned long long, ulong_long_type);
        -: 1167:FMT_TYPE_CONSTANT(int128_t, int128_type);
        -: 1168:FMT_TYPE_CONSTANT(uint128_t, uint128_type);
        -: 1169:FMT_TYPE_CONSTANT(bool, bool_type);
        -: 1170:FMT_TYPE_CONSTANT(Char, char_type);
        -: 1171:FMT_TYPE_CONSTANT(float, float_type);
        -: 1172:FMT_TYPE_CONSTANT(double, double_type);
        -: 1173:FMT_TYPE_CONSTANT(long double, long_double_type);
        -: 1174:FMT_TYPE_CONSTANT(const Char*, cstring_type);
        -: 1175:FMT_TYPE_CONSTANT(basic_string_view<Char>, string_type);
        -: 1176:FMT_TYPE_CONSTANT(const void*, pointer_type);
        -: 1177:
function fmt::v8::detail::is_integral_type(fmt::v8::detail::type) called 0 returned 0% blocks executed 0%
    #####: 1178:constexpr bool is_integral_type(type t) {
    #####: 1179:  return t > type::none_type && t <= type::last_integer_type;
        -: 1180:}
        -: 1181:
function fmt::v8::detail::is_arithmetic_type(fmt::v8::detail::type) called 0 returned 0% blocks executed 0%
    #####: 1182:constexpr bool is_arithmetic_type(type t) {
    #####: 1183:  return t > type::none_type && t <= type::last_numeric_type;
        -: 1184:}
        -: 1185:
        -: 1186:struct unformattable {};
        -: 1187:struct unformattable_char : unformattable {};
        -: 1188:struct unformattable_const : unformattable {};
        -: 1189:struct unformattable_pointer : unformattable {};
        -: 1190:
        -: 1191:template <typename Char> struct string_value {
        -: 1192:  const Char* data;
        -: 1193:  size_t size;
        -: 1194:};
        -: 1195:
        -: 1196:template <typename Char> struct named_arg_value {
        -: 1197:  const named_arg_info<Char>* data;
        -: 1198:  size_t size;
        -: 1199:};
        -: 1200:
        -: 1201:template <typename Context> struct custom_value {
        -: 1202:  using parse_context = typename Context::parse_context_type;
        -: 1203:  void* value;
        -: 1204:  void (*format)(void* arg, parse_context& parse_ctx, Context& ctx);
        -: 1205:};
        -: 1206:
        -: 1207:// A formatting argument value.
        -: 1208:template <typename Context> class value {
        -: 1209: public:
        -: 1210:  using char_type = typename Context::char_type;
        -: 1211:
        -: 1212:  union {
        -: 1213:    monostate no_value;
        -: 1214:    int int_value;
        -: 1215:    unsigned uint_value;
        -: 1216:    long long long_long_value;
        -: 1217:    unsigned long long ulong_long_value;
        -: 1218:    int128_t int128_value;
        -: 1219:    uint128_t uint128_value;
        -: 1220:    bool bool_value;
        -: 1221:    char_type char_value;
        -: 1222:    float float_value;
        -: 1223:    double double_value;
        -: 1224:    long double long_double_value;
        -: 1225:    const void* pointer;
        -: 1226:    string_value<char_type> string;
        -: 1227:    custom_value<Context> custom;
        -: 1228:    named_arg_value<char_type> named_args;
        -: 1229:  };
        -: 1230:
    #####: 1231:  constexpr FMT_INLINE value() : no_value() {}
        -: 1232:  constexpr FMT_INLINE value(int val) : int_value(val) {}
        -: 1233:  constexpr FMT_INLINE value(unsigned val) : uint_value(val) {}
        -: 1234:  constexpr FMT_INLINE value(long long val) : long_long_value(val) {}
        -: 1235:  constexpr FMT_INLINE value(unsigned long long val) : ulong_long_value(val) {}
        -: 1236:  FMT_INLINE value(int128_t val) : int128_value(val) {}
        -: 1237:  FMT_INLINE value(uint128_t val) : uint128_value(val) {}
        -: 1238:  constexpr FMT_INLINE value(float val) : float_value(val) {}
        -: 1239:  constexpr FMT_INLINE value(double val) : double_value(val) {}
        -: 1240:  FMT_INLINE value(long double val) : long_double_value(val) {}
        -: 1241:  constexpr FMT_INLINE value(bool val) : bool_value(val) {}
        -: 1242:  constexpr FMT_INLINE value(char_type val) : char_value(val) {}
        -: 1243:  FMT_CONSTEXPR FMT_INLINE value(const char_type* val) {
        -: 1244:    string.data = val;
        -: 1245:    if (is_constant_evaluated()) string.size = {};
        -: 1246:  }
        -: 1247:  FMT_CONSTEXPR FMT_INLINE value(basic_string_view<char_type> val) {
        -: 1248:    string.data = val.data();
        -: 1249:    string.size = val.size();
        -: 1250:  }
        -: 1251:  FMT_INLINE value(const void* val) : pointer(val) {}
        -: 1252:  FMT_INLINE value(const named_arg_info<char_type>* args, size_t size)
        -: 1253:      : named_args{args, size} {}
        -: 1254:
        -: 1255:  template <typename T> FMT_CONSTEXPR FMT_INLINE value(T& val) {
        -: 1256:    using value_type = remove_cvref_t<T>;
        -: 1257:    custom.value = const_cast<value_type*>(&val);
        -: 1258:    // Get the formatter type through the context to allow different contexts
        -: 1259:    // have different extension points, e.g. `formatter<T>` for `format` and
        -: 1260:    // `printf_formatter<T>` for `printf`.
        -: 1261:    custom.format = format_custom_arg<
        -: 1262:        value_type,
        -: 1263:        conditional_t<has_formatter<value_type, Context>::value,
        -: 1264:                      typename Context::template formatter_type<value_type>,
        -: 1265:                      fallback_formatter<value_type, char_type>>>;
        -: 1266:  }
        -: 1267:  value(unformattable);
        -: 1268:  value(unformattable_char);
        -: 1269:  value(unformattable_const);
        -: 1270:  value(unformattable_pointer);
        -: 1271:
        -: 1272: private:
        -: 1273:  // Formats an argument of a custom type, such as a user-defined class.
        -: 1274:  template <typename T, typename Formatter>
        -: 1275:  static void format_custom_arg(void* arg,
        -: 1276:                                typename Context::parse_context_type& parse_ctx,
        -: 1277:                                Context& ctx) {
        -: 1278:    auto f = Formatter();
        -: 1279:    parse_ctx.advance_to(f.parse(parse_ctx));
        -: 1280:    using qualified_type =
        -: 1281:        conditional_t<has_const_formatter<T, Context>(), const T, T>;
        -: 1282:    ctx.advance_to(f.format(*static_cast<qualified_type*>(arg), ctx));
        -: 1283:  }
        -: 1284:};
        -: 1285:
        -: 1286:template <typename Context, typename T>
        -: 1287:FMT_CONSTEXPR auto make_arg(const T& value) -> basic_format_arg<Context>;
        -: 1288:
        -: 1289:// To minimize the number of types we need to deal with, long is translated
        -: 1290:// either to int or to long long depending on its size.
        -: 1291:enum { long_short = sizeof(long) == sizeof(int) };
        -: 1292:using long_type = conditional_t<long_short, int, long long>;
        -: 1293:using ulong_type = conditional_t<long_short, unsigned, unsigned long long>;
        -: 1294:
        -: 1295:// Maps formatting arguments to core types.
        -: 1296:// arg_mapper reports errors by returning unformattable instead of using
        -: 1297:// static_assert because it's used in the is_formattable trait.
        -: 1298:template <typename Context> struct arg_mapper {
        -: 1299:  using char_type = typename Context::char_type;
        -: 1300:
        -: 1301:  FMT_CONSTEXPR FMT_INLINE auto map(signed char val) -> int { return val; }
        -: 1302:  FMT_CONSTEXPR FMT_INLINE auto map(unsigned char val) -> unsigned {
        -: 1303:    return val;
        -: 1304:  }
        -: 1305:  FMT_CONSTEXPR FMT_INLINE auto map(short val) -> int { return val; }
        -: 1306:  FMT_CONSTEXPR FMT_INLINE auto map(unsigned short val) -> unsigned {
        -: 1307:    return val;
        -: 1308:  }
        -: 1309:  FMT_CONSTEXPR FMT_INLINE auto map(int val) -> int { return val; }
        -: 1310:  FMT_CONSTEXPR FMT_INLINE auto map(unsigned val) -> unsigned { return val; }
        -: 1311:  FMT_CONSTEXPR FMT_INLINE auto map(long val) -> long_type { return val; }
        -: 1312:  FMT_CONSTEXPR FMT_INLINE auto map(unsigned long val) -> ulong_type {
        -: 1313:    return val;
        -: 1314:  }
        -: 1315:  FMT_CONSTEXPR FMT_INLINE auto map(long long val) -> long long { return val; }
        -: 1316:  FMT_CONSTEXPR FMT_INLINE auto map(unsigned long long val)
        -: 1317:      -> unsigned long long {
        -: 1318:    return val;
        -: 1319:  }
        -: 1320:  FMT_CONSTEXPR FMT_INLINE auto map(int128_t val) -> int128_t { return val; }
        -: 1321:  FMT_CONSTEXPR FMT_INLINE auto map(uint128_t val) -> uint128_t { return val; }
        -: 1322:  FMT_CONSTEXPR FMT_INLINE auto map(bool val) -> bool { return val; }
        -: 1323:
        -: 1324:  template <typename T, FMT_ENABLE_IF(std::is_same<T, char>::value ||
        -: 1325:                                      std::is_same<T, char_type>::value)>
        -: 1326:  FMT_CONSTEXPR FMT_INLINE auto map(T val) -> char_type {
        -: 1327:    return val;
        -: 1328:  }
        -: 1329:  template <typename T, enable_if_t<(std::is_same<T, wchar_t>::value ||
        -: 1330:#ifdef __cpp_char8_t
        -: 1331:                                     std::is_same<T, char8_t>::value ||
        -: 1332:#endif
        -: 1333:                                     std::is_same<T, char16_t>::value ||
        -: 1334:                                     std::is_same<T, char32_t>::value) &&
        -: 1335:                                        !std::is_same<T, char_type>::value,
        -: 1336:                                    int> = 0>
        -: 1337:  FMT_CONSTEXPR FMT_INLINE auto map(T) -> unformattable_char {
        -: 1338:    return {};
        -: 1339:  }
        -: 1340:
        -: 1341:  FMT_CONSTEXPR FMT_INLINE auto map(float val) -> float { return val; }
        -: 1342:  FMT_CONSTEXPR FMT_INLINE auto map(double val) -> double { return val; }
        -: 1343:  FMT_CONSTEXPR FMT_INLINE auto map(long double val) -> long double {
        -: 1344:    return val;
        -: 1345:  }
        -: 1346:
        -: 1347:  FMT_CONSTEXPR FMT_INLINE auto map(char_type* val) -> const char_type* {
        -: 1348:    return val;
        -: 1349:  }
        -: 1350:  FMT_CONSTEXPR FMT_INLINE auto map(const char_type* val) -> const char_type* {
        -: 1351:    return val;
        -: 1352:  }
        -: 1353:  template <typename T,
        -: 1354:            FMT_ENABLE_IF(is_string<T>::value && !std::is_pointer<T>::value &&
        -: 1355:                          std::is_same<char_type, char_t<T>>::value)>
        -: 1356:  FMT_CONSTEXPR FMT_INLINE auto map(const T& val)
        -: 1357:      -> basic_string_view<char_type> {
        -: 1358:    return to_string_view(val);
        -: 1359:  }
        -: 1360:  template <typename T,
        -: 1361:            FMT_ENABLE_IF(is_string<T>::value && !std::is_pointer<T>::value &&
        -: 1362:                          !std::is_same<char_type, char_t<T>>::value)>
        -: 1363:  FMT_CONSTEXPR FMT_INLINE auto map(const T&) -> unformattable_char {
        -: 1364:    return {};
        -: 1365:  }
        -: 1366:  template <typename T,
        -: 1367:            FMT_ENABLE_IF(
        -: 1368:                std::is_constructible<basic_string_view<char_type>, T>::value &&
        -: 1369:                !is_string<T>::value && !has_formatter<T, Context>::value &&
        -: 1370:                !has_fallback_formatter<T, char_type>::value)>
        -: 1371:  FMT_CONSTEXPR FMT_INLINE auto map(const T& val)
        -: 1372:      -> basic_string_view<char_type> {
        -: 1373:    return basic_string_view<char_type>(val);
        -: 1374:  }
        -: 1375:  template <
        -: 1376:      typename T,
        -: 1377:      FMT_ENABLE_IF(
        -: 1378:          std::is_constructible<std_string_view<char_type>, T>::value &&
        -: 1379:          !std::is_constructible<basic_string_view<char_type>, T>::value &&
        -: 1380:          !is_string<T>::value && !has_formatter<T, Context>::value &&
        -: 1381:          !has_fallback_formatter<T, char_type>::value)>
[...]
    #####: 2846:    Handler::on_hash();
call    0 never executed
    #####: 2847:  }
        -: 2848:
function fmt::v8::detail::specs_checker<fmt::v8::detail::specs_handler<char> >::on_localized() called 0 returned 0% blocks executed 0%
    #####: 2849:  FMT_CONSTEXPR void on_localized() {
    #####: 2850:    require_numeric_argument();
call    0 never executed
    #####: 2851:    Handler::on_localized();
call    0 never executed
    #####: 2852:  }
        -: 2853:
function fmt::v8::detail::specs_checker<fmt::v8::detail::specs_handler<char> >::on_zero() called 0 returned 0% blocks executed 0%
    #####: 2854:  FMT_CONSTEXPR void on_zero() {
    #####: 2855:    require_numeric_argument();
call    0 never executed
    #####: 2856:    Handler::on_zero();
call    0 never executed
    #####: 2857:  }
        -: 2858:
function fmt::v8::detail::specs_checker<fmt::v8::detail::specs_handler<char> >::end_precision() called 0 returned 0% blocks executed 0%
    #####: 2859:  FMT_CONSTEXPR void end_precision() {
    #####: 2860:    if (is_integral_type(arg_type_) || arg_type_ == type::pointer_type)
branch  0 never executed (fallthrough)
branch  1 never executed
branch  2 never executed (fallthrough)
branch  3 never executed
    #####: 2861:      this->on_error("precision not allowed for this argument type");
call    0 never executed
    #####: 2862:  }
        -: 2863:};
        -: 2864:
        -: 2865:constexpr int invalid_arg_index = -1;
        -: 2866:
        -: 2867:#if FMT_USE_NONTYPE_TEMPLATE_PARAMETERS
        -: 2868:template <int N, typename T, typename... Args, typename Char>
        -: 2869:constexpr auto get_arg_index_by_name(basic_string_view<Char> name) -> int {
        -: 2870:  if constexpr (detail::is_statically_named_arg<T>()) {
        -: 2871:    if (name == T::name) return N;
        -: 2872:  }
        -: 2873:  if constexpr (sizeof...(Args) > 0)
        -: 2874:    return get_arg_index_by_name<N + 1, Args...>(name);
        -: 2875:  (void)name;  // Workaround an MSVC bug about "unused" parameter.
        -: 2876:  return invalid_arg_index;
        -: 2877:}
        -: 2878:#endif
        -: 2879:
        -: 2880:template <typename... Args, typename Char>
        -: 2881:FMT_CONSTEXPR auto get_arg_index_by_name(basic_string_view<Char> name) -> int {
        -: 2882:#if FMT_USE_NONTYPE_TEMPLATE_PARAMETERS
        -: 2883:  if constexpr (sizeof...(Args) > 0)
        -: 2884:    return get_arg_index_by_name<0, Args...>(name);
        -: 2885:#endif
        -: 2886:  (void)name;
        -: 2887:  return invalid_arg_index;
        -: 2888:}
        -: 2889:
        -: 2890:template <typename Char, typename ErrorHandler, typename... Args>
        -: 2891:class format_string_checker {
        -: 2892: private:
        -: 2893:  using parse_context_type = compile_parse_context<Char, ErrorHandler>;
        -: 2894:  enum { num_args = sizeof...(Args) };
        -: 2895:
        -: 2896:  // Format specifier parsing function.
        -: 2897:  using parse_func = const Char* (*)(parse_context_type&);
        -: 2898:
        -: 2899:  parse_context_type context_;
        -: 2900:  parse_func parse_funcs_[num_args > 0 ? num_args : 1];
        -: 2901:
        -: 2902: public:
        -: 2903:  explicit FMT_CONSTEXPR format_string_checker(
        -: 2904:      basic_string_view<Char> format_str, ErrorHandler eh)
        -: 2905:      : context_(format_str, num_args, eh),
        -: 2906:        parse_funcs_{&parse_format_specs<Args, parse_context_type>...} {}
        -: 2907:
        -: 2908:  FMT_CONSTEXPR void on_text(const Char*, const Char*) {}
        -: 2909:
        -: 2910:  FMT_CONSTEXPR auto on_arg_id() -> int { return context_.next_arg_id(); }
        -: 2911:  FMT_CONSTEXPR auto on_arg_id(int id) -> int {
        -: 2912:    return context_.check_arg_id(id), id;
        -: 2913:  }
        -: 2914:  FMT_CONSTEXPR auto on_arg_id(basic_string_view<Char> id) -> int {
        -: 2915:#if FMT_USE_NONTYPE_TEMPLATE_PARAMETERS
        -: 2916:    auto index = get_arg_index_by_name<Args...>(id);
        -: 2917:    if (index == invalid_arg_index) on_error("named argument is not found");
        -: 2918:    return context_.check_arg_id(index), index;
        -: 2919:#else
        -: 2920:    (void)id;
        -: 2921:    on_error("compile-time checks for named arguments require C++20 support");
        -: 2922:    return 0;
        -: 2923:#endif
        -: 2924:  }
        -: 2925:
        -: 2926:  FMT_CONSTEXPR void on_replacement_field(int, const Char*) {}
        -: 2927:
        -: 2928:  FMT_CONSTEXPR auto on_format_specs(int id, const Char* begin, const Char*)
        -: 2929:      -> const Char* {
        -: 2930:    context_.advance_to(context_.begin() + (begin - &*context_.begin()));
        -: 2931:    // id >= 0 check is a workaround for gcc 10 bug (#2065).
        -: 2932:    return id >= 0 && id < num_args ? parse_funcs_[id](context_) : begin;
        -: 2933:  }
        -: 2934:
        -: 2935:  FMT_CONSTEXPR void on_error(const char* message) {
        -: 2936:    context_.on_error(message);
        -: 2937:  }
        -: 2938:};
        -: 2939:
        -: 2940:template <typename... Args, typename S,
        -: 2941:          enable_if_t<(is_compile_string<S>::value), int>>
        -: 2942:void check_format_string(S format_str) {
        -: 2943:  FMT_CONSTEXPR auto s = to_string_view(format_str);
        -: 2944:  using checker = format_string_checker<typename S::char_type, error_handler,
        -: 2945:                                        remove_cvref_t<Args>...>;
        -: 2946:  FMT_CONSTEXPR bool invalid_format =
        -: 2947:      (parse_format_string<true>(s, checker(s, {})), true);
        -: 2948:  ignore_unused(invalid_format);
        -: 2949:}
        -: 2950:
        -: 2951:template <typename Char>
        -: 2952:void vformat_to(
        -: 2953:    buffer<Char>& buf, basic_string_view<Char> fmt,
        -: 2954:    basic_format_args<FMT_BUFFER_CONTEXT(type_identity_t<Char>)> args,
        -: 2955:    locale_ref loc = {});
        -: 2956:
        -: 2957:FMT_API void vprint_mojibake(std::FILE*, string_view, format_args);
        -: 2958:#ifndef _WIN32
        -: 2959:inline void vprint_mojibake(std::FILE*, string_view, format_args) {}
        -: 2960:#endif
        -: 2961:FMT_END_DETAIL_NAMESPACE
        -: 2962:
        -: 2963:// A formatter specialization for the core types corresponding to detail::type
        -: 2964:// constants.
        -: 2965:template <typename T, typename Char>
        -: 2966:struct formatter<T, Char,
        -: 2967:                 enable_if_t<detail::type_constant<T, Char>::value !=
        -: 2968:                             detail::type::custom_type>> {
        -: 2969: private:
        -: 2970:  detail::dynamic_format_specs<Char> specs_;
        -: 2971:
        -: 2972: public:
        -: 2973:  // Parses format specifiers stopping either at the end of the range or at the
        -: 2974:  // terminating '}'.
        -: 2975:  template <typename ParseContext>
        -: 2976:  FMT_CONSTEXPR auto parse(ParseContext& ctx) -> decltype(ctx.begin()) {
        -: 2977:    auto begin = ctx.begin(), end = ctx.end();
        -: 2978:    if (begin == end) return begin;
        -: 2979:    using handler_type = detail::dynamic_specs_handler<ParseContext>;
        -: 2980:    auto type = detail::type_constant<T, Char>::value;
        -: 2981:    auto checker =
        -: 2982:        detail::specs_checker<handler_type>(handler_type(specs_, ctx), type);
        -: 2983:    auto it = detail::parse_format_specs(begin, end, checker);
        -: 2984:    auto eh = ctx.error_handler();
        -: 2985:    switch (type) {
        -: 2986:    case detail::type::none_type:
        -: 2987:      FMT_ASSERT(false, "invalid argument type");
        -: 2988:      break;
        -: 2989:    case detail::type::bool_type:
        -: 2990:      if (specs_.type == presentation_type::none ||
        -: 2991:          specs_.type == presentation_type::string) {
        -: 2992:        break;
        -: 2993:      }
        -: 2994:      FMT_FALLTHROUGH;
        -: 2995:    case detail::type::int_type:
        -: 2996:    case detail::type::uint_type:
        -: 2997:    case detail::type::long_long_type:
        -: 2998:    case detail::type::ulong_long_type:
        -: 2999:    case detail::type::int128_type:
        -: 3000:    case detail::type::uint128_type:
        -: 3001:      detail::check_int_type_spec(specs_.type, eh);
        -: 3002:      break;
        -: 3003:    case detail::type::char_type:
        -: 3004:      detail::check_char_specs(specs_, eh);
        -: 3005:      break;
        -: 3006:    case detail::type::float_type:
        -: 3007:      if (detail::const_check(FMT_USE_FLOAT))
        -: 3008:        detail::parse_float_type_spec(specs_, eh);
        -: 3009:      else
        -: 3010:        FMT_ASSERT(false, "float support disabled");
        -: 3011:      break;
        -: 3012:    case detail::type::double_type:
        -: 3013:      if (detail::const_check(FMT_USE_DOUBLE))
        -: 3014:        detail::parse_float_type_spec(specs_, eh);
        -: 3015:      else
        -: 3016:        FMT_ASSERT(false, "double support disabled");
        -: 3017:      break;
        -: 3018:    case detail::type::long_double_type:
        -: 3019:      if (detail::const_check(FMT_USE_LONG_DOUBLE))
        -: 3020:        detail::parse_float_type_spec(specs_, eh);
        -: 3021:      else
        -: 3022:        FMT_ASSERT(false, "long double support disabled");
        -: 3023:      break;
        -: 3024:    case detail::type::cstring_type:
        -: 3025:      detail::check_cstring_type_spec(specs_.type, eh);
        -: 3026:      break;
        -: 3027:    case detail::type::string_type:
        -: 3028:      detail::check_string_type_spec(specs_.type, eh);
        -: 3029:      break;
        -: 3030:    case detail::type::pointer_type:
        -: 3031:      detail::check_pointer_type_spec(specs_.type, eh);
        -: 3032:      break;
        -: 3033:    case detail::type::custom_type:
        -: 3034:      // Custom format specifiers are checked in parse functions of
        -: 3035:      // formatter specializations.
        -: 3036:      break;
        -: 3037:    }
        -: 3038:    return it;
        -: 3039:  }
        -: 3040:
        -: 3041:  template <typename FormatContext>
        -: 3042:  FMT_CONSTEXPR auto format(const T& val, FormatContext& ctx) const
        -: 3043:      -> decltype(ctx.out());
        -: 3044:};
        -: 3045:
        -: 3046:template <typename Char> struct basic_runtime { basic_string_view<Char> str; };
        -: 3047:
        -: 3048:/** A compile-time format string. */
        -: 3049:template <typename Char, typename... Args> class basic_format_string {
        -: 3050: private:
        -: 3051:  basic_string_view<Char> str_;
        -: 3052:
        -: 3053: public:
        -: 3054:  template <typename S,
        -: 3055:            FMT_ENABLE_IF(
        -: 3056:                std::is_convertible<const S&, basic_string_view<Char>>::value)>
        -: 3057:  FMT_CONSTEVAL FMT_INLINE basic_format_string(const S& s) : str_(s) {
        -: 3058:    static_assert(
        -: 3059:        detail::count<
        -: 3060:            (std::is_base_of<detail::view, remove_reference_t<Args>>::value &&
        -: 3061:             std::is_reference<Args>::value)...>() == 0,
        -: 3062:        "passing views as lvalues is disallowed");
        -: 3063:#ifdef FMT_HAS_CONSTEVAL
        -: 3064:    if constexpr (detail::count_named_args<Args...>() ==
        -: 3065:                  detail::count_statically_named_args<Args...>()) {
        -: 3066:      using checker = detail::format_string_checker<Char, detail::error_handler,
        -: 3067:                                                    remove_cvref_t<Args>...>;
        -: 3068:      detail::parse_format_string<true>(str_, checker(s, {}));
        -: 3069:    }
        -: 3070:#else
        -: 3071:    detail::check_format_string<Args...>(s);
        -: 3072:#endif
        -: 3073:  }
        -: 3074:  basic_format_string(basic_runtime<Char> r) : str_(r.str) {}
        -: 3075:
        -: 3076:  FMT_INLINE operator basic_string_view<Char>() const { return str_; }
        -: 3077:};
        -: 3078:
        -: 3079:#if FMT_GCC_VERSION && FMT_GCC_VERSION < 409
        -: 3080:// Workaround broken conversion on older gcc.
        -: 3081:template <typename... Args> using format_string = string_view;
        -: 3082:template <typename S> auto runtime(const S& s) -> basic_string_view<char_t<S>> {
        -: 3083:  return s;
        -: 3084:}
        -: 3085:#else
        -: 3086:template <typename... Args>
        -: 3087:using format_string = basic_format_string<char, type_identity_t<Args>...>;
        -: 3088:/**
        -: 3089:  \rst
        -: 3090:  Creates a runtime format string.
        -: 3091:
        -: 3092:  **Example**::
        -: 3093:
        -: 3094:    // Check format string at runtime instead of compile-time.
        -: 3095:    fmt::print(fmt::runtime("{:d}"), "I am not a number");
        -: 3096:  \endrst
        -: 3097: */
        -: 3098:template <typename S> auto runtime(const S& s) -> basic_runtime<char_t<S>> {
        -: 3099:  return {{s}};
        -: 3100:}
        -: 3101:#endif
        -: 3102:
        -: 3103:FMT_API auto vformat(string_view fmt, format_args args) -> std::string;
        -: 3104:
        -: 3105:/**
        -: 3106:  \rst
        -: 3107:  Formats ``args`` according to specifications in ``fmt`` and returns the result
        -: 3108:  as a string.
        -: 3109:
        -: 3110:  **Example**::
        -: 3111:
        -: 3112:    #include <fmt/core.h>
        -: 3113:    std::string message = fmt::format("The answer is {}.", 42);
        -: 3114:  \endrst
        -: 3115:*/
        -: 3116:template <typename... T>
        -: 3117:FMT_NODISCARD FMT_INLINE auto format(format_string<T...> fmt, T&&... args)
        -: 3118:    -> std::string {
        -: 3119:  return vformat(fmt, fmt::make_format_args(args...));
        -: 3120:}
        -: 3121:
        -: 3122:/** Formats a string and writes the output to ``out``. */
        -: 3123:template <typename OutputIt,
        -: 3124:          FMT_ENABLE_IF(detail::is_output_iterator<OutputIt, char>::value)>
        -: 3125:auto vformat_to(OutputIt out, string_view fmt, format_args args) -> OutputIt {
        -: 3126:  using detail::get_buffer;
        -: 3127:  auto&& buf = get_buffer<char>(out);
        -: 3128:  detail::vformat_to(buf, fmt, args, {});
        -: 3129:  return detail::get_iterator(buf);
        -: 3130:}
        -: 3131:
        -: 3132:/**
        -: 3133: \rst
        -: 3134: Formats ``args`` according to specifications in ``fmt``, writes the result to
        -: 3135: the output iterator ``out`` and returns the iterator past the end of the output
        -: 3136: range. `format_to` does not append a terminating null character.
        -: 3137:
        -: 3138: **Example**::
        -: 3139:
        -: 3140:   auto out = std::vector<char>();
        -: 3141:   fmt::format_to(std::back_inserter(out), "{}", 42);
        -: 3142: \endrst
        -: 3143: */
        -: 3144:template <typename OutputIt, typename... T,
        -: 3145:          FMT_ENABLE_IF(detail::is_output_iterator<OutputIt, char>::value)>
        -: 3146:FMT_INLINE auto format_to(OutputIt out, format_string<T...> fmt, T&&... args)
        -: 3147:    -> OutputIt {
        -: 3148:  return vformat_to(out, fmt, fmt::make_format_args(args...));
        -: 3149:}
        -: 3150:
        -: 3151:template <typename OutputIt> struct format_to_n_result {
        -: 3152:  /** Iterator past the end of the output range. */
        -: 3153:  OutputIt out;
        -: 3154:  /** Total (not truncated) output size. */
        -: 3155:  size_t size;
        -: 3156:};
        -: 3157:
        -: 3158:template <typename OutputIt, typename... T,
        -: 3159:          FMT_ENABLE_IF(detail::is_output_iterator<OutputIt, char>::value)>
        -: 3160:auto vformat_to_n(OutputIt out, size_t n, string_view fmt, format_args args)
        -: 3161:    -> format_to_n_result<OutputIt> {
        -: 3162:  using traits = detail::fixed_buffer_traits;
        -: 3163:  auto buf = detail::iterator_buffer<OutputIt, char, traits>(out, n);
        -: 3164:  detail::vformat_to(buf, fmt, args, {});
        -: 3165:  return {buf.out(), buf.count()};
        -: 3166:}
        -: 3167:
        -: 3168:/**
        -: 3169:  \rst
        -: 3170:  Formats ``args`` according to specifications in ``fmt``, writes up to ``n``
        -: 3171:  characters of the result to the output iterator ``out`` and returns the total
        -: 3172:  (not truncated) output size and the iterator past the end of the output range.
        -: 3173:  `format_to_n` does not append a terminating null character.
        -: 3174:  \endrst
        -: 3175: */
        -: 3176:template <typename OutputIt, typename... T,
        -: 3177:          FMT_ENABLE_IF(detail::is_output_iterator<OutputIt, char>::value)>
        -: 3178:FMT_INLINE auto format_to_n(OutputIt out, size_t n, format_string<T...> fmt,
        -: 3179:                            T&&... args) -> format_to_n_result<OutputIt> {
        -: 3180:  return vformat_to_n(out, n, fmt, fmt::make_format_args(args...));
        -: 3181:}
        -: 3182:
        -: 3183:/** Returns the number of chars in the output of ``format(fmt, args...)``. */
        -: 3184:template <typename... T>
        -: 3185:FMT_NODISCARD FMT_INLINE auto formatted_size(format_string<T...> fmt,
        -: 3186:                                             T&&... args) -> size_t {
        -: 3187:  auto buf = detail::counting_buffer<>();
        -: 3188:  detail::vformat_to(buf, string_view(fmt), fmt::make_format_args(args...), {});
        -: 3189:  return buf.count();
        -: 3190:}
        -: 3191:
        -: 3192:FMT_API void vprint(string_view fmt, format_args args);
        -: 3193:FMT_API void vprint(std::FILE* f, string_view fmt, format_args args);
        -: 3194:
        -: 3195:/**
        -: 3196:  \rst
        -: 3197:  Formats ``args`` according to specifications in ``fmt`` and writes the output
        -: 3198:  to ``stdout``.
        -: 3199:
        -: 3200:  **Example**::
        -: 3201:
        -: 3202:    fmt::print("Elapsed time: {0:.2f} seconds", 1.23);
        -: 3203:  \endrst
        -: 3204: */
        -: 3205:template <typename... T>
        -: 3206:FMT_INLINE void print(format_string<T...> fmt, T&&... args) {
        -: 3207:  const auto& vargs = fmt::make_format_args(args...);
        -: 3208:  return detail::is_utf8() ? vprint(fmt, vargs)
        -: 3209:                           : detail::vprint_mojibake(stdout, fmt, vargs);
        -: 3210:}
        -: 3211:
        -: 3212:/**
        -: 3213:  \rst
        -: 3214:  Formats ``args`` according to specifications in ``fmt`` and writes the
        -: 3215:  output to the file ``f``.
        -: 3216:
        -: 3217:  **Example**::
        -: 3218:
        -: 3219:    fmt::print(stderr, "Don't {}!", "panic");
        -: 3220:  \endrst
        -: 3221: */
        -: 3222:template <typename... T>
        -: 3223:FMT_INLINE void print(std::FILE* f, format_string<T...> fmt, T&&... args) {
        -: 3224:  const auto& vargs = fmt::make_format_args(args...);
        -: 3225:  return detail::is_utf8() ? vprint(f, fmt, vargs)
        -: 3226:                           : detail::vprint_mojibake(f, fmt, vargs);
        -: 3227:}
        -: 3228:
        -: 3229:FMT_MODULE_EXPORT_END
        -: 3230:FMT_GCC_PRAGMA("GCC pop_options")
        -: 3231:FMT_END_NAMESPACE
        -: 3232:
        -: 3233:#ifdef FMT_HEADER_ONLY
        -: 3234:#  include "format.h"
        -: 3235:#endif
        -: 3236:#endif  // FMT_CORE_H_
