        -:    0:Source:/home/ahussein/.conan/data/fmt/8.1.1/_/_/package/4e043b46e52cbedd19a1d7cc9bb409b6f47f9cde/include/fmt/format.h
        -:    0:Graph:/home/ahussein/Documents/Sourcetrail/build/Coverage/GNU/src/console/CMakeFiles/SourcetrailConsole.dir/main.cpp.gcno
        -:    0:Data:/home/ahussein/Documents/Sourcetrail/build/Coverage/GNU/src/console/CMakeFiles/SourcetrailConsole.dir/main.cpp.gcda
        -:    0:Runs:0
        -:    1:/*
        -:    2: Formatting library for C++
        -:    3:
        -:    4: Copyright (c) 2012 - present, Victor Zverovich
        -:    5:
        -:    6: Permission is hereby granted, free of charge, to any person obtaining
        -:    7: a copy of this software and associated documentation files (the
        -:    8: "Software"), to deal in the Software without restriction, including
        -:    9: without limitation the rights to use, copy, modify, merge, publish,
        -:   10: distribute, sublicense, and/or sell copies of the Software, and to
        -:   11: permit persons to whom the Software is furnished to do so, subject to
        -:   12: the following conditions:
        -:   13:
        -:   14: The above copyright notice and this permission notice shall be
        -:   15: included in all copies or substantial portions of the Software.
        -:   16:
        -:   17: THE SOFTWARE IS PROVIDED "AS IS", WITHOUT WARRANTY OF ANY KIND,
        -:   18: EXPRESS OR IMPLIED, INCLUDING BUT NOT LIMITED TO THE WARRANTIES OF
        -:   19: MERCHANTABILITY, FITNESS FOR A PARTICULAR PURPOSE AND
        -:   20: NONINFRINGEMENT. IN NO EVENT SHALL THE AUTHORS OR COPYRIGHT HOLDERS BE
        -:   21: LIABLE FOR ANY CLAIM, DAMAGES OR OTHER LIABILITY, WHETHER IN AN ACTION
        -:   22: OF CONTRACT, TORT OR OTHERWISE, ARISING FROM, OUT OF OR IN CONNECTION
        -:   23: WITH THE SOFTWARE OR THE USE OR OTHER DEALINGS IN THE SOFTWARE.
        -:   24:
        -:   25: --- Optional exception to the license ---
        -:   26:
        -:   27: As an exception, if, as a result of your compiling your source code, portions
        -:   28: of this Software are embedded into a machine-executable object form of such
        -:   29: source code, you may redistribute such embedded portions in such object form
        -:   30: without including the above copyright and permission notices.
        -:   31: */
        -:   32:
        -:   33:#ifndef FMT_FORMAT_H_
        -:   34:#define FMT_FORMAT_H_
        -:   35:
        -:   36:#include <cmath>         // std::signbit
        -:   37:#include <cstdint>       // uint32_t
        -:   38:#include <limits>        // std::numeric_limits
        -:   39:#include <memory>        // std::uninitialized_copy
        -:   40:#include <stdexcept>     // std::runtime_error
        -:   41:#include <system_error>  // std::system_error
        -:   42:#include <utility>       // std::swap
        -:   43:
        -:   44:#ifdef __cpp_lib_bit_cast
        -:   45:#  include <bit>  // std::bitcast
        -:   46:#endif
        -:   47:
        -:   48:#include "core.h"
        -:   49:
        -:   50:#if FMT_GCC_VERSION
        -:   51:#  define FMT_GCC_VISIBILITY_HIDDEN __attribute__((visibility("hidden")))
        -:   52:#else
        -:   53:#  define FMT_GCC_VISIBILITY_HIDDEN
        -:   54:#endif
        -:   55:
        -:   56:#ifdef __NVCC__
        -:   57:#  define FMT_CUDA_VERSION (__CUDACC_VER_MAJOR__ * 100 + __CUDACC_VER_MINOR__)
        -:   58:#else
        -:   59:#  define FMT_CUDA_VERSION 0
        -:   60:#endif
        -:   61:
        -:   62:#ifdef __has_builtin
        -:   63:#  define FMT_HAS_BUILTIN(x) __has_builtin(x)
        -:   64:#else
        -:   65:#  define FMT_HAS_BUILTIN(x) 0
        -:   66:#endif
        -:   67:
        -:   68:#if FMT_GCC_VERSION || FMT_CLANG_VERSION
        -:   69:#  define FMT_NOINLINE __attribute__((noinline))
        -:   70:#else
        -:   71:#  define FMT_NOINLINE
        -:   72:#endif
        -:   73:
        -:   74:#if FMT_MSC_VER
        -:   75:#  define FMT_MSC_DEFAULT = default
        -:   76:#else
        -:   77:#  define FMT_MSC_DEFAULT
        -:   78:#endif
        -:   79:
        -:   80:#ifndef FMT_THROW
        -:   81:#  if FMT_EXCEPTIONS
        -:   82:#    if FMT_MSC_VER || FMT_NVCC
        -:   83:FMT_BEGIN_NAMESPACE
        -:   84:namespace detail {
        -:   85:template <typename Exception> inline void do_throw(const Exception& x) {
        -:   86:  // Silence unreachable code warnings in MSVC and NVCC because these
        -:   87:  // are nearly impossible to fix in a generic code.
        -:   88:  volatile bool b = true;
        -:   89:  if (b) throw x;
        -:   90:}
        -:   91:}  // namespace detail
        -:   92:FMT_END_NAMESPACE
        -:   93:#      define FMT_THROW(x) detail::do_throw(x)
        -:   94:#    else
        -:   95:#      define FMT_THROW(x) throw x
        -:   96:#    endif
        -:   97:#  else
        -:   98:#    define FMT_THROW(x)               \
        -:   99:      do {                             \
        -:  100:        FMT_ASSERT(false, (x).what()); \
        -:  101:      } while (false)
        -:  102:#  endif
        -:  103:#endif
        -:  104:
        -:  105:#if FMT_EXCEPTIONS
        -:  106:#  define FMT_TRY try
        -:  107:#  define FMT_CATCH(x) catch (x)
        -:  108:#else
        -:  109:#  define FMT_TRY if (true)
        -:  110:#  define FMT_CATCH(x) if (false)
        -:  111:#endif
        -:  112:
        -:  113:#ifndef FMT_MAYBE_UNUSED
        -:  114:#  if FMT_HAS_CPP17_ATTRIBUTE(maybe_unused)
        -:  115:#    define FMT_MAYBE_UNUSED [[maybe_unused]]
        -:  116:#  else
        -:  117:#    define FMT_MAYBE_UNUSED
        -:  118:#  endif
        -:  119:#endif
        -:  120:
        -:  121:// Workaround broken [[deprecated]] in the Intel, PGI and NVCC compilers.
        -:  122:#if FMT_ICC_VERSION || defined(__PGI) || FMT_NVCC
        -:  123:#  define FMT_DEPRECATED_ALIAS
        -:  124:#else
        -:  125:#  define FMT_DEPRECATED_ALIAS FMT_DEPRECATED
        -:  126:#endif
        -:  127:
        -:  128:#ifndef FMT_USE_USER_DEFINED_LITERALS
        -:  129:// EDG based compilers (Intel, NVIDIA, Elbrus, etc), GCC and MSVC support UDLs.
        -:  130:#  if (FMT_HAS_FEATURE(cxx_user_literals) || FMT_GCC_VERSION >= 407 || \
        -:  131:       FMT_MSC_VER >= 1900) &&                                         \
        -:  132:      (!defined(__EDG_VERSION__) || __EDG_VERSION__ >= /* UDL feature */ 480)
        -:  133:#    define FMT_USE_USER_DEFINED_LITERALS 1
        -:  134:#  else
        -:  135:#    define FMT_USE_USER_DEFINED_LITERALS 0
        -:  136:#  endif
        -:  137:#endif
        -:  138:
        -:  139:// Defining FMT_REDUCE_INT_INSTANTIATIONS to 1, will reduce the number of
        -:  140:// integer formatter template instantiations to just one by only using the
        -:  141:// largest integer type. This results in a reduction in binary size but will
        -:  142:// cause a decrease in integer formatting performance.
        -:  143:#if !defined(FMT_REDUCE_INT_INSTANTIATIONS)
        -:  144:#  define FMT_REDUCE_INT_INSTANTIATIONS 0
        -:  145:#endif
        -:  146:
        -:  147:// __builtin_clz is broken in clang with Microsoft CodeGen:
        -:  148:// https://github.com/fmtlib/fmt/issues/519.
        -:  149:#if !FMT_MSC_VER
        -:  150:#  if FMT_HAS_BUILTIN(__builtin_clz) || FMT_GCC_VERSION || FMT_ICC_VERSION
        -:  151:#    define FMT_BUILTIN_CLZ(n) __builtin_clz(n)
        -:  152:#  endif
        -:  153:#  if FMT_HAS_BUILTIN(__builtin_clzll) || FMT_GCC_VERSION || FMT_ICC_VERSION
        -:  154:#    define FMT_BUILTIN_CLZLL(n) __builtin_clzll(n)
        -:  155:#  endif
        -:  156:#endif
        -:  157:
        -:  158:// __builtin_ctz is broken in Intel Compiler Classic on Windows:
        -:  159:// https://github.com/fmtlib/fmt/issues/2510.
        -:  160:#ifndef __ICL
        -:  161:#  if FMT_HAS_BUILTIN(__builtin_ctz) || FMT_GCC_VERSION || FMT_ICC_VERSION
        -:  162:#    define FMT_BUILTIN_CTZ(n) __builtin_ctz(n)
        -:  163:#  endif
        -:  164:#  if FMT_HAS_BUILTIN(__builtin_ctzll) || FMT_GCC_VERSION || FMT_ICC_VERSION
        -:  165:#    define FMT_BUILTIN_CTZLL(n) __builtin_ctzll(n)
        -:  166:#  endif
        -:  167:#endif
        -:  168:
        -:  169:#if FMT_MSC_VER
        -:  170:#  include <intrin.h>  // _BitScanReverse[64], _BitScanForward[64], _umul128
        -:  171:#endif
        -:  172:
        -:  173:// Some compilers masquerade as both MSVC and GCC-likes or otherwise support
        -:  174:// __builtin_clz and __builtin_clzll, so only define FMT_BUILTIN_CLZ using the
        -:  175:// MSVC intrinsics if the clz and clzll builtins are not available.
        -:  176:#if FMT_MSC_VER && !defined(FMT_BUILTIN_CLZLL) && !defined(FMT_BUILTIN_CTZLL)
        -:  177:FMT_BEGIN_NAMESPACE
        -:  178:namespace detail {
        -:  179:// Avoid Clang with Microsoft CodeGen's -Wunknown-pragmas warning.
        -:  180:#  if !defined(__clang__)
        -:  181:#    pragma intrinsic(_BitScanForward)
        -:  182:#    pragma intrinsic(_BitScanReverse)
        -:  183:#    if defined(_WIN64)
        -:  184:#      pragma intrinsic(_BitScanForward64)
        -:  185:#      pragma intrinsic(_BitScanReverse64)
        -:  186:#    endif
        -:  187:#  endif
        -:  188:
        -:  189:inline auto clz(uint32_t x) -> int {
        -:  190:  unsigned long r = 0;
        -:  191:  _BitScanReverse(&r, x);
        -:  192:  FMT_ASSERT(x != 0, "");
        -:  193:  // Static analysis complains about using uninitialized data
        -:  194:  // "r", but the only way that can happen is if "x" is 0,
        -:  195:  // which the callers guarantee to not happen.
        -:  196:  FMT_MSC_WARNING(suppress : 6102)
        -:  197:  return 31 ^ static_cast<int>(r);
        -:  198:}
        -:  199:#  define FMT_BUILTIN_CLZ(n) detail::clz(n)
        -:  200:
        -:  201:inline auto clzll(uint64_t x) -> int {
        -:  202:  unsigned long r = 0;
        -:  203:#  ifdef _WIN64
        -:  204:  _BitScanReverse64(&r, x);
        -:  205:#  else
        -:  206:  // Scan the high 32 bits.
        -:  207:  if (_BitScanReverse(&r, static_cast<uint32_t>(x >> 32))) return 63 ^ (r + 32);
        -:  208:  // Scan the low 32 bits.
        -:  209:  _BitScanReverse(&r, static_cast<uint32_t>(x));
        -:  210:#  endif
        -:  211:  FMT_ASSERT(x != 0, "");
        -:  212:  FMT_MSC_WARNING(suppress : 6102)  // Suppress a bogus static analysis warning.
        -:  213:  return 63 ^ static_cast<int>(r);
        -:  214:}
        -:  215:#  define FMT_BUILTIN_CLZLL(n) detail::clzll(n)
        -:  216:
        -:  217:inline auto ctz(uint32_t x) -> int {
        -:  218:  unsigned long r = 0;
        -:  219:  _BitScanForward(&r, x);
        -:  220:  FMT_ASSERT(x != 0, "");
        -:  221:  FMT_MSC_WARNING(suppress : 6102)  // Suppress a bogus static analysis warning.
        -:  222:  return static_cast<int>(r);
        -:  223:}
        -:  224:#  define FMT_BUILTIN_CTZ(n) detail::ctz(n)
        -:  225:
        -:  226:inline auto ctzll(uint64_t x) -> int {
        -:  227:  unsigned long r = 0;
        -:  228:  FMT_ASSERT(x != 0, "");
        -:  229:  FMT_MSC_WARNING(suppress : 6102)  // Suppress a bogus static analysis warning.
        -:  230:#  ifdef _WIN64
        -:  231:  _BitScanForward64(&r, x);
        -:  232:#  else
        -:  233:  // Scan the low 32 bits.
        -:  234:  if (_BitScanForward(&r, static_cast<uint32_t>(x))) return static_cast<int>(r);
        -:  235:  // Scan the high 32 bits.
        -:  236:  _BitScanForward(&r, static_cast<uint32_t>(x >> 32));
        -:  237:  r += 32;
        -:  238:#  endif
        -:  239:  return static_cast<int>(r);
        -:  240:}
        -:  241:#  define FMT_BUILTIN_CTZLL(n) detail::ctzll(n)
        -:  242:}  // namespace detail
        -:  243:FMT_END_NAMESPACE
        -:  244:#endif
        -:  245:
        -:  246:#ifdef FMT_HEADER_ONLY
        -:  247:#  define FMT_HEADER_ONLY_CONSTEXPR20 FMT_CONSTEXPR20
        -:  248:#else
        -:  249:#  define FMT_HEADER_ONLY_CONSTEXPR20
        -:  250:#endif
        -:  251:
        -:  252:FMT_BEGIN_NAMESPACE
        -:  253:namespace detail {
        -:  254:
        -:  255:template <typename Streambuf> class formatbuf : public Streambuf {
        -:  256: private:
        -:  257:  using char_type = typename Streambuf::char_type;
        -:  258:  using streamsize = decltype(std::declval<Streambuf>().sputn(nullptr, 0));
        -:  259:  using int_type = typename Streambuf::int_type;
        -:  260:  using traits_type = typename Streambuf::traits_type;
        -:  261:
        -:  262:  buffer<char_type>& buffer_;
        -:  263:
        -:  264: public:
        -:  265:  explicit formatbuf(buffer<char_type>& buf) : buffer_(buf) {}
        -:  266:
        -:  267: protected:
        -:  268:  // The put area is always empty. This makes the implementation simpler and has
        -:  269:  // the advantage that the streambuf and the buffer are always in sync and
        -:  270:  // sputc never writes into uninitialized memory. A disadvantage is that each
        -:  271:  // call to sputc always results in a (virtual) call to overflow. There is no
        -:  272:  // disadvantage here for sputn since this always results in a call to xsputn.
        -:  273:
        -:  274:  auto overflow(int_type ch) -> int_type override {
        -:  275:    if (!traits_type::eq_int_type(ch, traits_type::eof()))
        -:  276:      buffer_.push_back(static_cast<char_type>(ch));
        -:  277:    return ch;
        -:  278:  }
        -:  279:
        -:  280:  auto xsputn(const char_type* s, streamsize count) -> streamsize override {
        -:  281:    buffer_.append(s, s + count);
        -:  282:    return count;
        -:  283:  }
        -:  284:};
        -:  285:
        -:  286:// Implementation of std::bit_cast for pre-C++20.
        -:  287:template <typename To, typename From>
    #####:  288:FMT_CONSTEXPR20 auto bit_cast(const From& from) -> To {
        -:  289:  static_assert(sizeof(To) == sizeof(From), "size mismatch");
        -:  290:#ifdef __cpp_lib_bit_cast
        -:  291:  if (is_constant_evaluated()) return std::bit_cast<To>(from);
        -:  292:#endif
    #####:  293:  auto to = To();
    #####:  294:  std::memcpy(&to, &from, sizeof(to));
    #####:  295:  return to;
        -:  296:}
------------------
unsigned long fmt::v8::detail::bit_cast<unsigned long, double>(double const&):
function unsigned long fmt::v8::detail::bit_cast<unsigned long, double>(double const&) called 0 returned 0% blocks executed 0%
    #####:  288:FMT_CONSTEXPR20 auto bit_cast(const From& from) -> To {
        -:  289:  static_assert(sizeof(To) == sizeof(From), "size mismatch");
        -:  290:#ifdef __cpp_lib_bit_cast
        -:  291:  if (is_constant_evaluated()) return std::bit_cast<To>(from);
        -:  292:#endif
    #####:  293:  auto to = To();
    #####:  294:  std::memcpy(&to, &from, sizeof(to));
    #####:  295:  return to;
        -:  296:}
------------------
unsigned int fmt::v8::detail::bit_cast<unsigned int, float>(float const&):
function unsigned int fmt::v8::detail::bit_cast<unsigned int, float>(float const&) called 0 returned 0% blocks executed 0%
    #####:  288:FMT_CONSTEXPR20 auto bit_cast(const From& from) -> To {
        -:  289:  static_assert(sizeof(To) == sizeof(From), "size mismatch");
        -:  290:#ifdef __cpp_lib_bit_cast
        -:  291:  if (is_constant_evaluated()) return std::bit_cast<To>(from);
        -:  292:#endif
    #####:  293:  auto to = To();
    #####:  294:  std::memcpy(&to, &from, sizeof(to));
    #####:  295:  return to;
        -:  296:}
------------------
unsigned long fmt::v8::detail::bit_cast<unsigned long, void const*>(void const* const&):
function unsigned long fmt::v8::detail::bit_cast<unsigned long, void const*>(void const* const&) called 0 returned 0% blocks executed 0%
    #####:  288:FMT_CONSTEXPR20 auto bit_cast(const From& from) -> To {
        -:  289:  static_assert(sizeof(To) == sizeof(From), "size mismatch");
        -:  290:#ifdef __cpp_lib_bit_cast
        -:  291:  if (is_constant_evaluated()) return std::bit_cast<To>(from);
        -:  292:#endif
    #####:  293:  auto to = To();
    #####:  294:  std::memcpy(&to, &from, sizeof(to));
    #####:  295:  return to;
        -:  296:}
------------------
        -:  297:
        -:  298:inline auto is_big_endian() -> bool {
        -:  299:#ifdef _WIN32
        -:  300:  return false;
        -:  301:#elif defined(__BIG_ENDIAN__)
        -:  302:  return true;
        -:  303:#elif defined(__BYTE_ORDER__) && defined(__ORDER_BIG_ENDIAN__)
        -:  304:  return __BYTE_ORDER__ == __ORDER_BIG_ENDIAN__;
        -:  305:#else
        -:  306:  struct bytes {
        -:  307:    char data[sizeof(int)];
        -:  308:  };
        -:  309:  return bit_cast<bytes>(1).data[0] == 0;
        -:  310:#endif
        -:  311:}
        -:  312:
        -:  313:// A fallback implementation of uintptr_t for systems that lack it.
        -:  314:struct fallback_uintptr {
        -:  315:  unsigned char value[sizeof(void*)];
        -:  316:
        -:  317:  fallback_uintptr() = default;
        -:  318:  explicit fallback_uintptr(const void* p) {
        -:  319:    *this = bit_cast<fallback_uintptr>(p);
        -:  320:    if (const_check(is_big_endian())) {
        -:  321:      for (size_t i = 0, j = sizeof(void*) - 1; i < j; ++i, --j)
        -:  322:        std::swap(value[i], value[j]);
        -:  323:    }
        -:  324:  }
        -:  325:};
        -:  326:#ifdef UINTPTR_MAX
        -:  327:using uintptr_t = ::uintptr_t;
function fmt::v8::detail::to_uintptr(void const*) called 0 returned 0% blocks executed 0%
    #####:  328:inline auto to_uintptr(const void* p) -> uintptr_t {
    #####:  329:  return bit_cast<uintptr_t>(p);
call    0 never executed
        -:  330:}
        -:  331:#else
        -:  332:using uintptr_t = fallback_uintptr;
        -:  333:inline auto to_uintptr(const void* p) -> fallback_uintptr {
        -:  334:  return fallback_uintptr(p);
        -:  335:}
        -:  336:#endif
        -:  337:
        -:  338:// Returns the largest possible value for type T. Same as
        -:  339:// std::numeric_limits<T>::max() but shorter and not affected by the max macro.
    #####:  340:template <typename T> constexpr auto max_value() -> T {
    #####:  341:  return (std::numeric_limits<T>::max)();
        -:  342:}
------------------
char fmt::v8::detail::max_value<char>():
function char fmt::v8::detail::max_value<char>() called 0 returned 0% blocks executed 0%
    #####:  340:template <typename T> constexpr auto max_value() -> T {
    #####:  341:  return (std::numeric_limits<T>::max)();
call    0 never executed
        -:  342:}
------------------
int fmt::v8::detail::max_value<int>():
function int fmt::v8::detail::max_value<int>() called 0 returned 0% blocks executed 0%
    #####:  340:template <typename T> constexpr auto max_value() -> T {
    #####:  341:  return (std::numeric_limits<T>::max)();
call    0 never executed
        -:  342:}
------------------
    #####:  343:template <typename T> constexpr auto num_bits() -> int {
    #####:  344:  return std::numeric_limits<T>::digits;
        -:  345:}
------------------
int fmt::v8::detail::num_bits<unsigned long>():
function int fmt::v8::detail::num_bits<unsigned long>() called 0 returned 0% blocks executed 0%
    #####:  343:template <typename T> constexpr auto num_bits() -> int {
    #####:  344:  return std::numeric_limits<T>::digits;
        -:  345:}
------------------
int fmt::v8::detail::num_bits<unsigned int>():
function int fmt::v8::detail::num_bits<unsigned int>() called 0 returned 0% blocks executed 0%
    #####:  343:template <typename T> constexpr auto num_bits() -> int {
    #####:  344:  return std::numeric_limits<T>::digits;
        -:  345:}
------------------
        -:  346:// std::numeric_limits<T>::digits may return 0 for 128-bit ints.
        -:  347:template <> constexpr auto num_bits<int128_t>() -> int { return 128; }
function int fmt::v8::detail::num_bits<unsigned __int128>() called 0 returned 0% blocks executed 0%
    #####:  348:template <> constexpr auto num_bits<uint128_t>() -> int { return 128; }
        -:  349:template <> constexpr auto num_bits<fallback_uintptr>() -> int {
        -:  350:  return static_cast<int>(sizeof(void*) *
        -:  351:                          std::numeric_limits<unsigned char>::digits);
        -:  352:}
        -:  353:
        -:  354:FMT_INLINE void assume(bool condition) {
        -:  355:  (void)condition;
        -:  356:#if FMT_HAS_BUILTIN(__builtin_assume)
        -:  357:  __builtin_assume(condition);
        -:  358:#endif
        -:  359:}
        -:  360:
        -:  361:// An approximation of iterator_t for pre-C++20 systems.
        -:  362:template <typename T>
        -:  363:using iterator_t = decltype(std::begin(std::declval<T&>()));
        -:  364:template <typename T> using sentinel_t = decltype(std::end(std::declval<T&>()));
        -:  365:
        -:  366:// A workaround for std::string not having mutable data() until C++17.
        -:  367:template <typename Char>
        -:  368:inline auto get_data(std::basic_string<Char>& s) -> Char* {
        -:  369:  return &s[0];
        -:  370:}
        -:  371:template <typename Container>
        -:  372:inline auto get_data(Container& c) -> typename Container::value_type* {
        -:  373:  return c.data();
        -:  374:}
        -:  375:
        -:  376:#if defined(_SECURE_SCL) && _SECURE_SCL
        -:  377:// Make a checked iterator to avoid MSVC warnings.
        -:  378:template <typename T> using checked_ptr = stdext::checked_array_iterator<T*>;
        -:  379:template <typename T>
        -:  380:constexpr auto make_checked(T* p, size_t size) -> checked_ptr<T> {
        -:  381:  return {p, size};
        -:  382:}
        -:  383:#else
        -:  384:template <typename T> using checked_ptr = T*;
    #####:  385:template <typename T> constexpr auto make_checked(T* p, size_t) -> T* {
    #####:  386:  return p;
        -:  387:}
------------------
int* fmt::v8::detail::make_checked<int>(int*, unsigned long):
function int* fmt::v8::detail::make_checked<int>(int*, unsigned long) called 0 returned 0% blocks executed 0%
    #####:  385:template <typename T> constexpr auto make_checked(T* p, size_t) -> T* {
    #####:  386:  return p;
        -:  387:}
------------------
char* fmt::v8::detail::make_checked<char>(char*, unsigned long):
function char* fmt::v8::detail::make_checked<char>(char*, unsigned long) called 0 returned 0% blocks executed 0%
    #####:  385:template <typename T> constexpr auto make_checked(T* p, size_t) -> T* {
    #####:  386:  return p;
        -:  387:}
------------------
        -:  388:#endif
        -:  389:
        -:  390:// Attempts to reserve space for n extra characters in the output range.
        -:  391:// Returns a pointer to the reserved range or a reference to it.
        -:  392:template <typename Container, FMT_ENABLE_IF(is_contiguous<Container>::value)>
        -:  393:#if FMT_CLANG_VERSION >= 307 && !FMT_ICC_VERSION
        -:  394:__attribute__((no_sanitize("undefined")))
        -:  395:#endif
        -:  396:inline auto
        -:  397:reserve(std::back_insert_iterator<Container> it, size_t n)
        -:  398:    -> checked_ptr<typename Container::value_type> {
        -:  399:  Container& c = get_container(it);
        -:  400:  size_t size = c.size();
        -:  401:  c.resize(size + n);
        -:  402:  return make_checked(get_data(c) + size, n);
        -:  403:}
        -:  404:
        -:  405:template <typename T>
        -:  406:inline auto reserve(buffer_appender<T> it, size_t n) -> buffer_appender<T> {
        -:  407:  buffer<T>& buf = get_container(it);
        -:  408:  buf.try_reserve(buf.size() + n);
        -:  409:  return it;
        -:  410:}
        -:  411:
        -:  412:template <typename Iterator>
function fmt::v8::appender& fmt::v8::detail::reserve<fmt::v8::appender>(fmt::v8::appender&, unsigned long) called 0 returned 0% blocks executed 0%
    #####:  413:constexpr auto reserve(Iterator& it, size_t) -> Iterator& {
    #####:  414:  return it;
        -:  415:}
        -:  416:
        -:  417:template <typename OutputIt>
        -:  418:using reserve_iterator =
        -:  419:    remove_reference_t<decltype(reserve(std::declval<OutputIt&>(), 0))>;
        -:  420:
        -:  421:template <typename T, typename OutputIt>
        -:  422:constexpr auto to_pointer(OutputIt, size_t) -> T* {
        -:  423:  return nullptr;
        -:  424:}
function char* fmt::v8::detail::to_pointer<char>(std::conditional<std::is_same<char, char>::value, fmt::v8::appender, std::back_insert_iterator<fmt::v8::detail::buffer<char> > >::type, unsigned long) called 0 returned 0% blocks executed 0%
    #####:  425:template <typename T> auto to_pointer(buffer_appender<T> it, size_t n) -> T* {
    #####:  426:  buffer<T>& buf = get_container(it);
call    0 never executed
    #####:  427:  auto size = buf.size();
    #####:  428:  if (buf.capacity() < size + n) return nullptr;
branch  0 never executed (fallthrough)
branch  1 never executed
    #####:  429:  buf.try_resize(size + n);
call    0 never executed
    #####:  430:  return buf.data() + size;
        -:  431:}
        -:  432:
        -:  433:template <typename Container, FMT_ENABLE_IF(is_contiguous<Container>::value)>
        -:  434:inline auto base_iterator(std::back_insert_iterator<Container>& it,
        -:  435:                          checked_ptr<typename Container::value_type>)
        -:  436:    -> std::back_insert_iterator<Container> {
        -:  437:  return it;
        -:  438:}
        -:  439:
        -:  440:template <typename Iterator>
function fmt::v8::appender fmt::v8::detail::base_iterator<fmt::v8::appender>(fmt::v8::appender, fmt::v8::appender) called 0 returned 0% blocks executed 0%
    #####:  441:constexpr auto base_iterator(Iterator, Iterator it) -> Iterator {
    #####:  442:  return it;
        -:  443:}
        -:  444:
        -:  445:// <algorithm> is spectacularly slow to compile in C++20 so use a simple fill_n
        -:  446:// instead (#1998).
        -:  447:template <typename OutputIt, typename Size, typename T>
    #####:  448:FMT_CONSTEXPR auto fill_n(OutputIt out, Size count, const T& value)
        -:  449:    -> OutputIt {
    #####:  450:  for (Size i = 0; i < count; ++i) *out++ = value;
    #####:  451:  return out;
        -:  452:}
------------------
int* fmt::v8::detail::fill_n<int*, unsigned long, int>(int*, unsigned long, int const&):
function int* fmt::v8::detail::fill_n<int*, unsigned long, int>(int*, unsigned long, int const&) called 0 returned 0% blocks executed 0%
    #####:  448:FMT_CONSTEXPR auto fill_n(OutputIt out, Size count, const T& value)
        -:  449:    -> OutputIt {
    #####:  450:  for (Size i = 0; i < count; ++i) *out++ = value;
branch  0 never executed
branch  1 never executed (fallthrough)
    #####:  451:  return out;
        -:  452:}
------------------
fmt::v8::appender fmt::v8::detail::fill_n<fmt::v8::appender, unsigned long, char>(fmt::v8::appender, unsigned long, char const&):
function fmt::v8::appender fmt::v8::detail::fill_n<fmt::v8::appender, unsigned long, char>(fmt::v8::appender, unsigned long, char const&) called 0 returned 0% blocks executed 0%
    #####:  448:FMT_CONSTEXPR auto fill_n(OutputIt out, Size count, const T& value)
        -:  449:    -> OutputIt {
    #####:  450:  for (Size i = 0; i < count; ++i) *out++ = value;
call    0 never executed
call    1 never executed
branch  2 never executed (fallthrough)
branch  3 never executed (throw)
branch  4 never executed
branch  5 never executed (fallthrough)
    #####:  451:  return out;
        -:  452:}
------------------
fmt::v8::appender fmt::v8::detail::fill_n<fmt::v8::appender, int, char>(fmt::v8::appender, int, char const&):
function fmt::v8::appender fmt::v8::detail::fill_n<fmt::v8::appender, int, char>(fmt::v8::appender, int, char const&) called 0 returned 0% blocks executed 0%
    #####:  448:FMT_CONSTEXPR auto fill_n(OutputIt out, Size count, const T& value)
        -:  449:    -> OutputIt {
    #####:  450:  for (Size i = 0; i < count; ++i) *out++ = value;
call    0 never executed
call    1 never executed
branch  2 never executed (fallthrough)
branch  3 never executed (throw)
branch  4 never executed
branch  5 never executed (fallthrough)
    #####:  451:  return out;
        -:  452:}
------------------
char* fmt::v8::detail::fill_n<char*, unsigned long, char>(char*, unsigned long, char const&):
function char* fmt::v8::detail::fill_n<char*, unsigned long, char>(char*, unsigned long, char const&) called 0 returned 0% blocks executed 0%
    #####:  448:FMT_CONSTEXPR auto fill_n(OutputIt out, Size count, const T& value)
        -:  449:    -> OutputIt {
    #####:  450:  for (Size i = 0; i < count; ++i) *out++ = value;
branch  0 never executed
branch  1 never executed (fallthrough)
    #####:  451:  return out;
        -:  452:}
------------------
        -:  453:template <typename T, typename Size>
function char* fmt::v8::detail::fill_n<char, unsigned long>(char*, unsigned long, char) called 0 returned 0% blocks executed 0%
    #####:  454:FMT_CONSTEXPR20 auto fill_n(T* out, Size count, char value) -> T* {
    #####:  455:  if (is_constant_evaluated()) {
branch  0 never executed (fallthrough)
branch  1 never executed
    #####:  456:    return fill_n<T*, Size, T>(out, count, value);
call    0 never executed
        -:  457:  }
    #####:  458:  std::memset(out, value, to_unsigned(count));
    #####:  459:  return out + count;
        -:  460:}
        -:  461:
        -:  462:#ifdef __cpp_char8_t
        -:  463:using char8_type = char8_t;
        -:  464:#else
        -:  465:enum char8_type : unsigned char {};
        -:  466:#endif
        -:  467:
        -:  468:template <typename OutChar, typename InputIt, typename OutputIt>
    #####:  469:FMT_CONSTEXPR FMT_NOINLINE auto copy_str_noinline(InputIt begin, InputIt end,
        -:  470:                                                  OutputIt out) -> OutputIt {
    #####:  471:  return copy_str<OutChar>(begin, end, out);
        -:  472:}
------------------
fmt::v8::appender fmt::v8::detail::copy_str_noinline<char, char*, fmt::v8::appender>(char*, char*, fmt::v8::appender):
function fmt::v8::appender fmt::v8::detail::copy_str_noinline<char, char*, fmt::v8::appender>(char*, char*, fmt::v8::appender) called 0 returned 0% blocks executed 0%
    #####:  469:FMT_CONSTEXPR FMT_NOINLINE auto copy_str_noinline(InputIt begin, InputIt end,
        -:  470:                                                  OutputIt out) -> OutputIt {
    #####:  471:  return copy_str<OutChar>(begin, end, out);
call    0 never executed
        -:  472:}
------------------
fmt::v8::appender fmt::v8::detail::copy_str_noinline<char, char const*, fmt::v8::appender>(char const*, char const*, fmt::v8::appender):
function fmt::v8::appender fmt::v8::detail::copy_str_noinline<char, char const*, fmt::v8::appender>(char const*, char const*, fmt::v8::appender) called 0 returned 0% blocks executed 0%
    #####:  469:FMT_CONSTEXPR FMT_NOINLINE auto copy_str_noinline(InputIt begin, InputIt end,
        -:  470:                                                  OutputIt out) -> OutputIt {
    #####:  471:  return copy_str<OutChar>(begin, end, out);
call    0 never executed
        -:  472:}
------------------
        -:  473:
        -:  474:// A public domain branchless UTF-8 decoder by Christopher Wellons:
        -:  475:// https://github.com/skeeto/branchless-utf8
        -:  476:/* Decode the next character, c, from s, reporting errors in e.
        -:  477: *
        -:  478: * Since this is a branchless decoder, four bytes will be read from the
        -:  479: * buffer regardless of the actual length of the next character. This
        -:  480: * means the buffer _must_ have at least three bytes of zero padding
        -:  481: * following the end of the data stream.
        -:  482: *
        -:  483: * Errors are reported in e, which will be non-zero if the parsed
        -:  484: * character was somehow invalid: invalid byte sequence, non-canonical
        -:  485: * encoding, or a surrogate half.
        -:  486: *
        -:  487: * The function returns a pointer to the next character. When an error
        -:  488: * occurs, this pointer will be a guess that depends on the particular
        -:  489: * error, but it will always advance at least one byte.
        -:  490: */
function fmt::v8::detail::utf8_decode(char const*, unsigned int*, int*) called 0 returned 0% blocks executed 0%
    #####:  491:FMT_CONSTEXPR inline auto utf8_decode(const char* s, uint32_t* c, int* e)
        -:  492:    -> const char* {
    #####:  493:  constexpr const int masks[] = {0x00, 0x7f, 0x1f, 0x0f, 0x07};
    #####:  494:  constexpr const uint32_t mins[] = {4194304, 0, 128, 2048, 65536};
    #####:  495:  constexpr const int shiftc[] = {0, 18, 12, 6, 0};
    #####:  496:  constexpr const int shifte[] = {0, 6, 4, 2, 0};
        -:  497:
    #####:  498:  int len = code_point_length(s);
    #####:  499:  const char* next = s + len;
        -:  500:
        -:  501:  // Assume a four-byte character and load four bytes. Unused bits are
        -:  502:  // shifted out.
    #####:  503:  *c = uint32_t(s[0] & masks[len]) << 18;
    #####:  504:  *c |= uint32_t(s[1] & 0x3f) << 12;
    #####:  505:  *c |= uint32_t(s[2] & 0x3f) << 6;
    #####:  506:  *c |= uint32_t(s[3] & 0x3f) << 0;
    #####:  507:  *c >>= shiftc[len];
        -:  508:
        -:  509:  // Accumulate the various error conditions.
        -:  510:  using uchar = unsigned char;
    #####:  511:  *e = (*c < mins[len]) << 6;       // non-canonical encoding
branch  0 never executed (fallthrough)
branch  1 never executed
    #####:  512:  *e |= ((*c >> 11) == 0x1b) << 7;  // surrogate half?
branch  0 never executed (fallthrough)
branch  1 never executed
    #####:  513:  *e |= (*c > 0x10FFFF) << 8;       // out of range?
branch  0 never executed (fallthrough)
branch  1 never executed
    #####:  514:  *e |= (uchar(s[1]) & 0xc0) >> 2;
    #####:  515:  *e |= (uchar(s[2]) & 0xc0) >> 4;
    #####:  516:  *e |= uchar(s[3]) >> 6;
    #####:  517:  *e ^= 0x2a;  // top two bits of each tail byte correct?
    #####:  518:  *e >>= shifte[len];
        -:  519:
    #####:  520:  return next;
        -:  521:}
        -:  522:
        -:  523:constexpr uint32_t invalid_code_point = ~uint32_t();
        -:  524:
        -:  525:// Invokes f(cp, sv) for every code point cp in s with sv being the string view
        -:  526:// corresponding to the code point. cp is invalid_code_point on error.
        -:  527:template <typename F>
function void fmt::v8::detail::for_each_codepoint<fmt::v8::detail::compute_width(fmt::v8::basic_string_view<char>)::count_code_points>(fmt::v8::basic_string_view<char>, fmt::v8::detail::compute_width(fmt::v8::basic_string_view<char>)::count_code_points) called 0 returned 0% blocks executed 0%
    #####:  528:FMT_CONSTEXPR void for_each_codepoint(string_view s, F f) {
function fmt::v8::detail::for_each_codepoint<fmt::v8::detail::compute_width(fmt::v8::basic_string_view<char>)::count_code_points>(fmt::v8::basic_string_view<char>, fmt::v8::detail::compute_width(fmt::v8::basic_string_view<char>)::count_code_points)::{lambda(char const*, char const*)#1}::operator()(char const*, char const*) const called 0 returned 0% blocks executed 0%
    #####:  529:  auto decode = [f](const char* buf_ptr, const char* ptr) {
    #####:  530:    auto cp = uint32_t();
    #####:  531:    auto error = 0;
    #####:  532:    auto end = utf8_decode(buf_ptr, &cp, &error);
call    0 never executed
branch  1 never executed (fallthrough)
branch  2 never executed (throw)
    #####:  533:    bool result = f(error ? invalid_code_point : cp,
call    0 never executed
branch  1 never executed (fallthrough)
branch  2 never executed (throw)
call    3 never executed
branch  4 never executed (fallthrough)
branch  5 never executed
call    6 never executed
branch  7 never executed (fallthrough)
branch  8 never executed (throw)
        -:  534:                    string_view(ptr, to_unsigned(end - buf_ptr)));
    #####:  535:    return result ? end : nullptr;
branch  0 never executed (fallthrough)
branch  1 never executed
        -:  536:  };
    #####:  537:  auto p = s.data();
    #####:  538:  const size_t block_size = 4;  // utf8_decode always reads blocks of 4 chars.
    #####:  539:  if (s.size() >= block_size) {
branch  0 never executed (fallthrough)
branch  1 never executed
    #####:  540:    for (auto end = p + s.size() - block_size + 1; p < end;) {
branch  0 never executed
branch  1 never executed (fallthrough)
    #####:  541:      p = decode(p, p);
call    0 never executed
branch  1 never executed (fallthrough)
branch  2 never executed (throw)
    #####:  542:      if (!p) return;
branch  0 never executed (fallthrough)
branch  1 never executed
        -:  543:    }
        -:  544:  }
    #####:  545:  if (auto num_chars_left = s.data() + s.size() - p) {
branch  0 never executed (fallthrough)
branch  1 never executed
    #####:  546:    char buf[2 * block_size - 1] = {};
    #####:  547:    copy_str<char>(p, p + num_chars_left, buf);
call    0 never executed
branch  1 never executed (fallthrough)
branch  2 never executed (throw)
    #####:  548:    const char* buf_ptr = buf;
        -:  549:    do {
    #####:  550:      auto end = decode(buf_ptr, p);
call    0 never executed
branch  1 never executed (fallthrough)
branch  2 never executed (throw)
    #####:  551:      if (!end) return;
branch  0 never executed (fallthrough)
branch  1 never executed
    #####:  552:      p += end - buf_ptr;
    #####:  553:      buf_ptr = end;
    #####:  554:    } while (buf_ptr - buf < num_chars_left);
branch  0 never executed
branch  1 never executed (fallthrough)
        -:  555:  }
        -:  556:}
        -:  557:
        -:  558:template <typename Char>
        -:  559:inline auto compute_width(basic_string_view<Char> s) -> size_t {
        -:  560:  return s.size();
        -:  561:}
        -:  562:
        -:  563:// Computes approximate display width of a UTF-8 string.
function fmt::v8::detail::compute_width(fmt::v8::basic_string_view<char>) called 0 returned 0% blocks executed 0%
    #####:  564:FMT_CONSTEXPR inline size_t compute_width(string_view s) {
    #####:  565:  size_t num_code_points = 0;
        -:  566:  // It is not a lambda for compatibility with C++14.
        -:  567:  struct count_code_points {
        -:  568:    size_t* count;
function fmt::v8::detail::compute_width(fmt::v8::basic_string_view<char>)::count_code_points::operator()(unsigned int, fmt::v8::basic_string_view<char>) const called 0 returned 0% blocks executed 0%
    #####:  569:    FMT_CONSTEXPR auto operator()(uint32_t cp, string_view) const -> bool {
    #####:  570:      *count += detail::to_unsigned(
        -:  571:          1 +
    #####:  572:          (cp >= 0x1100 &&
branch  0 never executed (fallthrough)
branch  1 never executed
branch  2 never executed (fallthrough)
branch  3 never executed
call    4 never executed
    #####:  573:           (cp <= 0x115f ||  // Hangul Jamo init. consonants
branch  0 never executed (fallthrough)
branch  1 never executed
    #####:  574:            cp == 0x2329 ||  // LEFT-POINTING ANGLE BRACKET
branch  0 never executed (fallthrough)
branch  1 never executed
    #####:  575:            cp == 0x232a ||  // RIGHT-POINTING ANGLE BRACKET
branch  0 never executed (fallthrough)
branch  1 never executed
        -:  576:            // CJK ... Yi except IDEOGRAPHIC HALF FILL SPACE:
    #####:  577:            (cp >= 0x2e80 && cp <= 0xa4cf && cp != 0x303f) ||
branch  0 never executed (fallthrough)
branch  1 never executed
branch  2 never executed (fallthrough)
branch  3 never executed
branch  4 never executed (fallthrough)
branch  5 never executed
    #####:  578:            (cp >= 0xac00 && cp <= 0xd7a3) ||    // Hangul Syllables
branch  0 never executed (fallthrough)
branch  1 never executed
branch  2 never executed (fallthrough)
branch  3 never executed
    #####:  579:            (cp >= 0xf900 && cp <= 0xfaff) ||    // CJK Compatibility Ideographs
branch  0 never executed (fallthrough)
branch  1 never executed
branch  2 never executed (fallthrough)
branch  3 never executed
    #####:  580:            (cp >= 0xfe10 && cp <= 0xfe19) ||    // Vertical Forms
branch  0 never executed (fallthrough)
branch  1 never executed
branch  2 never executed (fallthrough)
branch  3 never executed
    #####:  581:            (cp >= 0xfe30 && cp <= 0xfe6f) ||    // CJK Compatibility Forms
branch  0 never executed (fallthrough)
branch  1 never executed
branch  2 never executed (fallthrough)
branch  3 never executed
    #####:  582:            (cp >= 0xff00 && cp <= 0xff60) ||    // Fullwidth Forms
branch  0 never executed (fallthrough)
branch  1 never executed
branch  2 never executed (fallthrough)
branch  3 never executed
    #####:  583:            (cp >= 0xffe0 && cp <= 0xffe6) ||    // Fullwidth Forms
branch  0 never executed (fallthrough)
branch  1 never executed
branch  2 never executed (fallthrough)
branch  3 never executed
    #####:  584:            (cp >= 0x20000 && cp <= 0x2fffd) ||  // CJK
branch  0 never executed (fallthrough)
branch  1 never executed
branch  2 never executed (fallthrough)
branch  3 never executed
    #####:  585:            (cp >= 0x30000 && cp <= 0x3fffd) ||
branch  0 never executed (fallthrough)
branch  1 never executed
branch  2 never executed (fallthrough)
branch  3 never executed
        -:  586:            // Miscellaneous Symbols and Pictographs + Emoticons:
    #####:  587:            (cp >= 0x1f300 && cp <= 0x1f64f) ||
branch  0 never executed (fallthrough)
branch  1 never executed
branch  2 never executed (fallthrough)
branch  3 never executed
        -:  588:            // Supplemental Symbols and Pictographs:
    #####:  589:            (cp >= 0x1f900 && cp <= 0x1f9ff))));
branch  0 never executed (fallthrough)
branch  1 never executed
    #####:  590:      return true;
        -:  591:    }
        -:  592:  };
    #####:  593:  for_each_codepoint(s, count_code_points{&num_code_points});
call    0 never executed
branch  1 never executed (fallthrough)
branch  2 never executed (throw)
    #####:  594:  return num_code_points;
        -:  595:}
        -:  596:
        -:  597:inline auto compute_width(basic_string_view<char8_type> s) -> size_t {
        -:  598:  return compute_width(basic_string_view<char>(
        -:  599:      reinterpret_cast<const char*>(s.data()), s.size()));
        -:  600:}
        -:  601:
        -:  602:template <typename Char>
function unsigned long fmt::v8::detail::code_point_index<char>(fmt::v8::basic_string_view<char>, unsigned long) called 0 returned 0% blocks executed 0%
    #####:  603:inline auto code_point_index(basic_string_view<Char> s, size_t n) -> size_t {
    #####:  604:  size_t size = s.size();
    #####:  605:  return n < size ? n : size;
branch  0 never executed (fallthrough)
branch  1 never executed
        -:  606:}
        -:  607:
        -:  608:// Calculates the index of the nth code point in a UTF-8 string.
        -:  609:inline auto code_point_index(basic_string_view<char8_type> s, size_t n)
        -:  610:    -> size_t {
        -:  611:  const char8_type* data = s.data();
        -:  612:  size_t num_code_points = 0;
        -:  613:  for (size_t i = 0, size = s.size(); i != size; ++i) {
        -:  614:    if ((data[i] & 0xc0) != 0x80 && ++num_code_points > n) return i;
        -:  615:  }
        -:  616:  return s.size();
        -:  617:}
        -:  618:
        -:  619:template <typename T, bool = std::is_floating_point<T>::value>
        -:  620:struct is_fast_float : bool_constant<std::numeric_limits<T>::is_iec559 &&
        -:  621:                                     sizeof(T) <= sizeof(double)> {};
        -:  622:template <typename T> struct is_fast_float<T, false> : std::false_type {};
        -:  623:
        -:  624:#ifndef FMT_USE_FULL_CACHE_DRAGONBOX
        -:  625:#  define FMT_USE_FULL_CACHE_DRAGONBOX 0
        -:  626:#endif
        -:  627:
        -:  628:template <typename T>
        -:  629:template <typename U>
function void fmt::v8::detail::buffer<char>::append<char>(char const*, char const*) called 0 returned 0% blocks executed 0%
    #####:  630:void buffer<T>::append(const U* begin, const U* end) {
    #####:  631:  while (begin != end) {
branch  0 never executed
branch  1 never executed (fallthrough)
    #####:  632:    auto count = to_unsigned(end - begin);
call    0 never executed
    #####:  633:    try_reserve(size_ + count);
call    0 never executed
    #####:  634:    auto free_cap = capacity_ - size_;
    #####:  635:    if (free_cap < count) count = free_cap;
branch  0 never executed (fallthrough)
branch  1 never executed
    #####:  636:    std::uninitialized_copy_n(begin, count, make_checked(ptr_ + size_, count));
call    0 never executed
call    1 never executed
    #####:  637:    size_ += count;
    #####:  638:    begin += count;
        -:  639:  }
    #####:  640:}
        -:  641:
        -:  642:template <typename T, typename Enable = void>
        -:  643:struct is_locale : std::false_type {};
        -:  644:template <typename T>
        -:  645:struct is_locale<T, void_t<decltype(T::classic())>> : std::true_type {};
        -:  646:}  // namespace detail
        -:  647:
        -:  648:FMT_MODULE_EXPORT_BEGIN
        -:  649:
        -:  650:// The number of characters to store in the basic_memory_buffer object itself
        -:  651:// to avoid dynamic memory allocation.
        -:  652:enum { inline_buffer_size = 500 };
        -:  653:
        -:  654:/**
        -:  655:  \rst
        -:  656:  A dynamically growing memory buffer for trivially copyable/constructible types
        -:  657:  with the first ``SIZE`` elements stored in the object itself.
        -:  658:
        -:  659:  You can use the ``memory_buffer`` type alias for ``char`` instead.
        -:  660:
        -:  661:  **Example**::
        -:  662:
        -:  663:     auto out = fmt::memory_buffer();
        -:  664:     format_to(std::back_inserter(out), "The answer is {}.", 42);
        -:  665:
        -:  666:  This will append the following output to the ``out`` object:
        -:  667:
        -:  668:  .. code-block:: none
        -:  669:
        -:  670:     The answer is 42.
        -:  671:
        -:  672:  The output can be converted to an ``std::string`` with ``to_string(out)``.
        -:  673:  \endrst
        -:  674: */
        -:  675:template <typename T, size_t SIZE = inline_buffer_size,
        -:  676:          typename Allocator = std::allocator<T>>
        -:  677:class basic_memory_buffer final : public detail::buffer<T> {
        -:  678: private:
        -:  679:  T store_[SIZE];
        -:  680:
        -:  681:  // Don't inherit from Allocator avoid generating type_info for it.
        -:  682:  Allocator alloc_;
        -:  683:
        -:  684:  // Deallocate memory allocated by the buffer.
    #####:  685:  FMT_CONSTEXPR20 void deallocate() {
    #####:  686:    T* data = this->data();
    #####:  687:    if (data != store_) alloc_.deallocate(data, this->capacity());
    #####:  688:  }
------------------
fmt::v8::basic_memory_buffer<int, 500ul, std::allocator<int> >::deallocate():
function fmt::v8::basic_memory_buffer<int, 500ul, std::allocator<int> >::deallocate() called 0 returned 0% blocks executed 0%
    #####:  685:  FMT_CONSTEXPR20 void deallocate() {
    #####:  686:    T* data = this->data();
    #####:  687:    if (data != store_) alloc_.deallocate(data, this->capacity());
branch  0 never executed (fallthrough)
branch  1 never executed
call    2 never executed
    #####:  688:  }
------------------
fmt::v8::basic_memory_buffer<char, 500ul, std::allocator<char> >::deallocate():
function fmt::v8::basic_memory_buffer<char, 500ul, std::allocator<char> >::deallocate() called 0 returned 0% blocks executed 0%
    #####:  685:  FMT_CONSTEXPR20 void deallocate() {
    #####:  686:    T* data = this->data();
    #####:  687:    if (data != store_) alloc_.deallocate(data, this->capacity());
branch  0 never executed (fallthrough)
branch  1 never executed
call    2 never executed
    #####:  688:  }
------------------
        -:  689:
        -:  690: protected:
        -:  691:  FMT_CONSTEXPR20 void grow(size_t size) override;
        -:  692:
        -:  693: public:
        -:  694:  using value_type = T;
        -:  695:  using const_reference = const T&;
        -:  696:
    #####:  697:  FMT_CONSTEXPR20 explicit basic_memory_buffer(
        -:  698:      const Allocator& alloc = Allocator())
    #####:  699:      : alloc_(alloc) {
    #####:  700:    this->set(store_, SIZE);
    #####:  701:    if (detail::is_constant_evaluated()) {
    #####:  702:      detail::fill_n(store_, SIZE, T{});
        -:  703:    }
    #####:  704:  }
------------------
fmt::v8::basic_memory_buffer<int, 500ul, std::allocator<int> >::basic_memory_buffer(std::allocator<int> const&):
function fmt::v8::basic_memory_buffer<int, 500ul, std::allocator<int> >::basic_memory_buffer(std::allocator<int> const&) called 0 returned 0% blocks executed 0%
    #####:  697:  FMT_CONSTEXPR20 explicit basic_memory_buffer(
        -:  698:      const Allocator& alloc = Allocator())
    #####:  699:      : alloc_(alloc) {
call    0 never executed
    #####:  700:    this->set(store_, SIZE);
call    0 never executed
    #####:  701:    if (detail::is_constant_evaluated()) {
branch  0 never executed (fallthrough)
branch  1 never executed
    #####:  702:      detail::fill_n(store_, SIZE, T{});
call    0 never executed
        -:  703:    }
    #####:  704:  }
------------------
fmt::v8::basic_memory_buffer<char, 500ul, std::allocator<char> >::basic_memory_buffer(std::allocator<char> const&):
function fmt::v8::basic_memory_buffer<char, 500ul, std::allocator<char> >::basic_memory_buffer(std::allocator<char> const&) called 0 returned 0% blocks executed 0%
    #####:  697:  FMT_CONSTEXPR20 explicit basic_memory_buffer(
        -:  698:      const Allocator& alloc = Allocator())
    #####:  699:      : alloc_(alloc) {
call    0 never executed
    #####:  700:    this->set(store_, SIZE);
call    0 never executed
    #####:  701:    if (detail::is_constant_evaluated()) {
branch  0 never executed (fallthrough)
branch  1 never executed
    #####:  702:      detail::fill_n(store_, SIZE, T{});
call    0 never executed
branch  1 never executed (fallthrough)
branch  2 never executed (throw)
        -:  703:    }
    #####:  704:  }
call    0 never executed
------------------
    #####:  705:  FMT_CONSTEXPR20 ~basic_memory_buffer() { deallocate(); }
------------------
fmt::v8::basic_memory_buffer<int, 500ul, std::allocator<int> >::~basic_memory_buffer():
function fmt::v8::basic_memory_buffer<int, 500ul, std::allocator<int> >::~basic_memory_buffer() called 0 returned 0% blocks executed 0%
    #####:  705:  FMT_CONSTEXPR20 ~basic_memory_buffer() { deallocate(); }
call    0 never executed
call    1 never executed
------------------
fmt::v8::basic_memory_buffer<char, 500ul, std::allocator<char> >::~basic_memory_buffer():
function fmt::v8::basic_memory_buffer<char, 500ul, std::allocator<char> >::~basic_memory_buffer() called 0 returned 0% blocks executed 0%
    #####:  705:  FMT_CONSTEXPR20 ~basic_memory_buffer() { deallocate(); }
call    0 never executed
call    1 never executed
------------------
        -:  706:
        -:  707: private:
        -:  708:  // Move data from other to this buffer.
        -:  709:  FMT_CONSTEXPR20 void move(basic_memory_buffer& other) {
        -:  710:    alloc_ = std::move(other.alloc_);
        -:  711:    T* data = other.data();
        -:  712:    size_t size = other.size(), capacity = other.capacity();
        -:  713:    if (data == other.store_) {
        -:  714:      this->set(store_, capacity);
        -:  715:      if (detail::is_constant_evaluated()) {
        -:  716:        detail::copy_str<T>(other.store_, other.store_ + size,
        -:  717:                            detail::make_checked(store_, capacity));
        -:  718:      } else {
        -:  719:        std::uninitialized_copy(other.store_, other.store_ + size,
        -:  720:                                detail::make_checked(store_, capacity));
        -:  721:      }
        -:  722:    } else {
        -:  723:      this->set(data, capacity);
        -:  724:      // Set pointer to the inline array so that delete is not called
        -:  725:      // when deallocating.
        -:  726:      other.set(other.store_, 0);
        -:  727:    }
        -:  728:    this->resize(size);
        -:  729:  }
        -:  730:
        -:  731: public:
        -:  732:  /**
        -:  733:    \rst
        -:  734:    Constructs a :class:`fmt::basic_memory_buffer` object moving the content
        -:  735:    of the other object to it.
        -:  736:    \endrst
        -:  737:   */
        -:  738:  FMT_CONSTEXPR20 basic_memory_buffer(basic_memory_buffer&& other)
        -:  739:      FMT_NOEXCEPT {
        -:  740:    move(other);
        -:  741:  }
        -:  742:
        -:  743:  /**
        -:  744:    \rst
        -:  745:    Moves the content of the other ``basic_memory_buffer`` object to this one.
        -:  746:    \endrst
        -:  747:   */
        -:  748:  auto operator=(basic_memory_buffer&& other) FMT_NOEXCEPT
        -:  749:      -> basic_memory_buffer& {
        -:  750:    FMT_ASSERT(this != &other, "");
        -:  751:    deallocate();
        -:  752:    move(other);
        -:  753:    return *this;
        -:  754:  }
        -:  755:
        -:  756:  // Returns a copy of the allocator associated with this buffer.
        -:  757:  auto get_allocator() const -> Allocator { return alloc_; }
        -:  758:
        -:  759:  /**
        -:  760:    Resizes the buffer to contain *count* elements. If T is a POD type new
        -:  761:    elements may not be initialized.
        -:  762:   */
        -:  763:  FMT_CONSTEXPR20 void resize(size_t count) { this->try_resize(count); }
        -:  764:
        -:  765:  /** Increases the buffer capacity to *new_capacity*. */
        -:  766:  void reserve(size_t new_capacity) { this->try_reserve(new_capacity); }
        -:  767:
        -:  768:  // Directly append data into the buffer
        -:  769:  using detail::buffer<T>::append;
        -:  770:  template <typename ContiguousRange>
        -:  771:  void append(const ContiguousRange& range) {
        -:  772:    append(range.data(), range.data() + range.size());
        -:  773:  }
        -:  774:};
        -:  775:
        -:  776:template <typename T, size_t SIZE, typename Allocator>
    #####:  777:FMT_CONSTEXPR20 void basic_memory_buffer<T, SIZE, Allocator>::grow(
        -:  778:    size_t size) {
        -:  779:#ifdef FMT_FUZZ
        -:  780:  if (size > 5000) throw std::runtime_error("fuzz mode - won't grow that much");
        -:  781:#endif
    #####:  782:  const size_t max_size = std::allocator_traits<Allocator>::max_size(alloc_);
    #####:  783:  size_t old_capacity = this->capacity();
    #####:  784:  size_t new_capacity = old_capacity + old_capacity / 2;
    #####:  785:  if (size > new_capacity)
    #####:  786:    new_capacity = size;
    #####:  787:  else if (new_capacity > max_size)
    #####:  788:    new_capacity = size > max_size ? size : max_size;
    #####:  789:  T* old_data = this->data();
        -:  790:  T* new_data =
    #####:  791:      std::allocator_traits<Allocator>::allocate(alloc_, new_capacity);
        -:  792:  // The following code doesn't throw, so the raw pointer above doesn't leak.
    #####:  793:  std::uninitialized_copy(old_data, old_data + this->size(),
        -:  794:                          detail::make_checked(new_data, new_capacity));
    #####:  795:  this->set(new_data, new_capacity);
        -:  796:  // deallocate must not throw according to the standard, but even if it does,
        -:  797:  // the buffer already uses the new storage and will deallocate it in
        -:  798:  // destructor.
    #####:  799:  if (old_data != store_) alloc_.deallocate(old_data, old_capacity);
    #####:  800:}
------------------
fmt::v8::basic_memory_buffer<int, 500ul, std::allocator<int> >::grow(unsigned long):
function fmt::v8::basic_memory_buffer<int, 500ul, std::allocator<int> >::grow(unsigned long) called 0 returned 0% blocks executed 0%
    #####:  777:FMT_CONSTEXPR20 void basic_memory_buffer<T, SIZE, Allocator>::grow(
        -:  778:    size_t size) {
        -:  779:#ifdef FMT_FUZZ
        -:  780:  if (size > 5000) throw std::runtime_error("fuzz mode - won't grow that much");
        -:  781:#endif
    #####:  782:  const size_t max_size = std::allocator_traits<Allocator>::max_size(alloc_);
    #####:  783:  size_t old_capacity = this->capacity();
    #####:  784:  size_t new_capacity = old_capacity + old_capacity / 2;
    #####:  785:  if (size > new_capacity)
branch  0 never executed (fallthrough)
branch  1 never executed
    #####:  786:    new_capacity = size;
    #####:  787:  else if (new_capacity > max_size)
branch  0 never executed (fallthrough)
branch  1 never executed
    #####:  788:    new_capacity = size > max_size ? size : max_size;
branch  0 never executed (fallthrough)
branch  1 never executed
    #####:  789:  T* old_data = this->data();
        -:  790:  T* new_data =
    #####:  791:      std::allocator_traits<Allocator>::allocate(alloc_, new_capacity);
call    0 never executed
        -:  792:  // The following code doesn't throw, so the raw pointer above doesn't leak.
    #####:  793:  std::uninitialized_copy(old_data, old_data + this->size(),
call    0 never executed
call    1 never executed
        -:  794:                          detail::make_checked(new_data, new_capacity));
    #####:  795:  this->set(new_data, new_capacity);
call    0 never executed
        -:  796:  // deallocate must not throw according to the standard, but even if it does,
        -:  797:  // the buffer already uses the new storage and will deallocate it in
        -:  798:  // destructor.
    #####:  799:  if (old_data != store_) alloc_.deallocate(old_data, old_capacity);
branch  0 never executed (fallthrough)
branch  1 never executed
call    2 never executed
    #####:  800:}
------------------
fmt::v8::basic_memory_buffer<char, 500ul, std::allocator<char> >::grow(unsigned long):
function fmt::v8::basic_memory_buffer<char, 500ul, std::allocator<char> >::grow(unsigned long) called 0 returned 0% blocks executed 0%
    #####:  777:FMT_CONSTEXPR20 void basic_memory_buffer<T, SIZE, Allocator>::grow(
        -:  778:    size_t size) {
        -:  779:#ifdef FMT_FUZZ
        -:  780:  if (size > 5000) throw std::runtime_error("fuzz mode - won't grow that much");
        -:  781:#endif
    #####:  782:  const size_t max_size = std::allocator_traits<Allocator>::max_size(alloc_);
    #####:  783:  size_t old_capacity = this->capacity();
    #####:  784:  size_t new_capacity = old_capacity + old_capacity / 2;
    #####:  785:  if (size > new_capacity)
branch  0 never executed (fallthrough)
branch  1 never executed
    #####:  786:    new_capacity = size;
    #####:  787:  else if (new_capacity > max_size)
branch  0 never executed (fallthrough)
branch  1 never executed
    #####:  788:    new_capacity = size > max_size ? size : max_size;
branch  0 never executed (fallthrough)
branch  1 never executed
    #####:  789:  T* old_data = this->data();
        -:  790:  T* new_data =
    #####:  791:      std::allocator_traits<Allocator>::allocate(alloc_, new_capacity);
call    0 never executed
        -:  792:  // The following code doesn't throw, so the raw pointer above doesn't leak.
    #####:  793:  std::uninitialized_copy(old_data, old_data + this->size(),
call    0 never executed
call    1 never executed
        -:  794:                          detail::make_checked(new_data, new_capacity));
    #####:  795:  this->set(new_data, new_capacity);
call    0 never executed
        -:  796:  // deallocate must not throw according to the standard, but even if it does,
        -:  797:  // the buffer already uses the new storage and will deallocate it in
        -:  798:  // destructor.
    #####:  799:  if (old_data != store_) alloc_.deallocate(old_data, old_capacity);
branch  0 never executed (fallthrough)
branch  1 never executed
call    2 never executed
    #####:  800:}
------------------
        -:  801:
        -:  802:using memory_buffer = basic_memory_buffer<char>;
        -:  803:
        -:  804:template <typename T, size_t SIZE, typename Allocator>
        -:  805:struct is_contiguous<basic_memory_buffer<T, SIZE, Allocator>> : std::true_type {
        -:  806:};
        -:  807:
        -:  808:namespace detail {
        -:  809:FMT_API void print(std::FILE*, string_view);
        -:  810:}
        -:  811:
        -:  812:/** A formatting error such as invalid format string. */
        -:  813:FMT_CLASS_API
        -:  814:class FMT_API format_error : public std::runtime_error {
        -:  815: public:
        -:  816:  explicit format_error(const char* message) : std::runtime_error(message) {}
        -:  817:  explicit format_error(const std::string& message)
        -:  818:      : std::runtime_error(message) {}
        -:  819:  format_error(const format_error&) = default;
        -:  820:  format_error& operator=(const format_error&) = default;
        -:  821:  format_error(format_error&&) = default;
        -:  822:  format_error& operator=(format_error&&) = default;
        -:  823:  ~format_error() FMT_NOEXCEPT override FMT_MSC_DEFAULT;
        -:  824:};
        -:  825:
        -:  826:/**
        -:  827:  \rst
        -:  828:  Constructs a `~fmt::format_arg_store` object that contains references
        -:  829:  to arguments and can be implicitly converted to `~fmt::format_args`.
        -:  830:  If ``fmt`` is a compile-time string then `make_args_checked` checks
        -:  831:  its validity at compile time.
        -:  832:  \endrst
        -:  833: */
        -:  834:template <typename... Args, typename S, typename Char = char_t<S>>
        -:  835:FMT_INLINE auto make_args_checked(const S& fmt,
        -:  836:                                  const remove_reference_t<Args>&... args)
        -:  837:    -> format_arg_store<buffer_context<Char>, remove_reference_t<Args>...> {
        -:  838:  static_assert(
        -:  839:      detail::count<(
        -:  840:              std::is_base_of<detail::view, remove_reference_t<Args>>::value &&
        -:  841:              std::is_reference<Args>::value)...>() == 0,
        -:  842:      "passing views as lvalues is disallowed");
        -:  843:  detail::check_format_string<Args...>(fmt);
    #####:  844:  return {args...};
        -:  845:}
        -:  846:
        -:  847:// compile-time support
        -:  848:namespace detail_exported {
        -:  849:#if FMT_USE_NONTYPE_TEMPLATE_PARAMETERS
        -:  850:template <typename Char, size_t N> struct fixed_string {
        -:  851:  constexpr fixed_string(const Char (&str)[N]) {
        -:  852:    detail::copy_str<Char, const Char*, Char*>(static_cast<const Char*>(str),
        -:  853:                                               str + N, data);
        -:  854:  }
        -:  855:  Char data[N]{};
        -:  856:};
        -:  857:#endif
        -:  858:
        -:  859:// Converts a compile-time string to basic_string_view.
        -:  860:template <typename Char, size_t N>
        -:  861:constexpr auto compile_string_to_view(const Char (&s)[N])
        -:  862:    -> basic_string_view<Char> {
        -:  863:  // Remove trailing NUL character if needed. Won't be present if this is used
        -:  864:  // with a raw character array (i.e. not defined as a string).
        -:  865:  return {s, N - (std::char_traits<Char>::to_int_type(s[N - 1]) == 0 ? 1 : 0)};
        -:  866:}
        -:  867:template <typename Char>
        -:  868:constexpr auto compile_string_to_view(detail::std_string_view<Char> s)
        -:  869:    -> basic_string_view<Char> {
        -:  870:  return {s.data(), s.size()};
        -:  871:}
        -:  872:}  // namespace detail_exported
        -:  873:
        -:  874:FMT_BEGIN_DETAIL_NAMESPACE
        -:  875:
        -:  876:template <typename T> struct is_integral : std::is_integral<T> {};
        -:  877:template <> struct is_integral<int128_t> : std::true_type {};
        -:  878:template <> struct is_integral<uint128_t> : std::true_type {};
        -:  879:
        -:  880:template <typename T>
        -:  881:using is_signed =
        -:  882:    std::integral_constant<bool, std::numeric_limits<T>::is_signed ||
        -:  883:                                     std::is_same<T, int128_t>::value>;
        -:  884:
        -:  885:// Returns true if value is negative, false otherwise.
        -:  886:// Same as `value < 0` but doesn't produce warnings if T is an unsigned type.
        -:  887:template <typename T, FMT_ENABLE_IF(is_signed<T>::value)>
    #####:  888:FMT_CONSTEXPR auto is_negative(T value) -> bool {
    #####:  889:  return value < 0;
        -:  890:}
------------------
bool fmt::v8::detail::is_negative<__int128, 0>(__int128):
function bool fmt::v8::detail::is_negative<__int128, 0>(__int128) called 0 returned 0% blocks executed 0%
    #####:  888:FMT_CONSTEXPR auto is_negative(T value) -> bool {
    #####:  889:  return value < 0;
        -:  890:}
------------------
bool fmt::v8::detail::is_negative<long long, 0>(long long):
function bool fmt::v8::detail::is_negative<long long, 0>(long long) called 0 returned 0% blocks executed 0%
    #####:  888:FMT_CONSTEXPR auto is_negative(T value) -> bool {
    #####:  889:  return value < 0;
        -:  890:}
------------------
bool fmt::v8::detail::is_negative<int, 0>(int):
function bool fmt::v8::detail::is_negative<int, 0>(int) called 0 returned 0% blocks executed 0%
    #####:  888:FMT_CONSTEXPR auto is_negative(T value) -> bool {
    #####:  889:  return value < 0;
        -:  890:}
------------------
        -:  891:template <typename T, FMT_ENABLE_IF(!is_signed<T>::value)>
    #####:  892:FMT_CONSTEXPR auto is_negative(T) -> bool {
    #####:  893:  return false;
        -:  894:}
------------------
bool fmt::v8::detail::is_negative<unsigned __int128, 0>(unsigned __int128):
function bool fmt::v8::detail::is_negative<unsigned __int128, 0>(unsigned __int128) called 0 returned 0% blocks executed 0%
    #####:  892:FMT_CONSTEXPR auto is_negative(T) -> bool {
    #####:  893:  return false;
        -:  894:}
------------------
bool fmt::v8::detail::is_negative<unsigned long long, 0>(unsigned long long):
function bool fmt::v8::detail::is_negative<unsigned long long, 0>(unsigned long long) called 0 returned 0% blocks executed 0%
    #####:  892:FMT_CONSTEXPR auto is_negative(T) -> bool {
    #####:  893:  return false;
        -:  894:}
------------------
bool fmt::v8::detail::is_negative<unsigned int, 0>(unsigned int):
function bool fmt::v8::detail::is_negative<unsigned int, 0>(unsigned int) called 0 returned 0% blocks executed 0%
    #####:  892:FMT_CONSTEXPR auto is_negative(T) -> bool {
    #####:  893:  return false;
        -:  894:}
------------------
        -:  895:
        -:  896:template <typename T, FMT_ENABLE_IF(std::is_floating_point<T>::value)>
    #####:  897:FMT_CONSTEXPR auto is_supported_floating_point(T) -> uint16_t {
        -:  898:  return (std::is_same<T, float>::value && FMT_USE_FLOAT) ||
        -:  899:         (std::is_same<T, double>::value && FMT_USE_DOUBLE) ||
    #####:  900:         (std::is_same<T, long double>::value && FMT_USE_LONG_DOUBLE);
        -:  901:}
------------------
unsigned short fmt::v8::detail::is_supported_floating_point<long double, 0>(long double):
function unsigned short fmt::v8::detail::is_supported_floating_point<long double, 0>(long double) called 0 returned 0% blocks executed 0%
    #####:  897:FMT_CONSTEXPR auto is_supported_floating_point(T) -> uint16_t {
        -:  898:  return (std::is_same<T, float>::value && FMT_USE_FLOAT) ||
        -:  899:         (std::is_same<T, double>::value && FMT_USE_DOUBLE) ||
    #####:  900:         (std::is_same<T, long double>::value && FMT_USE_LONG_DOUBLE);
        -:  901:}
------------------
unsigned short fmt::v8::detail::is_supported_floating_point<double, 0>(double):
function unsigned short fmt::v8::detail::is_supported_floating_point<double, 0>(double) called 0 returned 0% blocks executed 0%
    #####:  897:FMT_CONSTEXPR auto is_supported_floating_point(T) -> uint16_t {
        -:  898:  return (std::is_same<T, float>::value && FMT_USE_FLOAT) ||
        -:  899:         (std::is_same<T, double>::value && FMT_USE_DOUBLE) ||
    #####:  900:         (std::is_same<T, long double>::value && FMT_USE_LONG_DOUBLE);
        -:  901:}
------------------
unsigned short fmt::v8::detail::is_supported_floating_point<float, 0>(float):
function unsigned short fmt::v8::detail::is_supported_floating_point<float, 0>(float) called 0 returned 0% blocks executed 0%
    #####:  897:FMT_CONSTEXPR auto is_supported_floating_point(T) -> uint16_t {
        -:  898:  return (std::is_same<T, float>::value && FMT_USE_FLOAT) ||
        -:  899:         (std::is_same<T, double>::value && FMT_USE_DOUBLE) ||
    #####:  900:         (std::is_same<T, long double>::value && FMT_USE_LONG_DOUBLE);
        -:  901:}
------------------
        -:  902:
        -:  903:// Smallest of uint32_t, uint64_t, uint128_t that is large enough to
        -:  904:// represent all values of an integral type T.
        -:  905:template <typename T>
        -:  906:using uint32_or_64_or_128_t =
        -:  907:    conditional_t<num_bits<T>() <= 32 && !FMT_REDUCE_INT_INSTANTIATIONS,
        -:  908:                  uint32_t,
        -:  909:                  conditional_t<num_bits<T>() <= 64, uint64_t, uint128_t>>;
        -:  910:template <typename T>
        -:  911:using uint64_or_128_t = conditional_t<num_bits<T>() <= 64, uint64_t, uint128_t>;
        -:  912:
        -:  913:#define FMT_POWERS_OF_10(factor)                                             \
        -:  914:  factor * 10, (factor)*100, (factor)*1000, (factor)*10000, (factor)*100000, \
        -:  915:      (factor)*1000000, (factor)*10000000, (factor)*100000000,               \
        -:  916:      (factor)*1000000000
        -:  917:
        -:  918:// Converts value in the range [0, 100) to a string.
function fmt::v8::detail::digits2(unsigned long) called 0 returned 0% blocks executed 0%
    #####:  919:constexpr const char* digits2(size_t value) {
        -:  920:  // GCC generates slightly better code when value is pointer-size.
        -:  921:  return &"0001020304050607080910111213141516171819"
        -:  922:         "2021222324252627282930313233343536373839"
        -:  923:         "4041424344454647484950515253545556575859"
        -:  924:         "6061626364656667686970717273747576777879"
    #####:  925:         "8081828384858687888990919293949596979899"[value * 2];
        -:  926:}
        -:  927:
        -:  928:// Sign is a template parameter to workaround a bug in gcc 4.8.
function char fmt::v8::detail::sign<char, fmt::v8::sign::type>(fmt::v8::sign::type) called 0 returned 0% blocks executed 0%
    #####:  929:template <typename Char, typename Sign> constexpr Char sign(Sign s) {
        -:  930:#if !FMT_GCC_VERSION || FMT_GCC_VERSION >= 604
        -:  931:  static_assert(std::is_same<Sign, sign_t>::value, "");
        -:  932:#endif
    #####:  933:  return static_cast<Char>("\0-+ "[s]);
        -:  934:}
        -:  935:
    #####:  936:template <typename T> FMT_CONSTEXPR auto count_digits_fallback(T n) -> int {
    #####:  937:  int count = 1;
        -:  938:  for (;;) {
        -:  939:    // Integer division is slow so do it for a group of four digits instead
        -:  940:    // of for every digit. The idea comes from the talk by Alexandrescu
        -:  941:    // "Three Optimization Tips for C++". See speed-test for a comparison.
    #####:  942:    if (n < 10) return count;
    #####:  943:    if (n < 100) return count + 1;
    #####:  944:    if (n < 1000) return count + 2;
    #####:  945:    if (n < 10000) return count + 3;
    #####:  946:    n /= 10000u;
    #####:  947:    count += 4;
        -:  948:  }
        -:  949:}
------------------
int fmt::v8::detail::count_digits_fallback<unsigned int>(unsigned int):
function int fmt::v8::detail::count_digits_fallback<unsigned int>(unsigned int) called 0 returned 0% blocks executed 0%
    #####:  936:template <typename T> FMT_CONSTEXPR auto count_digits_fallback(T n) -> int {
    #####:  937:  int count = 1;
        -:  938:  for (;;) {
        -:  939:    // Integer division is slow so do it for a group of four digits instead
        -:  940:    // of for every digit. The idea comes from the talk by Alexandrescu
        -:  941:    // "Three Optimization Tips for C++". See speed-test for a comparison.
    #####:  942:    if (n < 10) return count;
branch  0 never executed (fallthrough)
branch  1 never executed
    #####:  943:    if (n < 100) return count + 1;
branch  0 never executed (fallthrough)
branch  1 never executed
    #####:  944:    if (n < 1000) return count + 2;
branch  0 never executed (fallthrough)
branch  1 never executed
    #####:  945:    if (n < 10000) return count + 3;
branch  0 never executed (fallthrough)
branch  1 never executed
    #####:  946:    n /= 10000u;
    #####:  947:    count += 4;
        -:  948:  }
        -:  949:}
------------------
int fmt::v8::detail::count_digits_fallback<unsigned long>(unsigned long):
function int fmt::v8::detail::count_digits_fallback<unsigned long>(unsigned long) called 0 returned 0% blocks executed 0%
    #####:  936:template <typename T> FMT_CONSTEXPR auto count_digits_fallback(T n) -> int {
    #####:  937:  int count = 1;
        -:  938:  for (;;) {
        -:  939:    // Integer division is slow so do it for a group of four digits instead
        -:  940:    // of for every digit. The idea comes from the talk by Alexandrescu
        -:  941:    // "Three Optimization Tips for C++". See speed-test for a comparison.
    #####:  942:    if (n < 10) return count;
branch  0 never executed (fallthrough)
branch  1 never executed
    #####:  943:    if (n < 100) return count + 1;
branch  0 never executed (fallthrough)
branch  1 never executed
    #####:  944:    if (n < 1000) return count + 2;
branch  0 never executed (fallthrough)
branch  1 never executed
    #####:  945:    if (n < 10000) return count + 3;
branch  0 never executed (fallthrough)
branch  1 never executed
    #####:  946:    n /= 10000u;
    #####:  947:    count += 4;
        -:  948:  }
        -:  949:}
------------------
int fmt::v8::detail::count_digits_fallback<unsigned __int128>(unsigned __int128):
function int fmt::v8::detail::count_digits_fallback<unsigned __int128>(unsigned __int128) called 0 returned 0% blocks executed 0%
    #####:  936:template <typename T> FMT_CONSTEXPR auto count_digits_fallback(T n) -> int {
    #####:  937:  int count = 1;
        -:  938:  for (;;) {
        -:  939:    // Integer division is slow so do it for a group of four digits instead
        -:  940:    // of for every digit. The idea comes from the talk by Alexandrescu
        -:  941:    // "Three Optimization Tips for C++". See speed-test for a comparison.
    #####:  942:    if (n < 10) return count;
branch  0 never executed (fallthrough)
branch  1 never executed
    #####:  943:    if (n < 100) return count + 1;
branch  0 never executed (fallthrough)
branch  1 never executed
    #####:  944:    if (n < 1000) return count + 2;
branch  0 never executed (fallthrough)
branch  1 never executed
    #####:  945:    if (n < 10000) return count + 3;
branch  0 never executed (fallthrough)
branch  1 never executed
    #####:  946:    n /= 10000u;
    #####:  947:    count += 4;
        -:  948:  }
        -:  949:}
------------------
        -:  950:#if FMT_USE_INT128
function fmt::v8::detail::count_digits(unsigned __int128) called 0 returned 0% blocks executed 0%
    #####:  951:FMT_CONSTEXPR inline auto count_digits(uint128_t n) -> int {
    #####:  952:  return count_digits_fallback(n);
call    0 never executed
        -:  953:}
        -:  954:#endif
        -:  955:
        -:  956:#ifdef FMT_BUILTIN_CLZLL
        -:  957:// It is a separate function rather than a part of count_digits to workaround
        -:  958:// the lack of static constexpr in constexpr functions.
function fmt::v8::detail::do_count_digits(unsigned long) called 0 returned 0% blocks executed 0%
    #####:  959:inline auto do_count_digits(uint64_t n) -> int {
        -:  960:  // This has comparable performance to the version by Kendall Willets
        -:  961:  // (https://github.com/fmtlib/format-benchmark/blob/master/digits10)
        -:  962:  // but uses smaller tables.
        -:  963:  // Maps bsr(n) to ceil(log10(pow(2, bsr(n) + 1) - 1)).
        -:  964:  static constexpr uint8_t bsr2log10[] = {
        -:  965:      1,  1,  1,  2,  2,  2,  3,  3,  3,  4,  4,  4,  4,  5,  5,  5,
        -:  966:      6,  6,  6,  7,  7,  7,  7,  8,  8,  8,  9,  9,  9,  10, 10, 10,
        -:  967:      10, 11, 11, 11, 12, 12, 12, 13, 13, 13, 13, 14, 14, 14, 15, 15,
        -:  968:      15, 16, 16, 16, 16, 17, 17, 17, 18, 18, 18, 19, 19, 19, 19, 20};
    #####:  969:  auto t = bsr2log10[FMT_BUILTIN_CLZLL(n | 1) ^ 63];
        -:  970:  static constexpr const uint64_t zero_or_powers_of_10[] = {
        -:  971:      0, 0, FMT_POWERS_OF_10(1U), FMT_POWERS_OF_10(1000000000ULL),
        -:  972:      10000000000000000000ULL};
    #####:  973:  return t - (n < zero_or_powers_of_10[t]);
        -:  974:}
        -:  975:#endif
        -:  976:
        -:  977:// Returns the number of decimal digits in n. Leading zeros are not counted
        -:  978:// except for n == 0 in which case count_digits returns 1.
function fmt::v8::detail::count_digits(unsigned long) called 0 returned 0% blocks executed 0%
    #####:  979:FMT_CONSTEXPR20 inline auto count_digits(uint64_t n) -> int {
        -:  980:#ifdef FMT_BUILTIN_CLZLL
    #####:  981:  if (!is_constant_evaluated()) {
branch  0 never executed (fallthrough)
branch  1 never executed
    #####:  982:    return do_count_digits(n);
call    0 never executed
        -:  983:  }
        -:  984:#endif
    #####:  985:  return count_digits_fallback(n);
call    0 never executed
        -:  986:}
        -:  987:
        -:  988:// Counts the number of digits in n. BITS = log2(radix).
        -:  989:template <int BITS, typename UInt>
    #####:  990:FMT_CONSTEXPR auto count_digits(UInt n) -> int {
        -:  991:#ifdef FMT_BUILTIN_CLZ
    #####:  992:  if (num_bits<UInt>() == 32)
    #####:  993:    return (FMT_BUILTIN_CLZ(static_cast<uint32_t>(n) | 1) ^ 31) / BITS + 1;
        -:  994:#endif
        -:  995:  // Lambda avoids unreachable code warnings from NVHPC.
    #####:  996:  return [](UInt m) {
    #####:  997:    int num_digits = 0;
        -:  998:    do {
    #####:  999:      ++num_digits;
    #####: 1000:    } while ((m >>= BITS) != 0);
branch  0 never executed (fallthrough)
branch  1 never executed
branch  2 never executed (fallthrough)
[...]
        -: 2856:    // Output: "1, 2, 3"
        -: 2857:
        -: 2858:  ``fmt::join`` applies passed format specifiers to the range elements::
        -: 2859:
        -: 2860:    fmt::print("{:02}", fmt::join(v, ", "));
        -: 2861:    // Output: "01, 02, 03"
        -: 2862:  \endrst
        -: 2863: */
        -: 2864:template <typename Range>
        -: 2865:auto join(Range&& range, string_view sep)
        -: 2866:    -> join_view<detail::iterator_t<Range>, detail::sentinel_t<Range>> {
        -: 2867:  return join(std::begin(range), std::end(range), sep);
        -: 2868:}
        -: 2869:
        -: 2870:/**
        -: 2871:  \rst
        -: 2872:  Converts *value* to ``std::string`` using the default format for type *T*.
        -: 2873:
        -: 2874:  **Example**::
        -: 2875:
        -: 2876:    #include <fmt/format.h>
        -: 2877:
        -: 2878:    std::string answer = fmt::to_string(42);
        -: 2879:  \endrst
        -: 2880: */
        -: 2881:template <typename T, FMT_ENABLE_IF(!std::is_integral<T>::value)>
        -: 2882:inline auto to_string(const T& value) -> std::string {
        -: 2883:  auto result = std::string();
        -: 2884:  detail::write<char>(std::back_inserter(result), value);
        -: 2885:  return result;
        -: 2886:}
        -: 2887:
        -: 2888:template <typename T, FMT_ENABLE_IF(std::is_integral<T>::value)>
        -: 2889:FMT_NODISCARD inline auto to_string(T value) -> std::string {
        -: 2890:  // The buffer should be large enough to store the number including the sign
        -: 2891:  // or "false" for bool.
        -: 2892:  constexpr int max_size = detail::digits10<T>() + 2;
        -: 2893:  char buffer[max_size > 5 ? static_cast<unsigned>(max_size) : 5];
        -: 2894:  char* begin = buffer;
        -: 2895:  return std::string(begin, detail::write<char>(begin, value));
        -: 2896:}
        -: 2897:
        -: 2898:template <typename Char, size_t SIZE>
        -: 2899:FMT_NODISCARD auto to_string(const basic_memory_buffer<Char, SIZE>& buf)
        -: 2900:    -> std::basic_string<Char> {
        -: 2901:  auto size = buf.size();
        -: 2902:  detail::assume(size < std::basic_string<Char>().max_size());
        -: 2903:  return std::basic_string<Char>(buf.data(), size);
        -: 2904:}
        -: 2905:
        -: 2906:FMT_BEGIN_DETAIL_NAMESPACE
        -: 2907:
        -: 2908:template <typename Char>
function void fmt::v8::detail::vformat_to<char>(fmt::v8::detail::buffer<char>&, fmt::v8::basic_string_view<char>, fmt::v8::basic_format_args<fmt::v8::basic_format_context<std::conditional<std::is_same<fmt::v8::type_identity<char>::type, char>::value, fmt::v8::appender, std::back_insert_iterator<fmt::v8::detail::buffer<fmt::v8::type_identity<char>::type> > >::type, fmt::v8::type_identity<char>::type> >, fmt::v8::detail::locale_ref) called 0 returned 0% blocks executed 0%
    #####: 2909:void vformat_to(
        -: 2910:    buffer<Char>& buf, basic_string_view<Char> fmt,
        -: 2911:    basic_format_args<FMT_BUFFER_CONTEXT(type_identity_t<Char>)> args,
        -: 2912:    locale_ref loc) {
        -: 2913:  // workaround for msvc bug regarding name-lookup in module
        -: 2914:  // link names into function scope
        -: 2915:  using detail::arg_formatter;
        -: 2916:  using detail::buffer_appender;
        -: 2917:  using detail::custom_formatter;
        -: 2918:  using detail::default_arg_formatter;
        -: 2919:  using detail::get_arg;
        -: 2920:  using detail::locale_ref;
        -: 2921:  using detail::parse_format_specs;
        -: 2922:  using detail::specs_checker;
        -: 2923:  using detail::specs_handler;
        -: 2924:  using detail::to_unsigned;
        -: 2925:  using detail::type;
        -: 2926:  using detail::write;
    #####: 2927:  auto out = buffer_appender<Char>(buf);
call    0 never executed
    #####: 2928:  if (fmt.size() == 2 && equal2(fmt.data(), "{}")) {
branch  0 never executed (fallthrough)
branch  1 never executed
call    2 never executed
branch  3 never executed (fallthrough)
branch  4 never executed
    #####: 2929:    auto arg = args.get(0);
    #####: 2930:    if (!arg) error_handler().on_error("argument not found");
branch  0 never executed
branch  1 never executed
call    2 never executed
    #####: 2931:    visit_format_arg(default_arg_formatter<Char>{out, args, loc}, arg);
branch  0 never executed
branch  1 never executed
branch  2 never executed
branch  3 never executed
branch  4 never executed
branch  5 never executed
branch  6 never executed
branch  7 never executed
branch  8 never executed
branch  9 never executed
branch 10 never executed
branch 11 never executed
branch 12 never executed
branch 13 never executed
branch 14 never executed
branch 15 never executed
        -: 2932:    return;
        -: 2933:  }
        -: 2934:
        -: 2935:  struct format_handler : error_handler {
        -: 2936:    basic_format_parse_context<Char> parse_context;
        -: 2937:    buffer_context<Char> context;
        -: 2938:
function fmt::v8::detail::vformat_to<char>(fmt::v8::detail::buffer<char>&, fmt::v8::basic_string_view<char>, fmt::v8::basic_format_args<fmt::v8::basic_format_context<std::conditional<std::is_same<fmt::v8::type_identity<char>::type, char>::value, fmt::v8::appender, std::back_insert_iterator<fmt::v8::detail::buffer<fmt::v8::type_identity<char>::type> > >::type, fmt::v8::type_identity<char>::type> >, fmt::v8::detail::locale_ref)::format_handler::format_handler(fmt::v8::appender, fmt::v8::basic_string_view<char>, fmt::v8::basic_format_args<fmt::v8::basic_format_context<fmt::v8::appender, char> >, fmt::v8::detail::locale_ref) called 0 returned 0% blocks executed 0%
    #####: 2939:    format_handler(buffer_appender<Char> out, basic_string_view<Char> str,
        -: 2940:                   basic_format_args<buffer_context<Char>> args, locale_ref loc)
    #####: 2941:        : parse_context(str), context(out, args, loc) {}
call    0 never executed
call    1 never executed
        -: 2942:
function fmt::v8::detail::vformat_to<char>(fmt::v8::detail::buffer<char>&, fmt::v8::basic_string_view<char>, fmt::v8::basic_format_args<fmt::v8::basic_format_context<std::conditional<std::is_same<fmt::v8::type_identity<char>::type, char>::value, fmt::v8::appender, std::back_insert_iterator<fmt::v8::detail::buffer<fmt::v8::type_identity<char>::type> > >::type, fmt::v8::type_identity<char>::type> >, fmt::v8::detail::locale_ref)::format_handler::on_text(char const*, char const*) called 0 returned 0% blocks executed 0%
    #####: 2943:    void on_text(const Char* begin, const Char* end) {
    #####: 2944:      auto text = basic_string_view<Char>(begin, to_unsigned(end - begin));
call    0 never executed
call    1 never executed
    #####: 2945:      context.advance_to(write<Char>(context.out(), text));
call    0 never executed
call    1 never executed
call    2 never executed
    #####: 2946:    }
        -: 2947:
function fmt::v8::detail::vformat_to<char>(fmt::v8::detail::buffer<char>&, fmt::v8::basic_string_view<char>, fmt::v8::basic_format_args<fmt::v8::basic_format_context<std::conditional<std::is_same<fmt::v8::type_identity<char>::type, char>::value, fmt::v8::appender, std::back_insert_iterator<fmt::v8::detail::buffer<fmt::v8::type_identity<char>::type> > >::type, fmt::v8::type_identity<char>::type> >, fmt::v8::detail::locale_ref)::format_handler::on_arg_id() called 0 returned 0% blocks executed 0%
    #####: 2948:    FMT_CONSTEXPR auto on_arg_id() -> int {
    #####: 2949:      return parse_context.next_arg_id();
call    0 never executed
        -: 2950:    }
function fmt::v8::detail::vformat_to<char>(fmt::v8::detail::buffer<char>&, fmt::v8::basic_string_view<char>, fmt::v8::basic_format_args<fmt::v8::basic_format_context<std::conditional<std::is_same<fmt::v8::type_identity<char>::type, char>::value, fmt::v8::appender, std::back_insert_iterator<fmt::v8::detail::buffer<fmt::v8::type_identity<char>::type> > >::type, fmt::v8::type_identity<char>::type> >, fmt::v8::detail::locale_ref)::format_handler::on_arg_id(int) called 0 returned 0% blocks executed 0%
    #####: 2951:    FMT_CONSTEXPR auto on_arg_id(int id) -> int {
    #####: 2952:      return parse_context.check_arg_id(id), id;
call    0 never executed
        -: 2953:    }
function fmt::v8::detail::vformat_to<char>(fmt::v8::detail::buffer<char>&, fmt::v8::basic_string_view<char>, fmt::v8::basic_format_args<fmt::v8::basic_format_context<std::conditional<std::is_same<fmt::v8::type_identity<char>::type, char>::value, fmt::v8::appender, std::back_insert_iterator<fmt::v8::detail::buffer<fmt::v8::type_identity<char>::type> > >::type, fmt::v8::type_identity<char>::type> >, fmt::v8::detail::locale_ref)::format_handler::on_arg_id(fmt::v8::basic_string_view<char>) called 0 returned 0% blocks executed 0%
    #####: 2954:    FMT_CONSTEXPR auto on_arg_id(basic_string_view<Char> id) -> int {
    #####: 2955:      int arg_id = context.arg_id(id);
call    0 never executed
    #####: 2956:      if (arg_id < 0) on_error("argument not found");
branch  0 never executed (fallthrough)
branch  1 never executed
call    2 never executed
    #####: 2957:      return arg_id;
        -: 2958:    }
        -: 2959:
        -: 2960:    FMT_INLINE void on_replacement_field(int id, const Char*) {
    #####: 2961:      auto arg = get_arg(context, id);
call    0 never executed
call    1 never executed
    #####: 2962:      context.advance_to(visit_format_arg(
call    0 never executed
call    1 never executed
    #####: 2963:          default_arg_formatter<Char>{context.out(), context.args(),
call    0 never executed
call    1 never executed
call    2 never executed
call    3 never executed
    #####: 2964:                                      context.locale()},
call    0 never executed
branch  1 never executed
branch  2 never executed
branch  3 never executed
branch  4 never executed
branch  5 never executed
branch  6 never executed
branch  7 never executed
branch  8 never executed
branch  9 never executed
branch 10 never executed
branch 11 never executed
branch 12 never executed
branch 13 never executed
branch 14 never executed
branch 15 never executed
branch 16 never executed
call   17 never executed
branch 18 never executed
branch 19 never executed
branch 20 never executed
branch 21 never executed
branch 22 never executed
branch 23 never executed
branch 24 never executed
branch 25 never executed
branch 26 never executed
branch 27 never executed
branch 28 never executed
branch 29 never executed
branch 30 never executed
branch 31 never executed
branch 32 never executed
branch 33 never executed
        -: 2965:          arg));
    #####: 2966:    }
        -: 2967:
function fmt::v8::detail::vformat_to<char>(fmt::v8::detail::buffer<char>&, fmt::v8::basic_string_view<char>, fmt::v8::basic_format_args<fmt::v8::basic_format_context<std::conditional<std::is_same<fmt::v8::type_identity<char>::type, char>::value, fmt::v8::appender, std::back_insert_iterator<fmt::v8::detail::buffer<fmt::v8::type_identity<char>::type> > >::type, fmt::v8::type_identity<char>::type> >, fmt::v8::detail::locale_ref)::format_handler::on_format_specs(int, char const*, char const*) called 0 returned 0% blocks executed 0%
    #####: 2968:    auto on_format_specs(int id, const Char* begin, const Char* end)
        -: 2969:        -> const Char* {
    #####: 2970:      auto arg = get_arg(context, id);
call    0 never executed
    #####: 2971:      if (arg.type() == type::custom_type) {
branch  0 never executed (fallthrough)
branch  1 never executed
    #####: 2972:        parse_context.advance_to(parse_context.begin() +
call    0 never executed
        -: 2973:                                 (begin - &*parse_context.begin()));
    #####: 2974:        visit_format_arg(custom_formatter<Char>{parse_context, context}, arg);
branch  0 never executed
branch  1 never executed
branch  2 never executed
branch  3 never executed
branch  4 never executed
branch  5 never executed
branch  6 never executed
branch  7 never executed
branch  8 never executed
branch  9 never executed
branch 10 never executed
branch 11 never executed
branch 12 never executed
branch 13 never executed
branch 14 never executed
branch 15 never executed
    #####: 2975:        return parse_context.begin();
        -: 2976:      }
    #####: 2977:      auto specs = basic_format_specs<Char>();
    #####: 2978:      specs_checker<specs_handler<Char>> handler(
call    0 never executed
    #####: 2979:          specs_handler<Char>(specs, parse_context, context), arg.type());
call    0 never executed
branch  1 never executed (fallthrough)
branch  2 never executed
    #####: 2980:      begin = parse_format_specs(begin, end, handler);
    #####: 2981:      if (begin == end || *begin != '}')
branch  0 never executed (fallthrough)
branch  1 never executed
branch  2 never executed (fallthrough)
branch  3 never executed
    #####: 2982:        on_error("missing '}' in format string");
call    0 never executed
    #####: 2983:      auto f = arg_formatter<Char>{context.out(), specs, context.locale()};
call    0 never executed
call    1 never executed
    #####: 2984:      context.advance_to(visit_format_arg(f, arg));
branch  0 never executed
branch  1 never executed
branch  2 never executed
branch  3 never executed
branch  4 never executed
branch  5 never executed
branch  6 never executed
branch  7 never executed
branch  8 never executed
branch  9 never executed
branch 10 never executed
branch 11 never executed
branch 12 never executed
branch 13 never executed
branch 14 never executed
branch 15 never executed
call   16 never executed
    #####: 2985:      return begin;
        -: 2986:    }
        -: 2987:  };
    #####: 2988:  detail::parse_format_string<false>(fmt, format_handler(out, fmt, args, loc));
call    0 never executed
        -: 2989:}
        -: 2990:
        -: 2991:#ifndef FMT_HEADER_ONLY
        -: 2992:extern template FMT_API auto thousands_sep_impl<char>(locale_ref)
        -: 2993:    -> thousands_sep_result<char>;
        -: 2994:extern template FMT_API auto thousands_sep_impl<wchar_t>(locale_ref)
        -: 2995:    -> thousands_sep_result<wchar_t>;
        -: 2996:extern template FMT_API auto decimal_point_impl(locale_ref) -> char;
        -: 2997:extern template FMT_API auto decimal_point_impl(locale_ref) -> wchar_t;
        -: 2998:extern template auto format_float<double>(double value, int precision,
        -: 2999:                                          float_specs specs, buffer<char>& buf)
        -: 3000:    -> int;
        -: 3001:extern template auto format_float<long double>(long double value, int precision,
        -: 3002:                                               float_specs specs,
        -: 3003:                                               buffer<char>& buf) -> int;
        -: 3004:void snprintf_float(float, int, float_specs, buffer<char>&) = delete;
        -: 3005:extern template auto snprintf_float<double>(double value, int precision,
        -: 3006:                                            float_specs specs,
        -: 3007:                                            buffer<char>& buf) -> int;
        -: 3008:extern template auto snprintf_float<long double>(long double value,
        -: 3009:                                                 int precision,
        -: 3010:                                                 float_specs specs,
        -: 3011:                                                 buffer<char>& buf) -> int;
        -: 3012:#endif  // FMT_HEADER_ONLY
        -: 3013:
        -: 3014:FMT_END_DETAIL_NAMESPACE
        -: 3015:
        -: 3016:#if FMT_USE_USER_DEFINED_LITERALS
        -: 3017:inline namespace literals {
        -: 3018:/**
        -: 3019:  \rst
        -: 3020:  User-defined literal equivalent of :func:`fmt::arg`.
        -: 3021:
        -: 3022:  **Example**::
        -: 3023:
        -: 3024:    using namespace fmt::literals;
        -: 3025:    fmt::print("Elapsed time: {s:.2f} seconds", "s"_a=1.23);
        -: 3026:  \endrst
        -: 3027: */
        -: 3028:#  if FMT_USE_NONTYPE_TEMPLATE_PARAMETERS
        -: 3029:template <detail_exported::fixed_string Str>
        -: 3030:constexpr auto operator""_a()
        -: 3031:    -> detail::udl_arg<remove_cvref_t<decltype(Str.data[0])>,
        -: 3032:                       sizeof(Str.data) / sizeof(decltype(Str.data[0])), Str> {
        -: 3033:  return {};
        -: 3034:}
        -: 3035:#  else
        -: 3036:constexpr auto operator"" _a(const char* s, size_t) -> detail::udl_arg<char> {
        -: 3037:  return {s};
        -: 3038:}
        -: 3039:#  endif
        -: 3040:
        -: 3041:// DEPRECATED!
        -: 3042:// User-defined literal equivalent of fmt::format.
        -: 3043:FMT_DEPRECATED constexpr auto operator"" _format(const char* s, size_t n)
        -: 3044:    -> detail::udl_formatter<char> {
        -: 3045:  return {{s, n}};
        -: 3046:}
        -: 3047:}  // namespace literals
        -: 3048:#endif  // FMT_USE_USER_DEFINED_LITERALS
        -: 3049:
        -: 3050:template <typename Locale, FMT_ENABLE_IF(detail::is_locale<Locale>::value)>
        -: 3051:inline auto vformat(const Locale& loc, string_view fmt, format_args args)
        -: 3052:    -> std::string {
        -: 3053:  return detail::vformat(loc, fmt, args);
        -: 3054:}
        -: 3055:
        -: 3056:template <typename Locale, typename... T,
        -: 3057:          FMT_ENABLE_IF(detail::is_locale<Locale>::value)>
        -: 3058:inline auto format(const Locale& loc, format_string<T...> fmt, T&&... args)
        -: 3059:    -> std::string {
        -: 3060:  return vformat(loc, string_view(fmt), fmt::make_format_args(args...));
        -: 3061:}
        -: 3062:
        -: 3063:template <typename... T, size_t SIZE, typename Allocator>
        -: 3064:FMT_DEPRECATED auto format_to(basic_memory_buffer<char, SIZE, Allocator>& buf,
        -: 3065:                              format_string<T...> fmt, T&&... args)
        -: 3066:    -> appender {
        -: 3067:  detail::vformat_to(buf, string_view(fmt), fmt::make_format_args(args...));
        -: 3068:  return appender(buf);
        -: 3069:}
        -: 3070:
        -: 3071:template <typename OutputIt, typename Locale,
        -: 3072:          FMT_ENABLE_IF(detail::is_output_iterator<OutputIt, char>::value&&
        -: 3073:                            detail::is_locale<Locale>::value)>
        -: 3074:auto vformat_to(OutputIt out, const Locale& loc, string_view fmt,
        -: 3075:                format_args args) -> OutputIt {
        -: 3076:  using detail::get_buffer;
        -: 3077:  auto&& buf = get_buffer<char>(out);
        -: 3078:  detail::vformat_to(buf, fmt, args, detail::locale_ref(loc));
        -: 3079:  return detail::get_iterator(buf);
        -: 3080:}
        -: 3081:
        -: 3082:template <typename OutputIt, typename Locale, typename... T,
        -: 3083:          FMT_ENABLE_IF(detail::is_output_iterator<OutputIt, char>::value&&
        -: 3084:                            detail::is_locale<Locale>::value)>
        -: 3085:FMT_INLINE auto format_to(OutputIt out, const Locale& loc,
        -: 3086:                          format_string<T...> fmt, T&&... args) -> OutputIt {
        -: 3087:  return vformat_to(out, loc, fmt, fmt::make_format_args(args...));
        -: 3088:}
        -: 3089:
        -: 3090:FMT_MODULE_EXPORT_END
        -: 3091:FMT_END_NAMESPACE
        -: 3092:
        -: 3093:#ifdef FMT_DEPRECATED_INCLUDE_XCHAR
        -: 3094:#  include "xchar.h"
        -: 3095:#endif
        -: 3096:
        -: 3097:#ifdef FMT_HEADER_ONLY
        -: 3098:#  define FMT_FUNC inline
        -: 3099:#  include "format-inl.h"
        -: 3100:#else
        -: 3101:#  define FMT_FUNC
        -: 3102:#endif
        -: 3103:
        -: 3104:#endif  // FMT_FORMAT_H_
